This is XeTeX, Version 3.14159265-2.6-0.999991 (MiKTeX 2.9.7250 64-bit) (preloaded format=xelatex 2019.12.15)  14 JAN 2020 23:14
entering extended mode
**"./EightyAphorismsAndMaxims JUST INSIDE.tex"
("EightyAphorismsAndMaxims JUST INSIDE.tex"
LaTeX2e <2019-10-01> patch level 3
("C:\Program Files\MiKTeX 2.9\tex/latex/base\book.cls"
Document Class: book 2019/10/25 v1.4k Standard LaTeX document class
("C:\Program Files\MiKTeX 2.9\tex/latex/base\bk12.clo"
File: bk12.clo 2019/10/25 v1.4k Standard LaTeX file (size option)
)
\c@part=\count80
\c@chapter=\count81
\c@section=\count82
\c@subsection=\count83
\c@subsubsection=\count84
\c@paragraph=\count85
\c@subparagraph=\count86
\c@figure=\count87
\c@table=\count88
\abovecaptionskip=\skip41
\belowcaptionskip=\skip42
\bibindent=\dimen102
)
(C:\Users\gabri\AppData\Roaming\MiKTeX\2.9\tex/latex/geometry-de\geometry.sty
Package: geometry 2010/09/12 v5.6 Page Geometry

("C:\Program Files\MiKTeX 2.9\tex/latex/graphics\keyval.sty"
Package: keyval 2014/10/28 v1.15 key=value parser (DPC)
\KV@toks@=\toks14
)
("C:\Program Files\MiKTeX 2.9\tex/generic/iftex\ifpdf.sty"
Package: ifpdf 2019/10/25 v3.4 ifpdf legacy package. Use iftex instead.

("C:\Program Files\MiKTeX 2.9\tex/generic/iftex\iftex.sty"
Package: iftex 2019/11/07 v1.0c TeX engine tests
))
("C:\Program Files\MiKTeX 2.9\tex/generic/iftex\ifvtex.sty"
Package: ifvtex 2019/10/25 v1.7 ifvtex legacy package. Use iftex instead.
)
("C:\Program Files\MiKTeX 2.9\tex/generic/iftex\ifxetex.sty"
Package: ifxetex 2019/10/25 v0.7 ifxetex legacy package. Use iftex instead.
)
\Gm@cnth=\count89
\Gm@cntv=\count90
\c@Gm@tempcnt=\count91
\Gm@bindingoffset=\dimen103
\Gm@wd@mp=\dimen104
\Gm@odd@mp=\dimen105
\Gm@even@mp=\dimen106
\Gm@layoutwidth=\dimen107
\Gm@layoutheight=\dimen108
\Gm@layouthoffset=\dimen109
\Gm@layoutvoffset=\dimen110
\Gm@dimlist=\toks15

("C:\Program Files\MiKTeX 2.9\tex/xelatex/xetexconfig\geometry.cfg"))
(C:\Users\gabri\AppData\Roaming\MiKTeX\2.9\tex/generic/genmisc\nth.sty
Package: nth 2002/02/27
)
(C:\Users\gabri\AppData\Roaming\MiKTeX\2.9\tex/latex/parskip\parskip.sty
Package: parskip 2019-01-16 v2.0c non-zero parskip adjustments

("C:\Program Files\MiKTeX 2.9\tex/latex/oberdiek\kvoptions.sty"
Package: kvoptions 2016/05/16 v3.12 Key value format for package options (HO)

("C:\Program Files\MiKTeX 2.9\tex/generic/oberdiek\ltxcmds.sty"
Package: ltxcmds 2016/05/16 v1.23 LaTeX kernel commands for general use (HO)
)
("C:\Program Files\MiKTeX 2.9\tex/generic/oberdiek\kvsetkeys.sty"
Package: kvsetkeys 2016/05/16 v1.17 Key value parser (HO)

("C:\Program Files\MiKTeX 2.9\tex/generic/oberdiek\infwarerr.sty"
Package: infwarerr 2016/05/16 v1.4 Providing info/warning/error messages (HO)
)
("C:\Program Files\MiKTeX 2.9\tex/generic/oberdiek\etexcmds.sty"
Package: etexcmds 2016/05/16 v1.6 Avoid name clashes with e-TeX commands (HO)

("C:\Program Files\MiKTeX 2.9\tex/generic/iftex\ifluatex.sty"
Package: ifluatex 2019/10/25 v1.5 ifluatex legacy package. Use iftex instead.
))))
("C:\Program Files\MiKTeX 2.9\tex/latex/etoolbox\etoolbox.sty"
Package: etoolbox 2019/09/21 v2.5h e-TeX tools for LaTeX (JAW)
\etb@tempcnta=\count92
))
("C:\Program Files\MiKTeX 2.9\tex/latex/url\url.sty"
\Urlmuskip=\muskip10
Package: url 2013/09/16  ver 3.4  Verb mode for urls, etc.
)
("C:\Program Files\MiKTeX 2.9\tex/latex/amsmath\amsmath.sty"
Package: amsmath 2019/11/16 v2.17d AMS math features
\@mathmargin=\skip43

For additional information on amsmath, use the `?' option.
("C:\Program Files\MiKTeX 2.9\tex/latex/amsmath\amstext.sty"
Package: amstext 2000/06/29 v2.01 AMS text

("C:\Program Files\MiKTeX 2.9\tex/latex/amsmath\amsgen.sty"
File: amsgen.sty 1999/11/30 v2.0 generic functions
\@emptytoks=\toks16
\ex@=\dimen111
))
("C:\Program Files\MiKTeX 2.9\tex/latex/amsmath\amsbsy.sty"
Package: amsbsy 1999/11/29 v1.2d Bold Symbols
\pmbraise@=\dimen112
)
("C:\Program Files\MiKTeX 2.9\tex/latex/amsmath\amsopn.sty"
Package: amsopn 2016/03/08 v2.02 operator names
)
\inf@bad=\count93
LaTeX Info: Redefining \frac on input line 227.
\uproot@=\count94
\leftroot@=\count95
LaTeX Info: Redefining \overline on input line 389.
\classnum@=\count96
\DOTSCASE@=\count97
LaTeX Info: Redefining \ldots on input line 486.
LaTeX Info: Redefining \dots on input line 489.
LaTeX Info: Redefining \cdots on input line 610.
\Mathstrutbox@=\box27
\strutbox@=\box28
\big@size=\dimen113
LaTeX Font Info:    Redeclaring font encoding OML on input line 733.
LaTeX Font Info:    Redeclaring font encoding OMS on input line 734.
\macc@depth=\count98
\c@MaxMatrixCols=\count99
\dotsspace@=\muskip11
\c@parentequation=\count100
\dspbrk@lvl=\count101
\tag@help=\toks17
\row@=\count102
\column@=\count103
\maxfields@=\count104
\andhelp@=\toks18
\eqnshift@=\dimen114
\alignsep@=\dimen115
\tagshift@=\dimen116
\tagwidth@=\dimen117
\totwidth@=\dimen118
\lineht@=\dimen119
\@envbody=\toks19
\multlinegap=\skip44
\multlinetaggap=\skip45
\mathdisplay@stack=\toks20
LaTeX Info: Redefining \[ on input line 2858.
LaTeX Info: Redefining \] on input line 2859.
)
("C:\Program Files\MiKTeX 2.9\tex/latex/amsfonts\amssymb.sty"
Package: amssymb 2013/01/14 v3.01 AMS font symbols

("C:\Program Files\MiKTeX 2.9\tex/latex/amsfonts\amsfonts.sty"
Package: amsfonts 2013/01/14 v3.01 Basic AMSFonts support
\symAMSa=\mathgroup4
\symAMSb=\mathgroup5
LaTeX Font Info:    Redeclaring math symbol \hbar on input line 98.
LaTeX Font Info:    Overwriting math alphabet `\mathfrak' in version `bold'
(Font)                  U/euf/m/n --> U/euf/b/n on input line 106.
))
("C:\Program Files\MiKTeX 2.9\tex/latex/graphics\graphicx.sty"
Package: graphicx 2017/06/01 v1.1a Enhanced LaTeX Graphics (DPC,SPQR)

("C:\Program Files\MiKTeX 2.9\tex/latex/graphics\graphics.sty"
Package: graphics 2019/11/01 v1.3d Standard LaTeX Graphics (DPC,SPQR)

("C:\Program Files\MiKTeX 2.9\tex/latex/graphics\trig.sty"
Package: trig 2016/01/03 v1.10 sin cos tan (DPC)
)
("C:\Program Files\MiKTeX 2.9\tex/latex/graphics-cfg\graphics.cfg"
File: graphics.cfg 2016/06/04 v1.11 sample graphics configuration
)
Package graphics Info: Driver file: xetex.def on input line 105.

("C:\Program Files\MiKTeX 2.9\tex/latex/graphics-def\xetex.def"
File: xetex.def 2017/06/24 v5.0h Graphics/color driver for xetex
))
\Gin@req@height=\dimen120
\Gin@req@width=\dimen121
)
("C:\Program Files\MiKTeX 2.9\tex/latex/oberdiek\transparent.sty"
Package: transparent 2018/11/18 v1.3 Transparency via pdfTeX's color stack (HO)



Package transparent Warning: Loading aborted, because pdfTeX is not running in 
PDF mode.

)
(C:\Users\gabri\AppData\Roaming\MiKTeX\2.9\tex/latex/background\background.sty
Package: background 2014/03/04 v2.1 background material

("C:\Program Files\MiKTeX 2.9\tex/latex/xkeyval\xkeyval.sty"
Package: xkeyval 2014/12/03 v2.7a package option processing (HA)

("C:\Program Files\MiKTeX 2.9\tex/generic/xkeyval\xkeyval.tex"
("C:\Program Files\MiKTeX 2.9\tex/generic/xkeyval\xkvutils.tex"
\XKV@toks=\toks21
\XKV@tempa@toks=\toks22
)
\XKV@depth=\count105
File: xkeyval.tex 2014/12/03 v2.7a key=value parser (HA)
))
(C:\Users\gabri\AppData\Roaming\MiKTeX\2.9\tex/latex/pgf/frontendlayer\tikz.sty
(C:\Users\gabri\AppData\Roaming\MiKTeX\2.9\tex/latex/pgf/basiclayer\pgf.sty
(C:\Users\gabri\AppData\Roaming\MiKTeX\2.9\tex/latex/pgf/utilities\pgfrcs.sty
(C:\Users\gabri\AppData\Roaming\MiKTeX\2.9\tex/generic/pgf/utilities\pgfutil-co
mmon.tex
\pgfutil@everybye=\toks23
\pgfutil@tempdima=\dimen122
\pgfutil@tempdimb=\dimen123

(C:\Users\gabri\AppData\Roaming\MiKTeX\2.9\tex/generic/pgf/utilities\pgfutil-co
mmon-lists.tex))
(C:\Users\gabri\AppData\Roaming\MiKTeX\2.9\tex/generic/pgf/utilities\pgfutil-la
tex.def
\pgfutil@abb=\box29
 ("C:\Program Files\MiKTeX 2.9\tex/latex/ms\everyshi.sty"
Package: everyshi 2001/05/15 v3.00 EveryShipout Package (MS)
))
(C:\Users\gabri\AppData\Roaming\MiKTeX\2.9\tex/generic/pgf/utilities\pgfrcs.cod
e.tex
(C:\Users\gabri\AppData\Roaming\MiKTeX\2.9\tex/generic/pgf\pgf.revision.tex)
Package: pgfrcs 2019/12/21 v3.1.5a (3.1.5a)
))
Package: pgf 2019/12/21 v3.1.5a (3.1.5a)

(C:\Users\gabri\AppData\Roaming\MiKTeX\2.9\tex/latex/pgf/basiclayer\pgfcore.sty

(C:\Users\gabri\AppData\Roaming\MiKTeX\2.9\tex/latex/pgf/systemlayer\pgfsys.sty

(C:\Users\gabri\AppData\Roaming\MiKTeX\2.9\tex/generic/pgf/systemlayer\pgfsys.c
ode.tex
Package: pgfsys 2019/12/21 v3.1.5a (3.1.5a)

(C:\Users\gabri\AppData\Roaming\MiKTeX\2.9\tex/generic/pgf/utilities\pgfkeys.co
de.tex
\pgfkeys@pathtoks=\toks24
\pgfkeys@temptoks=\toks25

(C:\Users\gabri\AppData\Roaming\MiKTeX\2.9\tex/generic/pgf/utilities\pgfkeysfil
tered.code.tex
\pgfkeys@tmptoks=\toks26
))
\pgf@x=\dimen124
\pgf@y=\dimen125
\pgf@xa=\dimen126
\pgf@ya=\dimen127
\pgf@xb=\dimen128
\pgf@yb=\dimen129
\pgf@xc=\dimen130
\pgf@yc=\dimen131
\pgf@xd=\dimen132
\pgf@yd=\dimen133
\w@pgf@writea=\write3
\r@pgf@reada=\read1
\c@pgf@counta=\count106
\c@pgf@countb=\count107
\c@pgf@countc=\count108
\c@pgf@countd=\count109
\t@pgf@toka=\toks27
\t@pgf@tokb=\toks28
\t@pgf@tokc=\toks29
\pgf@sys@id@count=\count110

(C:\Users\gabri\AppData\Roaming\MiKTeX\2.9\tex/generic/pgf/systemlayer\pgf.cfg
File: pgf.cfg 2019/12/21 v3.1.5a (3.1.5a)
)
Driver file for pgf: pgfsys-xetex.def

(C:\Users\gabri\AppData\Roaming\MiKTeX\2.9\tex/generic/pgf/systemlayer\pgfsys-x
etex.def
File: pgfsys-xetex.def 2019/12/21 v3.1.5a (3.1.5a)

(C:\Users\gabri\AppData\Roaming\MiKTeX\2.9\tex/generic/pgf/systemlayer\pgfsys-d
vipdfmx.def
File: pgfsys-dvipdfmx.def 2019/12/21 v3.1.5a (3.1.5a)

(C:\Users\gabri\AppData\Roaming\MiKTeX\2.9\tex/generic/pgf/systemlayer\pgfsys-c
ommon-pdf.def
File: pgfsys-common-pdf.def 2019/12/21 v3.1.5a (3.1.5a)
)
\pgfsys@objnum=\count111
)))
(C:\Users\gabri\AppData\Roaming\MiKTeX\2.9\tex/generic/pgf/systemlayer\pgfsysso
ftpath.code.tex
File: pgfsyssoftpath.code.tex 2019/12/21 v3.1.5a (3.1.5a)
\pgfsyssoftpath@smallbuffer@items=\count112
\pgfsyssoftpath@bigbuffer@items=\count113
)
(C:\Users\gabri\AppData\Roaming\MiKTeX\2.9\tex/generic/pgf/systemlayer\pgfsyspr
otocol.code.tex
File: pgfsysprotocol.code.tex 2019/12/21 v3.1.5a (3.1.5a)
)) ("C:\Program Files\MiKTeX 2.9\tex/latex/xcolor\xcolor.sty"
Package: xcolor 2016/05/11 v2.12 LaTeX color extensions (UK)

("C:\Program Files\MiKTeX 2.9\tex/latex/graphics-cfg\color.cfg"
File: color.cfg 2016/01/02 v1.6 sample color configuration
)
Package xcolor Info: Driver file: xetex.def on input line 225.
Package xcolor Info: Model `cmy' substituted by `cmy0' on input line 1348.
Package xcolor Info: Model `RGB' extended on input line 1364.
Package xcolor Info: Model `HTML' substituted by `rgb' on input line 1366.
Package xcolor Info: Model `Hsb' substituted by `hsb' on input line 1367.
Package xcolor Info: Model `tHsb' substituted by `hsb' on input line 1368.
Package xcolor Info: Model `HSB' substituted by `hsb' on input line 1369.
Package xcolor Info: Model `Gray' substituted by `gray' on input line 1370.
Package xcolor Info: Model `wave' substituted by `hsb' on input line 1371.
)
(C:\Users\gabri\AppData\Roaming\MiKTeX\2.9\tex/generic/pgf/basiclayer\pgfcore.c
ode.tex
Package: pgfcore 2019/12/21 v3.1.5a (3.1.5a)

(C:\Users\gabri\AppData\Roaming\MiKTeX\2.9\tex/generic/pgf/math\pgfmath.code.te
x
(C:\Users\gabri\AppData\Roaming\MiKTeX\2.9\tex/generic/pgf/math\pgfmathcalc.cod
e.tex
(C:\Users\gabri\AppData\Roaming\MiKTeX\2.9\tex/generic/pgf/math\pgfmathutil.cod
e.tex)
(C:\Users\gabri\AppData\Roaming\MiKTeX\2.9\tex/generic/pgf/math\pgfmathparser.c
ode.tex
\pgfmath@dimen=\dimen134
\pgfmath@count=\count114
\pgfmath@box=\box30
\pgfmath@toks=\toks30
\pgfmath@stack@operand=\toks31
\pgfmath@stack@operation=\toks32
)
(C:\Users\gabri\AppData\Roaming\MiKTeX\2.9\tex/generic/pgf/math\pgfmathfunction
s.code.tex
(C:\Users\gabri\AppData\Roaming\MiKTeX\2.9\tex/generic/pgf/math\pgfmathfunction
s.basic.code.tex)
(C:\Users\gabri\AppData\Roaming\MiKTeX\2.9\tex/generic/pgf/math\pgfmathfunction
s.trigonometric.code.tex)
(C:\Users\gabri\AppData\Roaming\MiKTeX\2.9\tex/generic/pgf/math\pgfmathfunction
s.random.code.tex)
(C:\Users\gabri\AppData\Roaming\MiKTeX\2.9\tex/generic/pgf/math\pgfmathfunction
s.comparison.code.tex)
(C:\Users\gabri\AppData\Roaming\MiKTeX\2.9\tex/generic/pgf/math\pgfmathfunction
s.base.code.tex)
(C:\Users\gabri\AppData\Roaming\MiKTeX\2.9\tex/generic/pgf/math\pgfmathfunction
s.round.code.tex)
(C:\Users\gabri\AppData\Roaming\MiKTeX\2.9\tex/generic/pgf/math\pgfmathfunction
s.misc.code.tex)
(C:\Users\gabri\AppData\Roaming\MiKTeX\2.9\tex/generic/pgf/math\pgfmathfunction
s.integerarithmetics.code.tex)))
(C:\Users\gabri\AppData\Roaming\MiKTeX\2.9\tex/generic/pgf/math\pgfmathfloat.co
de.tex
\c@pgfmathroundto@lastzeros=\count115
))
(C:\Users\gabri\AppData\Roaming\MiKTeX\2.9\tex/generic/pgf/math\pgfint.code.tex
)
(C:\Users\gabri\AppData\Roaming\MiKTeX\2.9\tex/generic/pgf/basiclayer\pgfcorepo
ints.code.tex
File: pgfcorepoints.code.tex 2019/12/21 v3.1.5a (3.1.5a)
\pgf@picminx=\dimen135
\pgf@picmaxx=\dimen136
\pgf@picminy=\dimen137
\pgf@picmaxy=\dimen138
\pgf@pathminx=\dimen139
\pgf@pathmaxx=\dimen140
\pgf@pathminy=\dimen141
\pgf@pathmaxy=\dimen142
\pgf@xx=\dimen143
\pgf@xy=\dimen144
\pgf@yx=\dimen145
\pgf@yy=\dimen146
\pgf@zx=\dimen147
\pgf@zy=\dimen148
)
(C:\Users\gabri\AppData\Roaming\MiKTeX\2.9\tex/generic/pgf/basiclayer\pgfcorepa
thconstruct.code.tex
File: pgfcorepathconstruct.code.tex 2019/12/21 v3.1.5a (3.1.5a)
\pgf@path@lastx=\dimen149
\pgf@path@lasty=\dimen150
)
(C:\Users\gabri\AppData\Roaming\MiKTeX\2.9\tex/generic/pgf/basiclayer\pgfcorepa
thusage.code.tex
File: pgfcorepathusage.code.tex 2019/12/21 v3.1.5a (3.1.5a)
\pgf@shorten@end@additional=\dimen151
\pgf@shorten@start@additional=\dimen152
)
(C:\Users\gabri\AppData\Roaming\MiKTeX\2.9\tex/generic/pgf/basiclayer\pgfcoresc
opes.code.tex
File: pgfcorescopes.code.tex 2019/12/21 v3.1.5a (3.1.5a)
\pgfpic=\box31
\pgf@hbox=\box32
\pgf@layerbox@main=\box33
\pgf@picture@serial@count=\count116
)
(C:\Users\gabri\AppData\Roaming\MiKTeX\2.9\tex/generic/pgf/basiclayer\pgfcoregr
aphicstate.code.tex
File: pgfcoregraphicstate.code.tex 2019/12/21 v3.1.5a (3.1.5a)
\pgflinewidth=\dimen153
)
(C:\Users\gabri\AppData\Roaming\MiKTeX\2.9\tex/generic/pgf/basiclayer\pgfcoretr
ansformations.code.tex
File: pgfcoretransformations.code.tex 2019/12/21 v3.1.5a (3.1.5a)
\pgf@pt@x=\dimen154
\pgf@pt@y=\dimen155
\pgf@pt@temp=\dimen156
)
(C:\Users\gabri\AppData\Roaming\MiKTeX\2.9\tex/generic/pgf/basiclayer\pgfcorequ
ick.code.tex
File: pgfcorequick.code.tex 2019/12/21 v3.1.5a (3.1.5a)
)
(C:\Users\gabri\AppData\Roaming\MiKTeX\2.9\tex/generic/pgf/basiclayer\pgfcoreob
jects.code.tex
File: pgfcoreobjects.code.tex 2019/12/21 v3.1.5a (3.1.5a)
)
(C:\Users\gabri\AppData\Roaming\MiKTeX\2.9\tex/generic/pgf/basiclayer\pgfcorepa
thprocessing.code.tex
File: pgfcorepathprocessing.code.tex 2019/12/21 v3.1.5a (3.1.5a)
)
(C:\Users\gabri\AppData\Roaming\MiKTeX\2.9\tex/generic/pgf/basiclayer\pgfcorear
rows.code.tex
File: pgfcorearrows.code.tex 2019/12/21 v3.1.5a (3.1.5a)
\pgfarrowsep=\dimen157
)
(C:\Users\gabri\AppData\Roaming\MiKTeX\2.9\tex/generic/pgf/basiclayer\pgfcoresh
ade.code.tex
File: pgfcoreshade.code.tex 2019/12/21 v3.1.5a (3.1.5a)
\pgf@max=\dimen158
\pgf@sys@shading@range@num=\count117
\pgf@shadingcount=\count118
)
(C:\Users\gabri\AppData\Roaming\MiKTeX\2.9\tex/generic/pgf/basiclayer\pgfcoreim
age.code.tex
File: pgfcoreimage.code.tex 2019/12/21 v3.1.5a (3.1.5a)

(C:\Users\gabri\AppData\Roaming\MiKTeX\2.9\tex/generic/pgf/basiclayer\pgfcoreex
ternal.code.tex
File: pgfcoreexternal.code.tex 2019/12/21 v3.1.5a (3.1.5a)
\pgfexternal@startupbox=\box34
))
(C:\Users\gabri\AppData\Roaming\MiKTeX\2.9\tex/generic/pgf/basiclayer\pgfcorela
yers.code.tex
File: pgfcorelayers.code.tex 2019/12/21 v3.1.5a (3.1.5a)
)
(C:\Users\gabri\AppData\Roaming\MiKTeX\2.9\tex/generic/pgf/basiclayer\pgfcoretr
ansparency.code.tex
File: pgfcoretransparency.code.tex 2019/12/21 v3.1.5a (3.1.5a)
)
(C:\Users\gabri\AppData\Roaming\MiKTeX\2.9\tex/generic/pgf/basiclayer\pgfcorepa
tterns.code.tex
File: pgfcorepatterns.code.tex 2019/12/21 v3.1.5a (3.1.5a)
)
(C:\Users\gabri\AppData\Roaming\MiKTeX\2.9\tex/generic/pgf/basiclayer\pgfcorerd
f.code.tex
File: pgfcorerdf.code.tex 2019/12/21 v3.1.5a (3.1.5a)
)))
(C:\Users\gabri\AppData\Roaming\MiKTeX\2.9\tex/generic/pgf/modules\pgfmodulesha
pes.code.tex
File: pgfmoduleshapes.code.tex 2019/12/21 v3.1.5a (3.1.5a)
\pgfnodeparttextbox=\box35
)
(C:\Users\gabri\AppData\Roaming\MiKTeX\2.9\tex/generic/pgf/modules\pgfmoduleplo
t.code.tex
File: pgfmoduleplot.code.tex 2019/12/21 v3.1.5a (3.1.5a)
)
(C:\Users\gabri\AppData\Roaming\MiKTeX\2.9\tex/latex/pgf/compatibility\pgfcomp-
version-0-65.sty
Package: pgfcomp-version-0-65 2019/12/21 v3.1.5a (3.1.5a)
\pgf@nodesepstart=\dimen159
\pgf@nodesepend=\dimen160
)
(C:\Users\gabri\AppData\Roaming\MiKTeX\2.9\tex/latex/pgf/compatibility\pgfcomp-
version-1-18.sty
Package: pgfcomp-version-1-18 2019/12/21 v3.1.5a (3.1.5a)
))
(C:\Users\gabri\AppData\Roaming\MiKTeX\2.9\tex/latex/pgf/utilities\pgffor.sty
(C:\Users\gabri\AppData\Roaming\MiKTeX\2.9\tex/latex/pgf/utilities\pgfkeys.sty
(C:\Users\gabri\AppData\Roaming\MiKTeX\2.9\tex/generic/pgf/utilities\pgfkeys.co
de.tex))
(C:\Users\gabri\AppData\Roaming\MiKTeX\2.9\tex/latex/pgf/math\pgfmath.sty
(C:\Users\gabri\AppData\Roaming\MiKTeX\2.9\tex/generic/pgf/math\pgfmath.code.te
x))
(C:\Users\gabri\AppData\Roaming\MiKTeX\2.9\tex/generic/pgf/utilities\pgffor.cod
e.tex
Package: pgffor 2019/12/21 v3.1.5a (3.1.5a)

(C:\Users\gabri\AppData\Roaming\MiKTeX\2.9\tex/generic/pgf/math\pgfmath.code.te
x)
\pgffor@iter=\dimen161
\pgffor@skip=\dimen162
\pgffor@stack=\toks33
\pgffor@toks=\toks34
))
(C:\Users\gabri\AppData\Roaming\MiKTeX\2.9\tex/generic/pgf/frontendlayer/tikz\t
ikz.code.tex
Package: tikz 2019/12/21 v3.1.5a (3.1.5a)

(C:\Users\gabri\AppData\Roaming\MiKTeX\2.9\tex/generic/pgf/libraries\pgflibrary
plothandlers.code.tex
File: pgflibraryplothandlers.code.tex 2019/12/21 v3.1.5a (3.1.5a)
\pgf@plot@mark@count=\count119
\pgfplotmarksize=\dimen163
)
\tikz@lastx=\dimen164
\tikz@lasty=\dimen165
\tikz@lastxsaved=\dimen166
\tikz@lastysaved=\dimen167
\tikz@lastmovetox=\dimen168
\tikz@lastmovetoy=\dimen169
\tikzleveldistance=\dimen170
\tikzsiblingdistance=\dimen171
\tikz@figbox=\box36
\tikz@figbox@bg=\box37
\tikz@tempbox=\box38
\tikz@tempbox@bg=\box39
\tikztreelevel=\count120
\tikznumberofchildren=\count121
\tikznumberofcurrentchild=\count122
\tikz@fig@count=\count123

(C:\Users\gabri\AppData\Roaming\MiKTeX\2.9\tex/generic/pgf/modules\pgfmodulemat
rix.code.tex
File: pgfmodulematrix.code.tex 2019/12/21 v3.1.5a (3.1.5a)
\pgfmatrixcurrentrow=\count124
\pgfmatrixcurrentcolumn=\count125
\pgf@matrix@numberofcolumns=\count126
)
\tikz@expandcount=\count127

(C:\Users\gabri\AppData\Roaming\MiKTeX\2.9\tex/generic/pgf/frontendlayer/tikz/l
ibraries\tikzlibrarytopaths.code.tex
File: tikzlibrarytopaths.code.tex 2019/12/21 v3.1.5a (3.1.5a)
)))
(C:\Users\gabri\AppData\Roaming\MiKTeX\2.9\tex/latex/everypage\everypage.sty
Package: everypage 2007/06/20 1.1 Hooks to run on every page
)
("C:\Program Files\MiKTeX 2.9\tex/latex/tools\afterpage.sty"
Package: afterpage 2014/10/28 v1.08 After-Page Package (DPC)
\AP@output=\toks35
\AP@partial=\box40
\AP@footins=\box41
))
(C:\Users\gabri\AppData\Roaming\MiKTeX\2.9\tex/latex/pgfornament\pgfornament.st
y (C:\Users\gabri\AppData\Roaming\MiKTeX\2.9\tex/latex/pgfopts\pgfopts.sty
Package: pgfopts 2014/07/10 v2.1a LaTeX package options with pgfkeys
\pgfopts@list@add@a@toks=\toks36
\pgfopts@list@add@b@toks=\toks37
)
Package: pgfornament 2016/03/05 v0.21 vector ornaments

(C:\Users\gabri\AppData\Roaming\MiKTeX\2.9\tex/latex/pgfornament\pgflibraryvect
orian.code.tex)) ("C:\Program Files\MiKTeX 2.9\tex/latex/tools\verbatim.sty"
Package: verbatim 2019/11/10 v1.5r LaTeX2e package for verbatim enhancements
\every@verbatim=\toks38
\verbatim@line=\toks39
\verbatim@in@stream=\read2
)
\secheight=\dimen172


LaTeX Warning: Unused global option(s):
    [b6paper].

("EightyAphorismsAndMaxims JUST INSIDE.aux")
\openout1 = `"EightyAphorismsAndMaxims JUST INSIDE.aux"'.

LaTeX Font Info:    Checking defaults for OML/cmm/m/it on input line 90.
LaTeX Font Info:    ... okay on input line 90.
LaTeX Font Info:    Checking defaults for T1/cmr/m/n on input line 90.
LaTeX Font Info:    ... okay on input line 90.
LaTeX Font Info:    Checking defaults for OT1/cmr/m/n on input line 90.
LaTeX Font Info:    ... okay on input line 90.
LaTeX Font Info:    Checking defaults for OMS/cmsy/m/n on input line 90.
LaTeX Font Info:    ... okay on input line 90.
LaTeX Font Info:    Checking defaults for TU/lmr/m/n on input line 90.
LaTeX Font Info:    ... okay on input line 90.
LaTeX Font Info:    Checking defaults for OMX/cmex/m/n on input line 90.
LaTeX Font Info:    ... okay on input line 90.
LaTeX Font Info:    Checking defaults for U/cmr/m/n on input line 90.
LaTeX Font Info:    ... okay on input line 90.

*geometry* detected driver: pdftex
*geometry* verbose mode - [ preamble ] result:
* driver: pdftex
* paper: custom
* layout: <same size as paper>
* layoutoffset:(h,v)=(0.0pt,0.0pt)
* modes: twoside 
* h-part:(L,W,R)=(72.26999pt, 289.08002pt, 72.26999pt)
* v-part:(T,H,B)=(72.26999pt, 505.89001pt, 72.26999pt)
* \paperwidth=433.62pt
* \paperheight=650.43pt
* \textwidth=289.08002pt
* \textheight=505.89001pt
* \oddsidemargin=0.0pt
* \evensidemargin=0.0pt
* \topmargin=-31.8738pt
* \headheight=12.0pt
* \headsep=19.8738pt
* \topskip=12.0pt
* \footskip=30.0pt
* \marginparwidth=98.0pt
* \marginparsep=7.0pt
* \columnsep=10.0pt
* \skip\footins=10.8pt plus 4.0pt minus 2.0pt
* \hoffset=0.0pt
* \voffset=0.0pt
* \mag=1000
* \@twocolumnfalse
* \@twosidetrue
* \@mparswitchtrue
* \@reversemarginfalse
* (1in=72.27pt=25.4mm, 1cm=28.453pt)

ABD: EveryShipout initializing macros [1

] [2]
File: graphics/jbw_seal_2000px.png Graphic file (type bmp)
<graphics/jbw_seal_2000px.png>
 [3] [4]
LaTeX Font Info:    Trying to load font information for U+msa on input line 139
.

("C:\Program Files\MiKTeX 2.9\tex/latex/amsfonts\umsa.fd"
File: umsa.fd 2013/01/14 v3.01 AMS symbols A
)
LaTeX Font Info:    Trying to load font information for U+msb on input line 139
.

("C:\Program Files\MiKTeX 2.9\tex/latex/amsfonts\umsb.fd"
File: umsb.fd 2013/01/14 v3.01 AMS symbols B
) [5] [6]
(C:\Users\gabri\AppData\Roaming\MiKTeX\2.9\tex/generic/pgfornament/vectorian\ve
ctorian69.pgf)
(C:\Users\gabri\AppData\Roaming\MiKTeX\2.9\tex/generic/pgfornament/vectorian\ve
ctorian69.pgf)
File: tikz/hexdot.pdf Graphic file (type pdf)
<use tikz/hexdot.pdf>
File: tikz/hexdot.pdf Graphic file (type pdf)
<use tikz/hexdot.pdf>
File: tikz/hexdot.pdf Graphic file (type pdf)
<use tikz/hexdot.pdf>
File: tikz/hexdot.pdf Graphic file (type pdf)
<use tikz/hexdot.pdf>
 [7] [8]
*geometry* verbose mode - [ newgeometry ] result:
* driver: pdftex
* paper: custom
* layout: <same size as paper>
* layoutoffset:(h,v)=(0.0pt,0.0pt)
* modes: twoside 
* h-part:(L,W,R)=(28.90755pt, 375.8049pt, 28.90755pt)
* v-part:(T,H,B)=(28.90755pt, 592.6149pt, 28.90755pt)
* \paperwidth=433.62pt
* \paperheight=650.43pt
* \textwidth=375.8049pt
* \textheight=592.6149pt
* \oddsidemargin=-43.36244pt
* \evensidemargin=-43.36244pt
* \topmargin=-75.23624pt
* \headheight=12.0pt
* \headsep=19.8738pt
* \topskip=12.0pt
* \footskip=30.0pt
* \marginparwidth=98.0pt
* \marginparsep=7.0pt
* \columnsep=10.0pt
* \skip\footins=10.8pt plus 4.0pt minus 2.0pt
* \hoffset=0.0pt
* \voffset=0.0pt
* \mag=1000
* \@twocolumnfalse
* \@twosidetrue
* \@mparswitchtrue
* \@reversemarginfalse
* (1in=72.27pt=25.4mm, 1cm=28.453pt)

 [1


] [2

]
(C:\Users\gabri\AppData\Roaming\MiKTeX\2.9\tex/generic/pgfornament/vectorian\ve
ctorian69.pgf)
(C:\Users\gabri\AppData\Roaming\MiKTeX\2.9\tex/generic/pgfornament/vectorian\ve
ctorian69.pgf)
(C:\Users\gabri\AppData\Roaming\MiKTeX\2.9\tex/generic/pgfornament/vectorian\ve
ctorian26.pgf)
(C:\Users\gabri\AppData\Roaming\MiKTeX\2.9\tex/generic/pgfornament/vectorian\ve
ctorian26.pgf) [3]
(C:\Users\gabri\AppData\Roaming\MiKTeX\2.9\tex/generic/pgfornament/vectorian\ve
ctorian69.pgf)
(C:\Users\gabri\AppData\Roaming\MiKTeX\2.9\tex/generic/pgfornament/vectorian\ve
ctorian69.pgf)
(C:\Users\gabri\AppData\Roaming\MiKTeX\2.9\tex/generic/pgfornament/vectorian\ve
ctorian26.pgf)
(C:\Users\gabri\AppData\Roaming\MiKTeX\2.9\tex/generic/pgfornament/vectorian\ve
ctorian26.pgf) [4]
(C:\Users\gabri\AppData\Roaming\MiKTeX\2.9\tex/generic/pgfornament/vectorian\ve
ctorian69.pgf)
(C:\Users\gabri\AppData\Roaming\MiKTeX\2.9\tex/generic/pgfornament/vectorian\ve
ctorian69.pgf)
(C:\Users\gabri\AppData\Roaming\MiKTeX\2.9\tex/generic/pgfornament/vectorian\ve
ctorian26.pgf)
(C:\Users\gabri\AppData\Roaming\MiKTeX\2.9\tex/generic/pgfornament/vectorian\ve
ctorian26.pgf) [5]
(C:\Users\gabri\AppData\Roaming\MiKTeX\2.9\tex/generic/pgfornament/vectorian\ve
ctorian69.pgf)
(C:\Users\gabri\AppData\Roaming\MiKTeX\2.9\tex/generic/pgfornament/vectorian\ve
ctorian69.pgf)
(C:\Users\gabri\AppData\Roaming\MiKTeX\2.9\tex/generic/pgfornament/vectorian\ve
ctorian26.pgf)
(C:\Users\gabri\AppData\Roaming\MiKTeX\2.9\tex/generic/pgfornament/vectorian\ve
ctorian26.pgf) [6]
(C:\Users\gabri\AppData\Roaming\MiKTeX\2.9\tex/generic/pgfornament/vectorian\ve
ctorian69.pgf)
(C:\Users\gabri\AppData\Roaming\MiKTeX\2.9\tex/generic/pgfornament/vectorian\ve
ctorian69.pgf)
(C:\Users\gabri\AppData\Roaming\MiKTeX\2.9\tex/generic/pgfornament/vectorian\ve
ctorian26.pgf)
(C:\Users\gabri\AppData\Roaming\MiKTeX\2.9\tex/generic/pgfornament/vectorian\ve
ctorian26.pgf) [7]
(C:\Users\gabri\AppData\Roaming\MiKTeX\2.9\tex/generic/pgfornament/vectorian\ve
ctorian69.pgf)
(C:\Users\gabri\AppData\Roaming\MiKTeX\2.9\tex/generic/pgfornament/vectorian\ve
ctorian69.pgf)
(C:\Users\gabri\AppData\Roaming\MiKTeX\2.9\tex/generic/pgfornament/vectorian\ve
ctorian26.pgf)
(C:\Users\gabri\AppData\Roaming\MiKTeX\2.9\tex/generic/pgfornament/vectorian\ve
ctorian26.pgf) [8]
(C:\Users\gabri\AppData\Roaming\MiKTeX\2.9\tex/generic/pgfornament/vectorian\ve
ctorian69.pgf)
(C:\Users\gabri\AppData\Roaming\MiKTeX\2.9\tex/generic/pgfornament/vectorian\ve
ctorian69.pgf)
(C:\Users\gabri\AppData\Roaming\MiKTeX\2.9\tex/generic/pgfornament/vectorian\ve
ctorian26.pgf)
(C:\Users\gabri\AppData\Roaming\MiKTeX\2.9\tex/generic/pgfornament/vectorian\ve
ctorian26.pgf) [9]
(C:\Users\gabri\AppData\Roaming\MiKTeX\2.9\tex/generic/pgfornament/vectorian\ve
ctorian69.pgf)
(C:\Users\gabri\AppData\Roaming\MiKTeX\2.9\tex/generic/pgfornament/vectorian\ve
ctorian69.pgf)
(C:\Users\gabri\AppData\Roaming\MiKTeX\2.9\tex/generic/pgfornament/vectorian\ve
ctorian26.pgf)
(C:\Users\gabri\AppData\Roaming\MiKTeX\2.9\tex/generic/pgfornament/vectorian\ve
ctorian26.pgf) [10]
(C:\Users\gabri\AppData\Roaming\MiKTeX\2.9\tex/generic/pgfornament/vectorian\ve
ctorian69.pgf)
(C:\Users\gabri\AppData\Roaming\MiKTeX\2.9\tex/generic/pgfornament/vectorian\ve
ctorian69.pgf)
(C:\Users\gabri\AppData\Roaming\MiKTeX\2.9\tex/generic/pgfornament/vectorian\ve
ctorian26.pgf)
(C:\Users\gabri\AppData\Roaming\MiKTeX\2.9\tex/generic/pgfornament/vectorian\ve
ctorian26.pgf) [11]
(C:\Users\gabri\AppData\Roaming\MiKTeX\2.9\tex/generic/pgfornament/vectorian\ve
ctorian69.pgf)
(C:\Users\gabri\AppData\Roaming\MiKTeX\2.9\tex/generic/pgfornament/vectorian\ve
ctorian69.pgf)
(C:\Users\gabri\AppData\Roaming\MiKTeX\2.9\tex/generic/pgfornament/vectorian\ve
ctorian26.pgf)
(C:\Users\gabri\AppData\Roaming\MiKTeX\2.9\tex/generic/pgfornament/vectorian\ve
ctorian26.pgf) [12]
(C:\Users\gabri\AppData\Roaming\MiKTeX\2.9\tex/generic/pgfornament/vectorian\ve
ctorian69.pgf)
(C:\Users\gabri\AppData\Roaming\MiKTeX\2.9\tex/generic/pgfornament/vectorian\ve
ctorian69.pgf)
(C:\Users\gabri\AppData\Roaming\MiKTeX\2.9\tex/generic/pgfornament/vectorian\ve
ctorian26.pgf)
(C:\Users\gabri\AppData\Roaming\MiKTeX\2.9\tex/generic/pgfornament/vectorian\ve
ctorian26.pgf) [13]
(C:\Users\gabri\AppData\Roaming\MiKTeX\2.9\tex/generic/pgfornament/vectorian\ve
ctorian69.pgf)
(C:\Users\gabri\AppData\Roaming\MiKTeX\2.9\tex/generic/pgfornament/vectorian\ve
ctorian69.pgf)
(C:\Users\gabri\AppData\Roaming\MiKTeX\2.9\tex/generic/pgfornament/vectorian\ve
ctorian26.pgf)
(C:\Users\gabri\AppData\Roaming\MiKTeX\2.9\tex/generic/pgfornament/vectorian\ve
ctorian26.pgf) [14]
(C:\Users\gabri\AppData\Roaming\MiKTeX\2.9\tex/generic/pgfornament/vectorian\ve
ctorian69.pgf)
(C:\Users\gabri\AppData\Roaming\MiKTeX\2.9\tex/generic/pgfornament/vectorian\ve
ctorian69.pgf)
(C:\Users\gabri\AppData\Roaming\MiKTeX\2.9\tex/generic/pgfornament/vectorian\ve
ctorian26.pgf)
(C:\Users\gabri\AppData\Roaming\MiKTeX\2.9\tex/generic/pgfornament/vectorian\ve
ctorian26.pgf)
Overfull \hbox (1.532pt too wide) in paragraph at lines 199--200
\TU/lmr/m/n/12 Never persuade yourself that you possess wisdom in virtue
 []

[15]
(C:\Users\gabri\AppData\Roaming\MiKTeX\2.9\tex/generic/pgfornament/vectorian\ve
ctorian69.pgf)
(C:\Users\gabri\AppData\Roaming\MiKTeX\2.9\tex/generic/pgfornament/vectorian\ve
ctorian69.pgf)
(C:\Users\gabri\AppData\Roaming\MiKTeX\2.9\tex/generic/pgfornament/vectorian\ve
ctorian26.pgf)
(C:\Users\gabri\AppData\Roaming\MiKTeX\2.9\tex/generic/pgfornament/vectorian\ve
ctorian26.pgf) [16]
(C:\Users\gabri\AppData\Roaming\MiKTeX\2.9\tex/generic/pgfornament/vectorian\ve
ctorian69.pgf)
(C:\Users\gabri\AppData\Roaming\MiKTeX\2.9\tex/generic/pgfornament/vectorian\ve
ctorian69.pgf)
(C:\Users\gabri\AppData\Roaming\MiKTeX\2.9\tex/generic/pgfornament/vectorian\ve
ctorian26.pgf)
(C:\Users\gabri\AppData\Roaming\MiKTeX\2.9\tex/generic/pgfornament/vectorian\ve
ctorian26.pgf) [17]
(C:\Users\gabri\AppData\Roaming\MiKTeX\2.9\tex/generic/pgfornament/vectorian\ve
ctorian69.pgf)
(C:\Users\gabri\AppData\Roaming\MiKTeX\2.9\tex/generic/pgfornament/vectorian\ve
ctorian69.pgf)
(C:\Users\gabri\AppData\Roaming\MiKTeX\2.9\tex/generic/pgfornament/vectorian\ve
ctorian26.pgf)
(C:\Users\gabri\AppData\Roaming\MiKTeX\2.9\tex/generic/pgfornament/vectorian\ve
ctorian26.pgf) [18]
(C:\Users\gabri\AppData\Roaming\MiKTeX\2.9\tex/generic/pgfornament/vectorian\ve
ctorian69.pgf)
(C:\Users\gabri\AppData\Roaming\MiKTeX\2.9\tex/generic/pgfornament/vectorian\ve
ctorian69.pgf)
(C:\Users\gabri\AppData\Roaming\MiKTeX\2.9\tex/generic/pgfornament/vectorian\ve
ctorian26.pgf)
(C:\Users\gabri\AppData\Roaming\MiKTeX\2.9\tex/generic/pgfornament/vectorian\ve
ctorian26.pgf) [19]
(C:\Users\gabri\AppData\Roaming\MiKTeX\2.9\tex/generic/pgfornament/vectorian\ve
ctorian69.pgf)
(C:\Users\gabri\AppData\Roaming\MiKTeX\2.9\tex/generic/pgfornament/vectorian\ve
ctorian69.pgf)
(C:\Users\gabri\AppData\Roaming\MiKTeX\2.9\tex/generic/pgfornament/vectorian\ve
ctorian26.pgf)
(C:\Users\gabri\AppData\Roaming\MiKTeX\2.9\tex/generic/pgfornament/vectorian\ve
ctorian26.pgf) [20]
(C:\Users\gabri\AppData\Roaming\MiKTeX\2.9\tex/generic/pgfornament/vectorian\ve
ctorian69.pgf)
(C:\Users\gabri\AppData\Roaming\MiKTeX\2.9\tex/generic/pgfornament/vectorian\ve
ctorian69.pgf)
(C:\Users\gabri\AppData\Roaming\MiKTeX\2.9\tex/generic/pgfornament/vectorian\ve
ctorian26.pgf)
(C:\Users\gabri\AppData\Roaming\MiKTeX\2.9\tex/generic/pgfornament/vectorian\ve
ctorian26.pgf) [21]
(C:\Users\gabri\AppData\Roaming\MiKTeX\2.9\tex/generic/pgfornament/vectorian\ve
ctorian69.pgf)
(C:\Users\gabri\AppData\Roaming\MiKTeX\2.9\tex/generic/pgfornament/vectorian\ve
ctorian69.pgf)
(C:\Users\gabri\AppData\Roaming\MiKTeX\2.9\tex/generic/pgfornament/vectorian\ve
ctorian26.pgf)
(C:\Users\gabri\AppData\Roaming\MiKTeX\2.9\tex/generic/pgfornament/vectorian\ve
ctorian26.pgf) [22]
(C:\Users\gabri\AppData\Roaming\MiKTeX\2.9\tex/generic/pgfornament/vectorian\ve
ctorian69.pgf)
(C:\Users\gabri\AppData\Roaming\MiKTeX\2.9\tex/generic/pgfornament/vectorian\ve
ctorian69.pgf)
(C:\Users\gabri\AppData\Roaming\MiKTeX\2.9\tex/generic/pgfornament/vectorian\ve
ctorian26.pgf)
(C:\Users\gabri\AppData\Roaming\MiKTeX\2.9\tex/generic/pgfornament/vectorian\ve
ctorian26.pgf) [23]
(C:\Users\gabri\AppData\Roaming\MiKTeX\2.9\tex/generic/pgfornament/vectorian\ve
ctorian69.pgf)
(C:\Users\gabri\AppData\Roaming\MiKTeX\2.9\tex/generic/pgfornament/vectorian\ve
ctorian69.pgf)
(C:\Users\gabri\AppData\Roaming\MiKTeX\2.9\tex/generic/pgfornament/vectorian\ve
ctorian26.pgf)
(C:\Users\gabri\AppData\Roaming\MiKTeX\2.9\tex/generic/pgfornament/vectorian\ve
ctorian26.pgf) [24]
(C:\Users\gabri\AppData\Roaming\MiKTeX\2.9\tex/generic/pgfornament/vectorian\ve
ctorian69.pgf)
(C:\Users\gabri\AppData\Roaming\MiKTeX\2.9\tex/generic/pgfornament/vectorian\ve
ctorian69.pgf)
(C:\Users\gabri\AppData\Roaming\MiKTeX\2.9\tex/generic/pgfornament/vectorian\ve
ctorian26.pgf)
(C:\Users\gabri\AppData\Roaming\MiKTeX\2.9\tex/generic/pgfornament/vectorian\ve
ctorian26.pgf) [25]
(C:\Users\gabri\AppData\Roaming\MiKTeX\2.9\tex/generic/pgfornament/vectorian\ve
ctorian69.pgf)
(C:\Users\gabri\AppData\Roaming\MiKTeX\2.9\tex/generic/pgfornament/vectorian\ve
ctorian69.pgf)
(C:\Users\gabri\AppData\Roaming\MiKTeX\2.9\tex/generic/pgfornament/vectorian\ve
ctorian26.pgf)
(C:\Users\gabri\AppData\Roaming\MiKTeX\2.9\tex/generic/pgfornament/vectorian\ve
ctorian26.pgf) [26]
(C:\Users\gabri\AppData\Roaming\MiKTeX\2.9\tex/generic/pgfornament/vectorian\ve
ctorian69.pgf)
(C:\Users\gabri\AppData\Roaming\MiKTeX\2.9\tex/generic/pgfornament/vectorian\ve
ctorian69.pgf)
(C:\Users\gabri\AppData\Roaming\MiKTeX\2.9\tex/generic/pgfornament/vectorian\ve
ctorian26.pgf)
(C:\Users\gabri\AppData\Roaming\MiKTeX\2.9\tex/generic/pgfornament/vectorian\ve
ctorian26.pgf) [27]
(C:\Users\gabri\AppData\Roaming\MiKTeX\2.9\tex/generic/pgfornament/vectorian\ve
ctorian69.pgf)
(C:\Users\gabri\AppData\Roaming\MiKTeX\2.9\tex/generic/pgfornament/vectorian\ve
ctorian69.pgf)
(C:\Users\gabri\AppData\Roaming\MiKTeX\2.9\tex/generic/pgfornament/vectorian\ve
ctorian26.pgf)
(C:\Users\gabri\AppData\Roaming\MiKTeX\2.9\tex/generic/pgfornament/vectorian\ve
ctorian26.pgf) [28]
(C:\Users\gabri\AppData\Roaming\MiKTeX\2.9\tex/generic/pgfornament/vectorian\ve
ctorian69.pgf)
(C:\Users\gabri\AppData\Roaming\MiKTeX\2.9\tex/generic/pgfornament/vectorian\ve
ctorian69.pgf)
(C:\Users\gabri\AppData\Roaming\MiKTeX\2.9\tex/generic/pgfornament/vectorian\ve
ctorian26.pgf)
(C:\Users\gabri\AppData\Roaming\MiKTeX\2.9\tex/generic/pgfornament/vectorian\ve
ctorian26.pgf) [29]
(C:\Users\gabri\AppData\Roaming\MiKTeX\2.9\tex/generic/pgfornament/vectorian\ve
ctorian69.pgf)
(C:\Users\gabri\AppData\Roaming\MiKTeX\2.9\tex/generic/pgfornament/vectorian\ve
ctorian69.pgf)
(C:\Users\gabri\AppData\Roaming\MiKTeX\2.9\tex/generic/pgfornament/vectorian\ve
ctorian26.pgf)
(C:\Users\gabri\AppData\Roaming\MiKTeX\2.9\tex/generic/pgfornament/vectorian\ve
ctorian26.pgf) [30]
(C:\Users\gabri\AppData\Roaming\MiKTeX\2.9\tex/generic/pgfornament/vectorian\ve
ctorian69.pgf)
(C:\Users\gabri\AppData\Roaming\MiKTeX\2.9\tex/generic/pgfornament/vectorian\ve
ctorian69.pgf)
(C:\Users\gabri\AppData\Roaming\MiKTeX\2.9\tex/generic/pgfornament/vectorian\ve
ctorian26.pgf)
(C:\Users\gabri\AppData\Roaming\MiKTeX\2.9\tex/generic/pgfornament/vectorian\ve
ctorian26.pgf) [31]
(C:\Users\gabri\AppData\Roaming\MiKTeX\2.9\tex/generic/pgfornament/vectorian\ve
ctorian69.pgf)
(C:\Users\gabri\AppData\Roaming\MiKTeX\2.9\tex/generic/pgfornament/vectorian\ve
ctorian69.pgf)
(C:\Users\gabri\AppData\Roaming\MiKTeX\2.9\tex/generic/pgfornament/vectorian\ve
ctorian26.pgf)
(C:\Users\gabri\AppData\Roaming\MiKTeX\2.9\tex/generic/pgfornament/vectorian\ve
ctorian26.pgf) [32]
(C:\Users\gabri\AppData\Roaming\MiKTeX\2.9\tex/generic/pgfornament/vectorian\ve
ctorian69.pgf)
(C:\Users\gabri\AppData\Roaming\MiKTeX\2.9\tex/generic/pgfornament/vectorian\ve
ctorian69.pgf)
(C:\Users\gabri\AppData\Roaming\MiKTeX\2.9\tex/generic/pgfornament/vectorian\ve
ctorian26.pgf)
(C:\Users\gabri\AppData\Roaming\MiKTeX\2.9\tex/generic/pgfornament/vectorian\ve
ctorian26.pgf) [33]
(C:\Users\gabri\AppData\Roaming\MiKTeX\2.9\tex/generic/pgfornament/vectorian\ve
ctorian69.pgf)
(C:\Users\gabri\AppData\Roaming\MiKTeX\2.9\tex/generic/pgfornament/vectorian\ve
ctorian69.pgf)
(C:\Users\gabri\AppData\Roaming\MiKTeX\2.9\tex/generic/pgfornament/vectorian\ve
ctorian26.pgf)
(C:\Users\gabri\AppData\Roaming\MiKTeX\2.9\tex/generic/pgfornament/vectorian\ve
ctorian26.pgf) [34]
(C:\Users\gabri\AppData\Roaming\MiKTeX\2.9\tex/generic/pgfornament/vectorian\ve
ctorian69.pgf)
(C:\Users\gabri\AppData\Roaming\MiKTeX\2.9\tex/generic/pgfornament/vectorian\ve
ctorian69.pgf)
(C:\Users\gabri\AppData\Roaming\MiKTeX\2.9\tex/generic/pgfornament/vectorian\ve
ctorian26.pgf)
(C:\Users\gabri\AppData\Roaming\MiKTeX\2.9\tex/generic/pgfornament/vectorian\ve
ctorian26.pgf) [35]
(C:\Users\gabri\AppData\Roaming\MiKTeX\2.9\tex/generic/pgfornament/vectorian\ve
ctorian69.pgf)
(C:\Users\gabri\AppData\Roaming\MiKTeX\2.9\tex/generic/pgfornament/vectorian\ve
ctorian69.pgf)
(C:\Users\gabri\AppData\Roaming\MiKTeX\2.9\tex/generic/pgfornament/vectorian\ve
ctorian26.pgf)
(C:\Users\gabri\AppData\Roaming\MiKTeX\2.9\tex/generic/pgfornament/vectorian\ve
ctorian26.pgf) [36]
(C:\Users\gabri\AppData\Roaming\MiKTeX\2.9\tex/generic/pgfornament/vectorian\ve
ctorian69.pgf)
(C:\Users\gabri\AppData\Roaming\MiKTeX\2.9\tex/generic/pgfornament/vectorian\ve
ctorian69.pgf)
(C:\Users\gabri\AppData\Roaming\MiKTeX\2.9\tex/generic/pgfornament/vectorian\ve
ctorian26.pgf)
(C:\Users\gabri\AppData\Roaming\MiKTeX\2.9\tex/generic/pgfornament/vectorian\ve
ctorian26.pgf) [37]
(C:\Users\gabri\AppData\Roaming\MiKTeX\2.9\tex/generic/pgfornament/vectorian\ve
ctorian69.pgf)
(C:\Users\gabri\AppData\Roaming\MiKTeX\2.9\tex/generic/pgfornament/vectorian\ve
ctorian69.pgf)
(C:\Users\gabri\AppData\Roaming\MiKTeX\2.9\tex/generic/pgfornament/vectorian\ve
ctorian26.pgf)
(C:\Users\gabri\AppData\Roaming\MiKTeX\2.9\tex/generic/pgfornament/vectorian\ve
ctorian26.pgf) [38]
(C:\Users\gabri\AppData\Roaming\MiKTeX\2.9\tex/generic/pgfornament/vectorian\ve
ctorian69.pgf)
(C:\Users\gabri\AppData\Roaming\MiKTeX\2.9\tex/generic/pgfornament/vectorian\ve
ctorian69.pgf)
(C:\Users\gabri\AppData\Roaming\MiKTeX\2.9\tex/generic/pgfornament/vectorian\ve
ctorian26.pgf)
(C:\Users\gabri\AppData\Roaming\MiKTeX\2.9\tex/generic/pgfornament/vectorian\ve
ctorian26.pgf) [39]
(C:\Users\gabri\AppData\Roaming\MiKTeX\2.9\tex/generic/pgfornament/vectorian\ve
ctorian69.pgf)
(C:\Users\gabri\AppData\Roaming\MiKTeX\2.9\tex/generic/pgfornament/vectorian\ve
ctorian69.pgf)
(C:\Users\gabri\AppData\Roaming\MiKTeX\2.9\tex/generic/pgfornament/vectorian\ve
ctorian26.pgf)
(C:\Users\gabri\AppData\Roaming\MiKTeX\2.9\tex/generic/pgfornament/vectorian\ve
ctorian26.pgf) [40]
(C:\Users\gabri\AppData\Roaming\MiKTeX\2.9\tex/generic/pgfornament/vectorian\ve
ctorian69.pgf)
(C:\Users\gabri\AppData\Roaming\MiKTeX\2.9\tex/generic/pgfornament/vectorian\ve
ctorian69.pgf)
(C:\Users\gabri\AppData\Roaming\MiKTeX\2.9\tex/generic/pgfornament/vectorian\ve
ctorian26.pgf)
(C:\Users\gabri\AppData\Roaming\MiKTeX\2.9\tex/generic/pgfornament/vectorian\ve
ctorian26.pgf) [41]
(C:\Users\gabri\AppData\Roaming\MiKTeX\2.9\tex/generic/pgfornament/vectorian\ve
ctorian69.pgf)
(C:\Users\gabri\AppData\Roaming\MiKTeX\2.9\tex/generic/pgfornament/vectorian\ve
ctorian69.pgf)
(C:\Users\gabri\AppData\Roaming\MiKTeX\2.9\tex/generic/pgfornament/vectorian\ve
ctorian26.pgf)
(C:\Users\gabri\AppData\Roaming\MiKTeX\2.9\tex/generic/pgfornament/vectorian\ve
ctorian26.pgf) [42]
(C:\Users\gabri\AppData\Roaming\MiKTeX\2.9\tex/generic/pgfornament/vectorian\ve
ctorian69.pgf)
(C:\Users\gabri\AppData\Roaming\MiKTeX\2.9\tex/generic/pgfornament/vectorian\ve
ctorian69.pgf)
(C:\Users\gabri\AppData\Roaming\MiKTeX\2.9\tex/generic/pgfornament/vectorian\ve
ctorian26.pgf)
(C:\Users\gabri\AppData\Roaming\MiKTeX\2.9\tex/generic/pgfornament/vectorian\ve
ctorian26.pgf) [43]
(C:\Users\gabri\AppData\Roaming\MiKTeX\2.9\tex/generic/pgfornament/vectorian\ve
ctorian69.pgf)
(C:\Users\gabri\AppData\Roaming\MiKTeX\2.9\tex/generic/pgfornament/vectorian\ve
ctorian69.pgf)
(C:\Users\gabri\AppData\Roaming\MiKTeX\2.9\tex/generic/pgfornament/vectorian\ve
ctorian26.pgf)
(C:\Users\gabri\AppData\Roaming\MiKTeX\2.9\tex/generic/pgfornament/vectorian\ve
ctorian26.pgf) [44]
(C:\Users\gabri\AppData\Roaming\MiKTeX\2.9\tex/generic/pgfornament/vectorian\ve
ctorian69.pgf)
(C:\Users\gabri\AppData\Roaming\MiKTeX\2.9\tex/generic/pgfornament/vectorian\ve
ctorian69.pgf)
(C:\Users\gabri\AppData\Roaming\MiKTeX\2.9\tex/generic/pgfornament/vectorian\ve
ctorian26.pgf)
(C:\Users\gabri\AppData\Roaming\MiKTeX\2.9\tex/generic/pgfornament/vectorian\ve
ctorian26.pgf) [45]
(C:\Users\gabri\AppData\Roaming\MiKTeX\2.9\tex/generic/pgfornament/vectorian\ve
ctorian69.pgf)
(C:\Users\gabri\AppData\Roaming\MiKTeX\2.9\tex/generic/pgfornament/vectorian\ve
ctorian69.pgf)
(C:\Users\gabri\AppData\Roaming\MiKTeX\2.9\tex/generic/pgfornament/vectorian\ve
ctorian26.pgf)
(C:\Users\gabri\AppData\Roaming\MiKTeX\2.9\tex/generic/pgfornament/vectorian\ve
ctorian26.pgf) [46]
(C:\Users\gabri\AppData\Roaming\MiKTeX\2.9\tex/generic/pgfornament/vectorian\ve
ctorian69.pgf)
(C:\Users\gabri\AppData\Roaming\MiKTeX\2.9\tex/generic/pgfornament/vectorian\ve
ctorian69.pgf)
(C:\Users\gabri\AppData\Roaming\MiKTeX\2.9\tex/generic/pgfornament/vectorian\ve
ctorian26.pgf)
(C:\Users\gabri\AppData\Roaming\MiKTeX\2.9\tex/generic/pgfornament/vectorian\ve
ctorian26.pgf) [47]
(C:\Users\gabri\AppData\Roaming\MiKTeX\2.9\tex/generic/pgfornament/vectorian\ve
ctorian69.pgf)
(C:\Users\gabri\AppData\Roaming\MiKTeX\2.9\tex/generic/pgfornament/vectorian\ve
ctorian69.pgf)
(C:\Users\gabri\AppData\Roaming\MiKTeX\2.9\tex/generic/pgfornament/vectorian\ve
ctorian26.pgf)
(C:\Users\gabri\AppData\Roaming\MiKTeX\2.9\tex/generic/pgfornament/vectorian\ve
ctorian26.pgf) [48]
(C:\Users\gabri\AppData\Roaming\MiKTeX\2.9\tex/generic/pgfornament/vectorian\ve
ctorian69.pgf)
(C:\Users\gabri\AppData\Roaming\MiKTeX\2.9\tex/generic/pgfornament/vectorian\ve
ctorian69.pgf)
(C:\Users\gabri\AppData\Roaming\MiKTeX\2.9\tex/generic/pgfornament/vectorian\ve
ctorian26.pgf)
(C:\Users\gabri\AppData\Roaming\MiKTeX\2.9\tex/generic/pgfornament/vectorian\ve
ctorian26.pgf) [49]
(C:\Users\gabri\AppData\Roaming\MiKTeX\2.9\tex/generic/pgfornament/vectorian\ve
ctorian69.pgf)
(C:\Users\gabri\AppData\Roaming\MiKTeX\2.9\tex/generic/pgfornament/vectorian\ve
ctorian69.pgf)
(C:\Users\gabri\AppData\Roaming\MiKTeX\2.9\tex/generic/pgfornament/vectorian\ve
ctorian26.pgf)
(C:\Users\gabri\AppData\Roaming\MiKTeX\2.9\tex/generic/pgfornament/vectorian\ve
ctorian26.pgf) [50]
(C:\Users\gabri\AppData\Roaming\MiKTeX\2.9\tex/generic/pgfornament/vectorian\ve
ctorian69.pgf)
(C:\Users\gabri\AppData\Roaming\MiKTeX\2.9\tex/generic/pgfornament/vectorian\ve
ctorian69.pgf)
(C:\Users\gabri\AppData\Roaming\MiKTeX\2.9\tex/generic/pgfornament/vectorian\ve
ctorian26.pgf)
(C:\Users\gabri\AppData\Roaming\MiKTeX\2.9\tex/generic/pgfornament/vectorian\ve
ctorian26.pgf) [51]
(C:\Users\gabri\AppData\Roaming\MiKTeX\2.9\tex/generic/pgfornament/vectorian\ve
ctorian69.pgf)
(C:\Users\gabri\AppData\Roaming\MiKTeX\2.9\tex/generic/pgfornament/vectorian\ve
ctorian69.pgf)
(C:\Users\gabri\AppData\Roaming\MiKTeX\2.9\tex/generic/pgfornament/vectorian\ve
ctorian26.pgf)
(C:\Users\gabri\AppData\Roaming\MiKTeX\2.9\tex/generic/pgfornament/vectorian\ve
ctorian26.pgf) [52]
(C:\Users\gabri\AppData\Roaming\MiKTeX\2.9\tex/generic/pgfornament/vectorian\ve
ctorian69.pgf)
(C:\Users\gabri\AppData\Roaming\MiKTeX\2.9\tex/generic/pgfornament/vectorian\ve
ctorian69.pgf)
(C:\Users\gabri\AppData\Roaming\MiKTeX\2.9\tex/generic/pgfornament/vectorian\ve
ctorian26.pgf)
(C:\Users\gabri\AppData\Roaming\MiKTeX\2.9\tex/generic/pgfornament/vectorian\ve
ctorian26.pgf) [53]
(C:\Users\gabri\AppData\Roaming\MiKTeX\2.9\tex/generic/pgfornament/vectorian\ve
ctorian69.pgf)
(C:\Users\gabri\AppData\Roaming\MiKTeX\2.9\tex/generic/pgfornament/vectorian\ve
ctorian69.pgf)
(C:\Users\gabri\AppData\Roaming\MiKTeX\2.9\tex/generic/pgfornament/vectorian\ve
ctorian26.pgf)
(C:\Users\gabri\AppData\Roaming\MiKTeX\2.9\tex/generic/pgfornament/vectorian\ve
ctorian26.pgf) [54]
(C:\Users\gabri\AppData\Roaming\MiKTeX\2.9\tex/generic/pgfornament/vectorian\ve
ctorian69.pgf)
(C:\Users\gabri\AppData\Roaming\MiKTeX\2.9\tex/generic/pgfornament/vectorian\ve
ctorian69.pgf)
(C:\Users\gabri\AppData\Roaming\MiKTeX\2.9\tex/generic/pgfornament/vectorian\ve
ctorian26.pgf)
(C:\Users\gabri\AppData\Roaming\MiKTeX\2.9\tex/generic/pgfornament/vectorian\ve
ctorian26.pgf) [55]
(C:\Users\gabri\AppData\Roaming\MiKTeX\2.9\tex/generic/pgfornament/vectorian\ve
ctorian69.pgf)
(C:\Users\gabri\AppData\Roaming\MiKTeX\2.9\tex/generic/pgfornament/vectorian\ve
ctorian69.pgf)
(C:\Users\gabri\AppData\Roaming\MiKTeX\2.9\tex/generic/pgfornament/vectorian\ve
ctorian26.pgf)
(C:\Users\gabri\AppData\Roaming\MiKTeX\2.9\tex/generic/pgfornament/vectorian\ve
ctorian26.pgf) [56]
(C:\Users\gabri\AppData\Roaming\MiKTeX\2.9\tex/generic/pgfornament/vectorian\ve
ctorian69.pgf)
(C:\Users\gabri\AppData\Roaming\MiKTeX\2.9\tex/generic/pgfornament/vectorian\ve
ctorian69.pgf)
(C:\Users\gabri\AppData\Roaming\MiKTeX\2.9\tex/generic/pgfornament/vectorian\ve
ctorian26.pgf)
(C:\Users\gabri\AppData\Roaming\MiKTeX\2.9\tex/generic/pgfornament/vectorian\ve
ctorian26.pgf) [57]
(C:\Users\gabri\AppData\Roaming\MiKTeX\2.9\tex/generic/pgfornament/vectorian\ve
ctorian69.pgf)
(C:\Users\gabri\AppData\Roaming\MiKTeX\2.9\tex/generic/pgfornament/vectorian\ve
ctorian69.pgf)
(C:\Users\gabri\AppData\Roaming\MiKTeX\2.9\tex/generic/pgfornament/vectorian\ve
ctorian26.pgf)
(C:\Users\gabri\AppData\Roaming\MiKTeX\2.9\tex/generic/pgfornament/vectorian\ve
ctorian26.pgf) [58]
(C:\Users\gabri\AppData\Roaming\MiKTeX\2.9\tex/generic/pgfornament/vectorian\ve
ctorian69.pgf)
(C:\Users\gabri\AppData\Roaming\MiKTeX\2.9\tex/generic/pgfornament/vectorian\ve
ctorian69.pgf)
(C:\Users\gabri\AppData\Roaming\MiKTeX\2.9\tex/generic/pgfornament/vectorian\ve
ctorian26.pgf)
(C:\Users\gabri\AppData\Roaming\MiKTeX\2.9\tex/generic/pgfornament/vectorian\ve
ctorian26.pgf) [59]
(C:\Users\gabri\AppData\Roaming\MiKTeX\2.9\tex/generic/pgfornament/vectorian\ve
ctorian69.pgf)
(C:\Users\gabri\AppData\Roaming\MiKTeX\2.9\tex/generic/pgfornament/vectorian\ve
ctorian69.pgf)
(C:\Users\gabri\AppData\Roaming\MiKTeX\2.9\tex/generic/pgfornament/vectorian\ve
ctorian26.pgf)
(C:\Users\gabri\AppData\Roaming\MiKTeX\2.9\tex/generic/pgfornament/vectorian\ve
ctorian26.pgf) [60]
(C:\Users\gabri\AppData\Roaming\MiKTeX\2.9\tex/generic/pgfornament/vectorian\ve
ctorian69.pgf)
(C:\Users\gabri\AppData\Roaming\MiKTeX\2.9\tex/generic/pgfornament/vectorian\ve
ctorian69.pgf)
(C:\Users\gabri\AppData\Roaming\MiKTeX\2.9\tex/generic/pgfornament/vectorian\ve
ctorian26.pgf)
(C:\Users\gabri\AppData\Roaming\MiKTeX\2.9\tex/generic/pgfornament/vectorian\ve
ctorian26.pgf) [61]
(C:\Users\gabri\AppData\Roaming\MiKTeX\2.9\tex/generic/pgfornament/vectorian\ve
ctorian69.pgf)
(C:\Users\gabri\AppData\Roaming\MiKTeX\2.9\tex/generic/pgfornament/vectorian\ve
ctorian69.pgf)
(C:\Users\gabri\AppData\Roaming\MiKTeX\2.9\tex/generic/pgfornament/vectorian\ve
ctorian26.pgf)
(C:\Users\gabri\AppData\Roaming\MiKTeX\2.9\tex/generic/pgfornament/vectorian\ve
ctorian26.pgf) [62]
(C:\Users\gabri\AppData\Roaming\MiKTeX\2.9\tex/generic/pgfornament/vectorian\ve
ctorian69.pgf)
(C:\Users\gabri\AppData\Roaming\MiKTeX\2.9\tex/generic/pgfornament/vectorian\ve
ctorian69.pgf)
(C:\Users\gabri\AppData\Roaming\MiKTeX\2.9\tex/generic/pgfornament/vectorian\ve
ctorian26.pgf)
(C:\Users\gabri\AppData\Roaming\MiKTeX\2.9\tex/generic/pgfornament/vectorian\ve
ctorian26.pgf) [63]
(C:\Users\gabri\AppData\Roaming\MiKTeX\2.9\tex/generic/pgfornament/vectorian\ve
ctorian69.pgf)
(C:\Users\gabri\AppData\Roaming\MiKTeX\2.9\tex/generic/pgfornament/vectorian\ve
ctorian69.pgf)
(C:\Users\gabri\AppData\Roaming\MiKTeX\2.9\tex/generic/pgfornament/vectorian\ve
ctorian26.pgf)
(C:\Users\gabri\AppData\Roaming\MiKTeX\2.9\tex/generic/pgfornament/vectorian\ve
ctorian26.pgf) [64]
(C:\Users\gabri\AppData\Roaming\MiKTeX\2.9\tex/generic/pgfornament/vectorian\ve
ctorian69.pgf)
(C:\Users\gabri\AppData\Roaming\MiKTeX\2.9\tex/generic/pgfornament/vectorian\ve
ctorian69.pgf)
(C:\Users\gabri\AppData\Roaming\MiKTeX\2.9\tex/generic/pgfornament/vectorian\ve
ctorian26.pgf)
(C:\Users\gabri\AppData\Roaming\MiKTeX\2.9\tex/generic/pgfornament/vectorian\ve
ctorian26.pgf) [65]
(C:\Users\gabri\AppData\Roaming\MiKTeX\2.9\tex/generic/pgfornament/vectorian\ve
ctorian69.pgf)
(C:\Users\gabri\AppData\Roaming\MiKTeX\2.9\tex/generic/pgfornament/vectorian\ve
ctorian69.pgf)
(C:\Users\gabri\AppData\Roaming\MiKTeX\2.9\tex/generic/pgfornament/vectorian\ve
ctorian26.pgf)
(C:\Users\gabri\AppData\Roaming\MiKTeX\2.9\tex/generic/pgfornament/vectorian\ve
ctorian26.pgf) [66]
(C:\Users\gabri\AppData\Roaming\MiKTeX\2.9\tex/generic/pgfornament/vectorian\ve
ctorian69.pgf)
(C:\Users\gabri\AppData\Roaming\MiKTeX\2.9\tex/generic/pgfornament/vectorian\ve
ctorian69.pgf)
(C:\Users\gabri\AppData\Roaming\MiKTeX\2.9\tex/generic/pgfornament/vectorian\ve
ctorian26.pgf)
(C:\Users\gabri\AppData\Roaming\MiKTeX\2.9\tex/generic/pgfornament/vectorian\ve
ctorian26.pgf) [67]
(C:\Users\gabri\AppData\Roaming\MiKTeX\2.9\tex/generic/pgfornament/vectorian\ve
ctorian69.pgf)
(C:\Users\gabri\AppData\Roaming\MiKTeX\2.9\tex/generic/pgfornament/vectorian\ve
ctorian69.pgf)
(C:\Users\gabri\AppData\Roaming\MiKTeX\2.9\tex/generic/pgfornament/vectorian\ve
ctorian26.pgf)
(C:\Users\gabri\AppData\Roaming\MiKTeX\2.9\tex/generic/pgfornament/vectorian\ve
ctorian26.pgf) [68]
(C:\Users\gabri\AppData\Roaming\MiKTeX\2.9\tex/generic/pgfornament/vectorian\ve
ctorian69.pgf)
(C:\Users\gabri\AppData\Roaming\MiKTeX\2.9\tex/generic/pgfornament/vectorian\ve
ctorian69.pgf)
(C:\Users\gabri\AppData\Roaming\MiKTeX\2.9\tex/generic/pgfornament/vectorian\ve
ctorian26.pgf)
(C:\Users\gabri\AppData\Roaming\MiKTeX\2.9\tex/generic/pgfornament/vectorian\ve
ctorian26.pgf) [69]
(C:\Users\gabri\AppData\Roaming\MiKTeX\2.9\tex/generic/pgfornament/vectorian\ve
ctorian69.pgf)
(C:\Users\gabri\AppData\Roaming\MiKTeX\2.9\tex/generic/pgfornament/vectorian\ve
ctorian69.pgf)
(C:\Users\gabri\AppData\Roaming\MiKTeX\2.9\tex/generic/pgfornament/vectorian\ve
ctorian26.pgf)
(C:\Users\gabri\AppData\Roaming\MiKTeX\2.9\tex/generic/pgfornament/vectorian\ve
ctorian26.pgf) [70]
(C:\Users\gabri\AppData\Roaming\MiKTeX\2.9\tex/generic/pgfornament/vectorian\ve
ctorian69.pgf)
(C:\Users\gabri\AppData\Roaming\MiKTeX\2.9\tex/generic/pgfornament/vectorian\ve
ctorian69.pgf)
(C:\Users\gabri\AppData\Roaming\MiKTeX\2.9\tex/generic/pgfornament/vectorian\ve
ctorian26.pgf)
(C:\Users\gabri\AppData\Roaming\MiKTeX\2.9\tex/generic/pgfornament/vectorian\ve
ctorian26.pgf) [71]
(C:\Users\gabri\AppData\Roaming\MiKTeX\2.9\tex/generic/pgfornament/vectorian\ve
ctorian69.pgf)
(C:\Users\gabri\AppData\Roaming\MiKTeX\2.9\tex/generic/pgfornament/vectorian\ve
ctorian69.pgf)
(C:\Users\gabri\AppData\Roaming\MiKTeX\2.9\tex/generic/pgfornament/vectorian\ve
ctorian26.pgf)
(C:\Users\gabri\AppData\Roaming\MiKTeX\2.9\tex/generic/pgfornament/vectorian\ve
ctorian26.pgf) [72]
(C:\Users\gabri\AppData\Roaming\MiKTeX\2.9\tex/generic/pgfornament/vectorian\ve
ctorian69.pgf)
(C:\Users\gabri\AppData\Roaming\MiKTeX\2.9\tex/generic/pgfornament/vectorian\ve
ctorian69.pgf)
(C:\Users\gabri\AppData\Roaming\MiKTeX\2.9\tex/generic/pgfornament/vectorian\ve
ctorian26.pgf)
(C:\Users\gabri\AppData\Roaming\MiKTeX\2.9\tex/generic/pgfornament/vectorian\ve
ctorian26.pgf) [73]
(C:\Users\gabri\AppData\Roaming\MiKTeX\2.9\tex/generic/pgfornament/vectorian\ve
ctorian69.pgf)
(C:\Users\gabri\AppData\Roaming\MiKTeX\2.9\tex/generic/pgfornament/vectorian\ve
ctorian69.pgf)
(C:\Users\gabri\AppData\Roaming\MiKTeX\2.9\tex/generic/pgfornament/vectorian\ve
ctorian26.pgf)
(C:\Users\gabri\AppData\Roaming\MiKTeX\2.9\tex/generic/pgfornament/vectorian\ve
ctorian26.pgf) [74]
(C:\Users\gabri\AppData\Roaming\MiKTeX\2.9\tex/generic/pgfornament/vectorian\ve
ctorian69.pgf)
(C:\Users\gabri\AppData\Roaming\MiKTeX\2.9\tex/generic/pgfornament/vectorian\ve
ctorian69.pgf)
(C:\Users\gabri\AppData\Roaming\MiKTeX\2.9\tex/generic/pgfornament/vectorian\ve
ctorian26.pgf)
(C:\Users\gabri\AppData\Roaming\MiKTeX\2.9\tex/generic/pgfornament/vectorian\ve
ctorian26.pgf) [75]
(C:\Users\gabri\AppData\Roaming\MiKTeX\2.9\tex/generic/pgfornament/vectorian\ve
ctorian69.pgf)
(C:\Users\gabri\AppData\Roaming\MiKTeX\2.9\tex/generic/pgfornament/vectorian\ve
ctorian69.pgf)
(C:\Users\gabri\AppData\Roaming\MiKTeX\2.9\tex/generic/pgfornament/vectorian\ve
ctorian26.pgf)
(C:\Users\gabri\AppData\Roaming\MiKTeX\2.9\tex/generic/pgfornament/vectorian\ve
ctorian26.pgf) [76]
(C:\Users\gabri\AppData\Roaming\MiKTeX\2.9\tex/generic/pgfornament/vectorian\ve
ctorian69.pgf)
(C:\Users\gabri\AppData\Roaming\MiKTeX\2.9\tex/generic/pgfornament/vectorian\ve
ctorian69.pgf)
(C:\Users\gabri\AppData\Roaming\MiKTeX\2.9\tex/generic/pgfornament/vectorian\ve
ctorian26.pgf)
(C:\Users\gabri\AppData\Roaming\MiKTeX\2.9\tex/generic/pgfornament/vectorian\ve
ctorian26.pgf) [77]
(C:\Users\gabri\AppData\Roaming\MiKTeX\2.9\tex/generic/pgfornament/vectorian\ve
ctorian69.pgf)
(C:\Users\gabri\AppData\Roaming\MiKTeX\2.9\tex/generic/pgfornament/vectorian\ve
ctorian69.pgf)
(C:\Users\gabri\AppData\Roaming\MiKTeX\2.9\tex/generic/pgfornament/vectorian\ve
ctorian26.pgf)
(C:\Users\gabri\AppData\Roaming\MiKTeX\2.9\tex/generic/pgfornament/vectorian\ve
ctorian26.pgf) [78]
(C:\Users\gabri\AppData\Roaming\MiKTeX\2.9\tex/generic/pgfornament/vectorian\ve
ctorian69.pgf)
(C:\Users\gabri\AppData\Roaming\MiKTeX\2.9\tex/generic/pgfornament/vectorian\ve
ctorian69.pgf)
(C:\Users\gabri\AppData\Roaming\MiKTeX\2.9\tex/generic/pgfornament/vectorian\ve
ctorian26.pgf)
(C:\Users\gabri\AppData\Roaming\MiKTeX\2.9\tex/generic/pgfornament/vectorian\ve
ctorian26.pgf) [79]
(C:\Users\gabri\AppData\Roaming\MiKTeX\2.9\tex/generic/pgfornament/vectorian\ve
ctorian69.pgf)
(C:\Users\gabri\AppData\Roaming\MiKTeX\2.9\tex/generic/pgfornament/vectorian\ve
ctorian69.pgf)
(C:\Users\gabri\AppData\Roaming\MiKTeX\2.9\tex/generic/pgfornament/vectorian\ve
ctorian26.pgf)
(C:\Users\gabri\AppData\Roaming\MiKTeX\2.9\tex/generic/pgfornament/vectorian\ve
ctorian26.pgf) [80]
(C:\Users\gabri\AppData\Roaming\MiKTeX\2.9\tex/generic/pgfornament/vectorian\ve
ctorian69.pgf)
(C:\Users\gabri\AppData\Roaming\MiKTeX\2.9\tex/generic/pgfornament/vectorian\ve
ctorian69.pgf)
(C:\Users\gabri\AppData\Roaming\MiKTeX\2.9\tex/generic/pgfornament/vectorian\ve
ctorian26.pgf)
(C:\Users\gabri\AppData\Roaming\MiKTeX\2.9\tex/generic/pgfornament/vectorian\ve
ctorian26.pgf) [81]
(C:\Users\gabri\AppData\Roaming\MiKTeX\2.9\tex/generic/pgfornament/vectorian\ve
ctorian69.pgf)
(C:\Users\gabri\AppData\Roaming\MiKTeX\2.9\tex/generic/pgfornament/vectorian\ve
ctorian69.pgf)
(C:\Users\gabri\AppData\Roaming\MiKTeX\2.9\tex/generic/pgfornament/vectorian\ve
ctorian26.pgf)
(C:\Users\gabri\AppData\Roaming\MiKTeX\2.9\tex/generic/pgfornament/vectorian\ve
ctorian26.pgf) [82] [83] [84] [85] ("EightyAphorismsAndMaxims JUST INSIDE.aux")
 ) 
Here is how much of TeX's memory you used:
 15384 strings out of 427272
 316793 string characters out of 3146595
 402811 words of memory out of 3000000
 18934 multiletter control sequences out of 15000+200000
 8349 words of font info for 40 fonts, out of 3000000 for 9000
 1348 hyphenation exceptions out of 8191
 68i,6n,70p,1068b,854s stack positions out of 5000i,500n,10000p,200000b,50000s

Output written on EightyAphorismsAndMaxims JUST INSIDE.pdf (93 pages).
