This is XeTeX, Version 3.14159265-2.6-0.999991 (MiKTeX 2.9.7250) (preloaded format=xelatex 2020.1.14)  30 JAN 2020 16:28
entering extended mode
**./ExercisesOnly.tex
(ExercisesOnly.tex
LaTeX2e <2019-10-01> patch level 3

(C:\Users\gjagush\Downloads\texstudio-2.12.10-win-portable-qt5\miktex\texmfs\in
stall\tex/latex/base\article.cls
Document Class: article 2019/10/25 v1.4k Standard LaTeX document class

(C:\Users\gjagush\Downloads\texstudio-2.12.10-win-portable-qt5\miktex\texmfs\in
stall\tex/latex/base\size10.clo
File: size10.clo 2019/10/25 v1.4k Standard LaTeX file (size option)
)
\c@part=\count80
\c@section=\count81
\c@subsection=\count82
\c@subsubsection=\count83
\c@paragraph=\count84
\c@subparagraph=\count85
\c@figure=\count86
\c@table=\count87
\abovecaptionskip=\skip41
\belowcaptionskip=\skip42
\bibindent=\dimen102
)
(C:\Users\gjagush\Downloads\texstudio-2.12.10-win-portable-qt5\miktex\texmfs\in
stall\tex/latex/geometry\geometry.sty
Package: geometry 2020/01/02 v5.9 Page Geometry

(C:\Users\gjagush\Downloads\texstudio-2.12.10-win-portable-qt5\miktex\texmfs\in
stall\tex/latex/graphics\keyval.sty
Package: keyval 2014/10/28 v1.15 key=value parser (DPC)
\KV@toks@=\toks14
)
(C:\Users\gjagush\Downloads\texstudio-2.12.10-win-portable-qt5\miktex\texmfs\in
stall\tex/generic/iftex\ifvtex.sty
Package: ifvtex 2019/10/25 v1.7 ifvtex legacy package. Use iftex instead.

(C:\Users\gjagush\Downloads\texstudio-2.12.10-win-portable-qt5\miktex\texmfs\in
stall\tex/generic/iftex\iftex.sty
Package: iftex 2019/11/07 v1.0c TeX engine tests
))
\Gm@cnth=\count88
\Gm@cntv=\count89
\c@Gm@tempcnt=\count90
\Gm@bindingoffset=\dimen103
\Gm@wd@mp=\dimen104
\Gm@odd@mp=\dimen105
\Gm@even@mp=\dimen106
\Gm@layoutwidth=\dimen107
\Gm@layoutheight=\dimen108
\Gm@layouthoffset=\dimen109
\Gm@layoutvoffset=\dimen110
\Gm@dimlist=\toks15

(C:\Users\gjagush\Downloads\texstudio-2.12.10-win-portable-qt5\miktex\texmfs\in
stall\tex/xelatex/xetexconfig\geometry.cfg))
(C:\Users\gjagush\Downloads\texstudio-2.12.10-win-portable-qt5\miktex\texmfs\in
stall\tex/latex/parskip\parskip.sty
Package: parskip 2019-01-16 v2.0c non-zero parskip adjustments

(C:\Users\gjagush\Downloads\texstudio-2.12.10-win-portable-qt5\miktex\texmfs\in
stall\tex/latex/kvoptions\kvoptions.sty
Package: kvoptions 2019/11/29 v3.13 Key value format for package options (HO)

(C:\Users\gjagush\Downloads\texstudio-2.12.10-win-portable-qt5\miktex\texmfs\in
stall\tex/generic/ltxcmds\ltxcmds.sty
Package: ltxcmds 2019/12/15 v1.24 LaTeX kernel commands for general use (HO)
)
(C:\Users\gjagush\Downloads\texstudio-2.12.10-win-portable-qt5\miktex\texmfs\in
stall\tex/generic/kvsetkeys\kvsetkeys.sty
Package: kvsetkeys 2019/12/15 v1.18 Key value parser (HO)
))
(C:\Users\gjagush\Downloads\texstudio-2.12.10-win-portable-qt5\miktex\texmfs\in
stall\tex/latex/etoolbox\etoolbox.sty
Package: etoolbox 2019/09/21 v2.5h e-TeX tools for LaTeX (JAW)
\etb@tempcnta=\count91
)) (ExercisesOnly.aux)
\openout1 = `ExercisesOnly.aux'.

LaTeX Font Info:    Checking defaults for OML/cmm/m/it on input line 6.
LaTeX Font Info:    ... okay on input line 6.
LaTeX Font Info:    Checking defaults for T1/cmr/m/n on input line 6.
LaTeX Font Info:    ... okay on input line 6.
LaTeX Font Info:    Checking defaults for OT1/cmr/m/n on input line 6.
LaTeX Font Info:    ... okay on input line 6.
LaTeX Font Info:    Checking defaults for OMS/cmsy/m/n on input line 6.
LaTeX Font Info:    ... okay on input line 6.
LaTeX Font Info:    Checking defaults for TU/lmr/m/n on input line 6.
LaTeX Font Info:    ... okay on input line 6.
LaTeX Font Info:    Checking defaults for OMX/cmex/m/n on input line 6.
LaTeX Font Info:    ... okay on input line 6.
LaTeX Font Info:    Checking defaults for U/cmr/m/n on input line 6.
LaTeX Font Info:    ... okay on input line 6.

*geometry* detected driver: pdftex
*geometry* verbose mode - [ preamble ] result:
* driver: pdftex
* paper: <default>
* layout: <same size as paper>
* layoutoffset:(h,v)=(0.0pt,0.0pt)
* modes: 
* h-part:(L,W,R)=(92.14519pt, 430.00462pt, 92.14519pt)
* v-part:(T,H,B)=(95.39737pt, 556.47656pt, 143.09605pt)
* \paperwidth=614.295pt
* \paperheight=794.96999pt
* \textwidth=430.00462pt
* \textheight=556.47656pt
* \oddsidemargin=19.8752pt
* \evensidemargin=19.8752pt
* \topmargin=-13.87262pt
* \headheight=12.0pt
* \headsep=25.0pt
* \topskip=10.0pt
* \footskip=30.0pt
* \marginparwidth=65.0pt
* \marginparsep=11.0pt
* \columnsep=10.0pt
* \skip\footins=9.0pt plus 4.0pt minus 2.0pt
* \hoffset=0.0pt
* \voffset=0.0pt
* \mag=1000
* \@twocolumnfalse
* \@twosidefalse
* \@mparswitchfalse
* \@reversemarginfalse
* (1in=72.27pt=25.4mm, 1cm=28.453pt)

[1

] [2] [3] [4] [5] (ExercisesOnly.aux) ) 
Here is how much of TeX's memory you used:
 1414 strings out of 427233
 19271 string characters out of 3134236
 103008 words of memory out of 3000000
 5951 multiletter control sequences out of 15000+200000
 3688 words of font info for 20 fonts, out of 3000000 for 9000
 1348 hyphenation exceptions out of 8191
 30i,4n,23p,802b,99s stack positions out of 5000i,500n,10000p,200000b,50000s

Output written on ExercisesOnly.pdf (5 pages).
