This is XeTeX, Version 3.14159265-2.6-0.999991 (MiKTeX 2.9.7250) (preloaded format=xelatex 2020.1.14)  26 FEB 2020 17:00
entering extended mode
**./MOUP_associate.tex
(MOUP_associate.tex
LaTeX2e <2019-10-01> patch level 3

(C:\Users\gjagush\Downloads\texstudio-2.12.10-win-portable-qt5\miktex\texmfs\in
stall\tex/latex/base\book.cls
Document Class: book 2019/10/25 v1.4k Standard LaTeX document class

(C:\Users\gjagush\Downloads\texstudio-2.12.10-win-portable-qt5\miktex\texmfs\in
stall\tex/latex/base\bk10.clo
File: bk10.clo 2019/10/25 v1.4k Standard LaTeX file (size option)
)
\c@part=\count80
\c@chapter=\count81
\c@section=\count82
\c@subsection=\count83
\c@subsubsection=\count84
\c@paragraph=\count85
\c@subparagraph=\count86
\c@figure=\count87
\c@table=\count88
\abovecaptionskip=\skip41
\belowcaptionskip=\skip42
\bibindent=\dimen102
)
(C:\Users\gjagush\Downloads\texstudio-2.12.10-win-portable-qt5\miktex\texmfs\in
stall\tex/latex/base\fontenc.sty
Package: fontenc 2018/08/11 v2.0j Standard LaTeX package

(C:\Users\gjagush\Downloads\texstudio-2.12.10-win-portable-qt5\miktex\texmfs\in
stall\tex/latex/base\t1enc.def
File: t1enc.def 2018/08/11 v2.0j Standard LaTeX file
LaTeX Font Info:    Redeclaring font encoding T1 on input line 48.
)
LaTeX Font Info:    Trying to load font information for T1+lmr on input line 10
5.

(C:\Users\gjagush\Downloads\texstudio-2.12.10-win-portable-qt5\miktex\texmfs\in
stall\tex/latex/lm\t1lmr.fd
File: t1lmr.fd 2009/10/30 v1.6 Font defs for Latin Modern
))
(C:\Users\gjagush\Downloads\texstudio-2.12.10-win-portable-qt5\miktex\texmfs\in
stall\tex/latex/cjhebrew\cjhebrew.sty
Package: cjhebrew 2017/03/06 v. 0.2a cjhebrew Hebrew Typesetting System

(C:\Users\gjagush\Downloads\texstudio-2.12.10-win-portable-qt5\miktex\texmfs\in
stall\tex/generic/iftex\ifluatex.sty
Package: ifluatex 2019/10/25 v1.5 ifluatex legacy package. Use iftex instead.

(C:\Users\gjagush\Downloads\texstudio-2.12.10-win-portable-qt5\miktex\texmfs\in
stall\tex/generic/iftex\iftex.sty
Package: iftex 2019/11/07 v1.0c TeX engine tests
)))
(C:\Users\gjagush\Downloads\texstudio-2.12.10-win-portable-qt5\miktex\texmfs\in
stall\tex/latex/enumitem\enumitem.sty
Package: enumitem 2019/06/20 v3.9 Customized lists
\enitkv@toks@=\toks14
\labelindent=\skip43
\enit@outerparindent=\dimen103
\enit@toks=\toks15
\enit@inbox=\box27
\enit@count@id=\count89
\enitdp@description=\count90
)
(C:\Users\gjagush\Downloads\texstudio-2.12.10-win-portable-qt5\miktex\texmfs\in
stall\tex/xelatex/xunicode\xunicode.sty
File: xunicode.sty 2011/09/09 v0.981 provides access to latin accents and many 
other characters in Unicode lower plane

(C:\Users\gjagush\Downloads\texstudio-2.12.10-win-portable-qt5\miktex\texmfs\in
stall\tex/latex/tipa\t3enc.def
File: t3enc.def 2001/12/31 T3 encoding
LaTeX Font Info:    Trying to load font information for T1+lmss on input line 3
57.

(C:\Users\gjagush\Downloads\texstudio-2.12.10-win-portable-qt5\miktex\texmfs\in
stall\tex/latex/lm\t1lmss.fd
File: t1lmss.fd 2009/10/30 v1.6 Font defs for Latin Modern
))
\tipaTiiicode=\count91
\tipasavetokens=\toks16
\tipachecktokens=\toks17

(C:\Users\gjagush\Downloads\texstudio-2.12.10-win-portable-qt5\miktex\texmfs\in
stall\tex/latex/graphics\graphicx.sty
Package: graphicx 2017/06/01 v1.1a Enhanced LaTeX Graphics (DPC,SPQR)

(C:\Users\gjagush\Downloads\texstudio-2.12.10-win-portable-qt5\miktex\texmfs\in
stall\tex/latex/graphics\keyval.sty
Package: keyval 2014/10/28 v1.15 key=value parser (DPC)
\KV@toks@=\toks18
)
(C:\Users\gjagush\Downloads\texstudio-2.12.10-win-portable-qt5\miktex\texmfs\in
stall\tex/latex/graphics\graphics.sty
Package: graphics 2019/11/01 v1.3d Standard LaTeX Graphics (DPC,SPQR)

(C:\Users\gjagush\Downloads\texstudio-2.12.10-win-portable-qt5\miktex\texmfs\in
stall\tex/latex/graphics\trig.sty
Package: trig 2016/01/03 v1.10 sin cos tan (DPC)
)
(C:\Users\gjagush\Downloads\texstudio-2.12.10-win-portable-qt5\miktex\texmfs\in
stall\tex/latex/graphics-cfg\graphics.cfg
File: graphics.cfg 2016/06/04 v1.11 sample graphics configuration
)
Package graphics Info: Driver file: xetex.def on input line 105.

(C:\Users\gjagush\Downloads\texstudio-2.12.10-win-portable-qt5\miktex\texmfs\in
stall\tex/latex/graphics-def\xetex.def
File: xetex.def 2017/06/24 v5.0h Graphics/color driver for xetex
))
\Gin@req@height=\dimen104
\Gin@req@width=\dimen105
))
(C:\Users\gjagush\Downloads\texstudio-2.12.10-win-portable-qt5\miktex\texmfs\in
stall\tex/latex/url\url.sty
\Urlmuskip=\muskip10
Package: url 2013/09/16  ver 3.4  Verb mode for urls, etc.
)
(C:\Users\gjagush\Downloads\texstudio-2.12.10-win-portable-qt5\miktex\texmfs\in
stall\tex/latex/parskip\parskip.sty
Package: parskip 2019-01-16 v2.0c non-zero parskip adjustments

(C:\Users\gjagush\Downloads\texstudio-2.12.10-win-portable-qt5\miktex\texmfs\in
stall\tex/latex/kvoptions\kvoptions.sty
Package: kvoptions 2019/11/29 v3.13 Key value format for package options (HO)

(C:\Users\gjagush\Downloads\texstudio-2.12.10-win-portable-qt5\miktex\texmfs\in
stall\tex/generic/ltxcmds\ltxcmds.sty
Package: ltxcmds 2019/12/15 v1.24 LaTeX kernel commands for general use (HO)
)
(C:\Users\gjagush\Downloads\texstudio-2.12.10-win-portable-qt5\miktex\texmfs\in
stall\tex/generic/kvsetkeys\kvsetkeys.sty
Package: kvsetkeys 2019/12/15 v1.18 Key value parser (HO)
))
(C:\Users\gjagush\Downloads\texstudio-2.12.10-win-portable-qt5\miktex\texmfs\in
stall\tex/latex/etoolbox\etoolbox.sty
Package: etoolbox 2019/09/21 v2.5h e-TeX tools for LaTeX (JAW)
\etb@tempcnta=\count92
))
(C:\Users\gjagush\Downloads\texstudio-2.12.10-win-portable-qt5\miktex\texmfs\in
stall\tex/latex/pgf/frontendlayer\tikz.sty
(C:\Users\gjagush\Downloads\texstudio-2.12.10-win-portable-qt5\miktex\texmfs\in
stall\tex/latex/pgf/basiclayer\pgf.sty
(C:\Users\gjagush\Downloads\texstudio-2.12.10-win-portable-qt5\miktex\texmfs\in
stall\tex/latex/pgf/utilities\pgfrcs.sty
(C:\Users\gjagush\Downloads\texstudio-2.12.10-win-portable-qt5\miktex\texmfs\in
stall\tex/generic/pgf/utilities\pgfutil-common.tex
\pgfutil@everybye=\toks19
\pgfutil@tempdima=\dimen106
\pgfutil@tempdimb=\dimen107

(C:\Users\gjagush\Downloads\texstudio-2.12.10-win-portable-qt5\miktex\texmfs\in
stall\tex/generic/pgf/utilities\pgfutil-common-lists.tex))
(C:\Users\gjagush\Downloads\texstudio-2.12.10-win-portable-qt5\miktex\texmfs\in
stall\tex/generic/pgf/utilities\pgfutil-latex.def
\pgfutil@abb=\box28

(C:\Users\gjagush\Downloads\texstudio-2.12.10-win-portable-qt5\miktex\texmfs\in
stall\tex/latex/ms\everyshi.sty
Package: everyshi 2001/05/15 v3.00 EveryShipout Package (MS)
))
(C:\Users\gjagush\Downloads\texstudio-2.12.10-win-portable-qt5\miktex\texmfs\in
stall\tex/generic/pgf/utilities\pgfrcs.code.tex
(C:\Users\gjagush\Downloads\texstudio-2.12.10-win-portable-qt5\miktex\texmfs\in
stall\tex/generic/pgf\pgf.revision.tex)
Package: pgfrcs 2020/01/08 v3.1.5b (3.1.5b)
))
Package: pgf 2020/01/08 v3.1.5b (3.1.5b)

(C:\Users\gjagush\Downloads\texstudio-2.12.10-win-portable-qt5\miktex\texmfs\in
stall\tex/latex/pgf/basiclayer\pgfcore.sty
(C:\Users\gjagush\Downloads\texstudio-2.12.10-win-portable-qt5\miktex\texmfs\in
stall\tex/latex/pgf/systemlayer\pgfsys.sty
(C:\Users\gjagush\Downloads\texstudio-2.12.10-win-portable-qt5\miktex\texmfs\in
stall\tex/generic/pgf/systemlayer\pgfsys.code.tex
Package: pgfsys 2020/01/08 v3.1.5b (3.1.5b)

(C:\Users\gjagush\Downloads\texstudio-2.12.10-win-portable-qt5\miktex\texmfs\in
stall\tex/generic/pgf/utilities\pgfkeys.code.tex
\pgfkeys@pathtoks=\toks20
\pgfkeys@temptoks=\toks21

(C:\Users\gjagush\Downloads\texstudio-2.12.10-win-portable-qt5\miktex\texmfs\in
stall\tex/generic/pgf/utilities\pgfkeysfiltered.code.tex
\pgfkeys@tmptoks=\toks22
))
\pgf@x=\dimen108
\pgf@y=\dimen109
\pgf@xa=\dimen110
\pgf@ya=\dimen111
\pgf@xb=\dimen112
\pgf@yb=\dimen113
\pgf@xc=\dimen114
\pgf@yc=\dimen115
\pgf@xd=\dimen116
\pgf@yd=\dimen117
\w@pgf@writea=\write3
\r@pgf@reada=\read1
\c@pgf@counta=\count93
\c@pgf@countb=\count94
\c@pgf@countc=\count95
\c@pgf@countd=\count96
\t@pgf@toka=\toks23
\t@pgf@tokb=\toks24
\t@pgf@tokc=\toks25
\pgf@sys@id@count=\count97

(C:\Users\gjagush\Downloads\texstudio-2.12.10-win-portable-qt5\miktex\texmfs\in
stall\tex/generic/pgf/systemlayer\pgf.cfg
File: pgf.cfg 2020/01/08 v3.1.5b (3.1.5b)
)
Driver file for pgf: pgfsys-xetex.def

(C:\Users\gjagush\Downloads\texstudio-2.12.10-win-portable-qt5\miktex\texmfs\in
stall\tex/generic/pgf/systemlayer\pgfsys-xetex.def
File: pgfsys-xetex.def 2020/01/08 v3.1.5b (3.1.5b)

(C:\Users\gjagush\Downloads\texstudio-2.12.10-win-portable-qt5\miktex\texmfs\in
stall\tex/generic/pgf/systemlayer\pgfsys-dvipdfmx.def
File: pgfsys-dvipdfmx.def 2020/01/08 v3.1.5b (3.1.5b)

(C:\Users\gjagush\Downloads\texstudio-2.12.10-win-portable-qt5\miktex\texmfs\in
stall\tex/generic/pgf/systemlayer\pgfsys-common-pdf.def
File: pgfsys-common-pdf.def 2020/01/08 v3.1.5b (3.1.5b)
)
\pgfsys@objnum=\count98
)))
(C:\Users\gjagush\Downloads\texstudio-2.12.10-win-portable-qt5\miktex\texmfs\in
stall\tex/generic/pgf/systemlayer\pgfsyssoftpath.code.tex
File: pgfsyssoftpath.code.tex 2020/01/08 v3.1.5b (3.1.5b)
\pgfsyssoftpath@smallbuffer@items=\count99
\pgfsyssoftpath@bigbuffer@items=\count100
)
(C:\Users\gjagush\Downloads\texstudio-2.12.10-win-portable-qt5\miktex\texmfs\in
stall\tex/generic/pgf/systemlayer\pgfsysprotocol.code.tex
File: pgfsysprotocol.code.tex 2020/01/08 v3.1.5b (3.1.5b)
))
(C:\Users\gjagush\Downloads\texstudio-2.12.10-win-portable-qt5\miktex\texmfs\in
stall\tex/latex/xcolor\xcolor.sty
Package: xcolor 2016/05/11 v2.12 LaTeX color extensions (UK)

(C:\Users\gjagush\Downloads\texstudio-2.12.10-win-portable-qt5\miktex\texmfs\in
stall\tex/latex/graphics-cfg\color.cfg
File: color.cfg 2016/01/02 v1.6 sample color configuration
)
Package xcolor Info: Driver file: xetex.def on input line 225.
Package xcolor Info: Model `cmy' substituted by `cmy0' on input line 1348.
Package xcolor Info: Model `RGB' extended on input line 1364.
Package xcolor Info: Model `HTML' substituted by `rgb' on input line 1366.
Package xcolor Info: Model `Hsb' substituted by `hsb' on input line 1367.
Package xcolor Info: Model `tHsb' substituted by `hsb' on input line 1368.
Package xcolor Info: Model `HSB' substituted by `hsb' on input line 1369.
Package xcolor Info: Model `Gray' substituted by `gray' on input line 1370.
Package xcolor Info: Model `wave' substituted by `hsb' on input line 1371.
)
(C:\Users\gjagush\Downloads\texstudio-2.12.10-win-portable-qt5\miktex\texmfs\in
stall\tex/generic/pgf/basiclayer\pgfcore.code.tex
Package: pgfcore 2020/01/08 v3.1.5b (3.1.5b)

(C:\Users\gjagush\Downloads\texstudio-2.12.10-win-portable-qt5\miktex\texmfs\in
stall\tex/generic/pgf/math\pgfmath.code.tex
(C:\Users\gjagush\Downloads\texstudio-2.12.10-win-portable-qt5\miktex\texmfs\in
stall\tex/generic/pgf/math\pgfmathcalc.code.tex
(C:\Users\gjagush\Downloads\texstudio-2.12.10-win-portable-qt5\miktex\texmfs\in
stall\tex/generic/pgf/math\pgfmathutil.code.tex)
(C:\Users\gjagush\Downloads\texstudio-2.12.10-win-portable-qt5\miktex\texmfs\in
stall\tex/generic/pgf/math\pgfmathparser.code.tex
\pgfmath@dimen=\dimen118
\pgfmath@count=\count101
\pgfmath@box=\box29
\pgfmath@toks=\toks26
\pgfmath@stack@operand=\toks27
\pgfmath@stack@operation=\toks28
)
(C:\Users\gjagush\Downloads\texstudio-2.12.10-win-portable-qt5\miktex\texmfs\in
stall\tex/generic/pgf/math\pgfmathfunctions.code.tex
(C:\Users\gjagush\Downloads\texstudio-2.12.10-win-portable-qt5\miktex\texmfs\in
stall\tex/generic/pgf/math\pgfmathfunctions.basic.code.tex)
(C:\Users\gjagush\Downloads\texstudio-2.12.10-win-portable-qt5\miktex\texmfs\in
stall\tex/generic/pgf/math\pgfmathfunctions.trigonometric.code.tex)
(C:\Users\gjagush\Downloads\texstudio-2.12.10-win-portable-qt5\miktex\texmfs\in
stall\tex/generic/pgf/math\pgfmathfunctions.random.code.tex)
(C:\Users\gjagush\Downloads\texstudio-2.12.10-win-portable-qt5\miktex\texmfs\in
stall\tex/generic/pgf/math\pgfmathfunctions.comparison.code.tex)
(C:\Users\gjagush\Downloads\texstudio-2.12.10-win-portable-qt5\miktex\texmfs\in
stall\tex/generic/pgf/math\pgfmathfunctions.base.code.tex)
(C:\Users\gjagush\Downloads\texstudio-2.12.10-win-portable-qt5\miktex\texmfs\in
stall\tex/generic/pgf/math\pgfmathfunctions.round.code.tex)
(C:\Users\gjagush\Downloads\texstudio-2.12.10-win-portable-qt5\miktex\texmfs\in
stall\tex/generic/pgf/math\pgfmathfunctions.misc.code.tex)
(C:\Users\gjagush\Downloads\texstudio-2.12.10-win-portable-qt5\miktex\texmfs\in
stall\tex/generic/pgf/math\pgfmathfunctions.integerarithmetics.code.tex)))
(C:\Users\gjagush\Downloads\texstudio-2.12.10-win-portable-qt5\miktex\texmfs\in
stall\tex/generic/pgf/math\pgfmathfloat.code.tex
\c@pgfmathroundto@lastzeros=\count102
))
(C:\Users\gjagush\Downloads\texstudio-2.12.10-win-portable-qt5\miktex\texmfs\in
stall\tex/generic/pgf/math\pgfint.code.tex)
(C:\Users\gjagush\Downloads\texstudio-2.12.10-win-portable-qt5\miktex\texmfs\in
stall\tex/generic/pgf/basiclayer\pgfcorepoints.code.tex
File: pgfcorepoints.code.tex 2020/01/08 v3.1.5b (3.1.5b)
\pgf@picminx=\dimen119
\pgf@picmaxx=\dimen120
\pgf@picminy=\dimen121
\pgf@picmaxy=\dimen122
\pgf@pathminx=\dimen123
\pgf@pathmaxx=\dimen124
\pgf@pathminy=\dimen125
\pgf@pathmaxy=\dimen126
\pgf@xx=\dimen127
\pgf@xy=\dimen128
\pgf@yx=\dimen129
\pgf@yy=\dimen130
\pgf@zx=\dimen131
\pgf@zy=\dimen132
)
(C:\Users\gjagush\Downloads\texstudio-2.12.10-win-portable-qt5\miktex\texmfs\in
stall\tex/generic/pgf/basiclayer\pgfcorepathconstruct.code.tex
File: pgfcorepathconstruct.code.tex 2020/01/08 v3.1.5b (3.1.5b)
\pgf@path@lastx=\dimen133
\pgf@path@lasty=\dimen134
)
(C:\Users\gjagush\Downloads\texstudio-2.12.10-win-portable-qt5\miktex\texmfs\in
stall\tex/generic/pgf/basiclayer\pgfcorepathusage.code.tex
File: pgfcorepathusage.code.tex 2020/01/08 v3.1.5b (3.1.5b)
\pgf@shorten@end@additional=\dimen135
\pgf@shorten@start@additional=\dimen136
)
(C:\Users\gjagush\Downloads\texstudio-2.12.10-win-portable-qt5\miktex\texmfs\in
stall\tex/generic/pgf/basiclayer\pgfcorescopes.code.tex
File: pgfcorescopes.code.tex 2020/01/08 v3.1.5b (3.1.5b)
\pgfpic=\box30
\pgf@hbox=\box31
\pgf@layerbox@main=\box32
\pgf@picture@serial@count=\count103
)
(C:\Users\gjagush\Downloads\texstudio-2.12.10-win-portable-qt5\miktex\texmfs\in
stall\tex/generic/pgf/basiclayer\pgfcoregraphicstate.code.tex
File: pgfcoregraphicstate.code.tex 2020/01/08 v3.1.5b (3.1.5b)
\pgflinewidth=\dimen137
)
(C:\Users\gjagush\Downloads\texstudio-2.12.10-win-portable-qt5\miktex\texmfs\in
stall\tex/generic/pgf/basiclayer\pgfcoretransformations.code.tex
File: pgfcoretransformations.code.tex 2020/01/08 v3.1.5b (3.1.5b)
\pgf@pt@x=\dimen138
\pgf@pt@y=\dimen139
\pgf@pt@temp=\dimen140
)
(C:\Users\gjagush\Downloads\texstudio-2.12.10-win-portable-qt5\miktex\texmfs\in
stall\tex/generic/pgf/basiclayer\pgfcorequick.code.tex
File: pgfcorequick.code.tex 2020/01/08 v3.1.5b (3.1.5b)
)
(C:\Users\gjagush\Downloads\texstudio-2.12.10-win-portable-qt5\miktex\texmfs\in
stall\tex/generic/pgf/basiclayer\pgfcoreobjects.code.tex
File: pgfcoreobjects.code.tex 2020/01/08 v3.1.5b (3.1.5b)
)
(C:\Users\gjagush\Downloads\texstudio-2.12.10-win-portable-qt5\miktex\texmfs\in
stall\tex/generic/pgf/basiclayer\pgfcorepathprocessing.code.tex
File: pgfcorepathprocessing.code.tex 2020/01/08 v3.1.5b (3.1.5b)
)
(C:\Users\gjagush\Downloads\texstudio-2.12.10-win-portable-qt5\miktex\texmfs\in
stall\tex/generic/pgf/basiclayer\pgfcorearrows.code.tex
File: pgfcorearrows.code.tex 2020/01/08 v3.1.5b (3.1.5b)
\pgfarrowsep=\dimen141
)
(C:\Users\gjagush\Downloads\texstudio-2.12.10-win-portable-qt5\miktex\texmfs\in
stall\tex/generic/pgf/basiclayer\pgfcoreshade.code.tex
File: pgfcoreshade.code.tex 2020/01/08 v3.1.5b (3.1.5b)
\pgf@max=\dimen142
\pgf@sys@shading@range@num=\count104
\pgf@shadingcount=\count105
)
(C:\Users\gjagush\Downloads\texstudio-2.12.10-win-portable-qt5\miktex\texmfs\in
stall\tex/generic/pgf/basiclayer\pgfcoreimage.code.tex
File: pgfcoreimage.code.tex 2020/01/08 v3.1.5b (3.1.5b)

(C:\Users\gjagush\Downloads\texstudio-2.12.10-win-portable-qt5\miktex\texmfs\in
stall\tex/generic/pgf/basiclayer\pgfcoreexternal.code.tex
File: pgfcoreexternal.code.tex 2020/01/08 v3.1.5b (3.1.5b)
\pgfexternal@startupbox=\box33
))
(C:\Users\gjagush\Downloads\texstudio-2.12.10-win-portable-qt5\miktex\texmfs\in
stall\tex/generic/pgf/basiclayer\pgfcorelayers.code.tex
File: pgfcorelayers.code.tex 2020/01/08 v3.1.5b (3.1.5b)
)
(C:\Users\gjagush\Downloads\texstudio-2.12.10-win-portable-qt5\miktex\texmfs\in
stall\tex/generic/pgf/basiclayer\pgfcoretransparency.code.tex
File: pgfcoretransparency.code.tex 2020/01/08 v3.1.5b (3.1.5b)
)
(C:\Users\gjagush\Downloads\texstudio-2.12.10-win-portable-qt5\miktex\texmfs\in
stall\tex/generic/pgf/basiclayer\pgfcorepatterns.code.tex
File: pgfcorepatterns.code.tex 2020/01/08 v3.1.5b (3.1.5b)
)
(C:\Users\gjagush\Downloads\texstudio-2.12.10-win-portable-qt5\miktex\texmfs\in
stall\tex/generic/pgf/basiclayer\pgfcorerdf.code.tex
File: pgfcorerdf.code.tex 2020/01/08 v3.1.5b (3.1.5b)
)))
(C:\Users\gjagush\Downloads\texstudio-2.12.10-win-portable-qt5\miktex\texmfs\in
stall\tex/generic/pgf/modules\pgfmoduleshapes.code.tex
File: pgfmoduleshapes.code.tex 2020/01/08 v3.1.5b (3.1.5b)
\pgfnodeparttextbox=\box34
)
(C:\Users\gjagush\Downloads\texstudio-2.12.10-win-portable-qt5\miktex\texmfs\in
stall\tex/generic/pgf/modules\pgfmoduleplot.code.tex
File: pgfmoduleplot.code.tex 2020/01/08 v3.1.5b (3.1.5b)
)
(C:\Users\gjagush\Downloads\texstudio-2.12.10-win-portable-qt5\miktex\texmfs\in
stall\tex/latex/pgf/compatibility\pgfcomp-version-0-65.sty
Package: pgfcomp-version-0-65 2020/01/08 v3.1.5b (3.1.5b)
\pgf@nodesepstart=\dimen143
\pgf@nodesepend=\dimen144
)
(C:\Users\gjagush\Downloads\texstudio-2.12.10-win-portable-qt5\miktex\texmfs\in
stall\tex/latex/pgf/compatibility\pgfcomp-version-1-18.sty
Package: pgfcomp-version-1-18 2020/01/08 v3.1.5b (3.1.5b)
))
(C:\Users\gjagush\Downloads\texstudio-2.12.10-win-portable-qt5\miktex\texmfs\in
stall\tex/latex/pgf/utilities\pgffor.sty
(C:\Users\gjagush\Downloads\texstudio-2.12.10-win-portable-qt5\miktex\texmfs\in
stall\tex/latex/pgf/utilities\pgfkeys.sty
(C:\Users\gjagush\Downloads\texstudio-2.12.10-win-portable-qt5\miktex\texmfs\in
stall\tex/generic/pgf/utilities\pgfkeys.code.tex))
(C:\Users\gjagush\Downloads\texstudio-2.12.10-win-portable-qt5\miktex\texmfs\in
stall\tex/latex/pgf/math\pgfmath.sty
(C:\Users\gjagush\Downloads\texstudio-2.12.10-win-portable-qt5\miktex\texmfs\in
stall\tex/generic/pgf/math\pgfmath.code.tex))
(C:\Users\gjagush\Downloads\texstudio-2.12.10-win-portable-qt5\miktex\texmfs\in
stall\tex/generic/pgf/utilities\pgffor.code.tex
Package: pgffor 2020/01/08 v3.1.5b (3.1.5b)

(C:\Users\gjagush\Downloads\texstudio-2.12.10-win-portable-qt5\miktex\texmfs\in
stall\tex/generic/pgf/math\pgfmath.code.tex)
\pgffor@iter=\dimen145
\pgffor@skip=\dimen146
\pgffor@stack=\toks29
\pgffor@toks=\toks30
))
(C:\Users\gjagush\Downloads\texstudio-2.12.10-win-portable-qt5\miktex\texmfs\in
stall\tex/generic/pgf/frontendlayer/tikz\tikz.code.tex
Package: tikz 2020/01/08 v3.1.5b (3.1.5b)

(C:\Users\gjagush\Downloads\texstudio-2.12.10-win-portable-qt5\miktex\texmfs\in
stall\tex/generic/pgf/libraries\pgflibraryplothandlers.code.tex
File: pgflibraryplothandlers.code.tex 2020/01/08 v3.1.5b (3.1.5b)
\pgf@plot@mark@count=\count106
\pgfplotmarksize=\dimen147
)
\tikz@lastx=\dimen148
\tikz@lasty=\dimen149
\tikz@lastxsaved=\dimen150
\tikz@lastysaved=\dimen151
\tikz@lastmovetox=\dimen152
\tikz@lastmovetoy=\dimen153
\tikzleveldistance=\dimen154
\tikzsiblingdistance=\dimen155
\tikz@figbox=\box35
\tikz@figbox@bg=\box36
\tikz@tempbox=\box37
\tikz@tempbox@bg=\box38
\tikztreelevel=\count107
\tikznumberofchildren=\count108
\tikznumberofcurrentchild=\count109
\tikz@fig@count=\count110

(C:\Users\gjagush\Downloads\texstudio-2.12.10-win-portable-qt5\miktex\texmfs\in
stall\tex/generic/pgf/modules\pgfmodulematrix.code.tex
File: pgfmodulematrix.code.tex 2020/01/08 v3.1.5b (3.1.5b)
\pgfmatrixcurrentrow=\count111
\pgfmatrixcurrentcolumn=\count112
\pgf@matrix@numberofcolumns=\count113
)
\tikz@expandcount=\count114

(C:\Users\gjagush\Downloads\texstudio-2.12.10-win-portable-qt5\miktex\texmfs\in
stall\tex/generic/pgf/frontendlayer/tikz/libraries\tikzlibrarytopaths.code.tex
File: tikzlibrarytopaths.code.tex 2020/01/08 v3.1.5b (3.1.5b)
)))
(C:\Users\gjagush\Downloads\texstudio-2.12.10-win-portable-qt5\miktex\texmfs\in
stall\tex/latex/geometry\geometry.sty
Package: geometry 2020/01/02 v5.9 Page Geometry

(C:\Users\gjagush\Downloads\texstudio-2.12.10-win-portable-qt5\miktex\texmfs\in
stall\tex/generic/iftex\ifvtex.sty
Package: ifvtex 2019/10/25 v1.7 ifvtex legacy package. Use iftex instead.
)
\Gm@cnth=\count115
\Gm@cntv=\count116
\c@Gm@tempcnt=\count117
\Gm@bindingoffset=\dimen156
\Gm@wd@mp=\dimen157
\Gm@odd@mp=\dimen158
\Gm@even@mp=\dimen159
\Gm@layoutwidth=\dimen160
\Gm@layoutheight=\dimen161
\Gm@layouthoffset=\dimen162
\Gm@layoutvoffset=\dimen163
\Gm@dimlist=\toks31

(C:\Users\gjagush\Downloads\texstudio-2.12.10-win-portable-qt5\miktex\texmfs\in
stall\tex/xelatex/xetexconfig\geometry.cfg))
(C:\Users\gjagush\Downloads\texstudio-2.12.10-win-portable-qt5\miktex\texmfs\in
stall\tex/latex/titlesec\titlesec.sty
Package: titlesec 2019/10/16 v2.13 Sectioning titles
\ttl@box=\box39
\beforetitleunit=\skip44
\aftertitleunit=\skip45
\ttl@plus=\dimen164
\ttl@minus=\dimen165
\ttl@toksa=\toks32
\titlewidth=\dimen166
\titlewidthlast=\dimen167
\titlewidthfirst=\dimen168
)
(C:\Users\gjagush\Downloads\texstudio-2.12.10-win-portable-qt5\miktex\texmfs\in
stall\tex/latex/pdfpages\pdfpages.sty
Package: pdfpages 2019/12/17 v0.5p Insert pages of external PDF documents (AM)

(C:\Users\gjagush\Downloads\texstudio-2.12.10-win-portable-qt5\miktex\texmfs\in
stall\tex/latex/base\ifthen.sty
Package: ifthen 2014/09/29 v1.1c Standard LaTeX ifthen package (DPC)
)
(C:\Users\gjagush\Downloads\texstudio-2.12.10-win-portable-qt5\miktex\texmfs\in
stall\tex/latex/tools\calc.sty
Package: calc 2017/05/25 v4.3 Infix arithmetic (KKT,FJ)
\calc@Acount=\count118
\calc@Bcount=\count119
\calc@Adimen=\dimen169
\calc@Bdimen=\dimen170
\calc@Askip=\skip46
\calc@Bskip=\skip47
LaTeX Info: Redefining \setlength on input line 80.
LaTeX Info: Redefining \addtolength on input line 81.
\calc@Ccount=\count120
\calc@Cskip=\skip48
)
(C:\Users\gjagush\Downloads\texstudio-2.12.10-win-portable-qt5\miktex\texmfs\in
stall\tex/latex/eso-pic\eso-pic.sty
Package: eso-pic 2018/04/12 v2.0h eso-pic (RN)

(C:\Users\gjagush\Downloads\texstudio-2.12.10-win-portable-qt5\miktex\texmfs\in
stall\tex/generic/atbegshi\atbegshi.sty
Package: atbegshi 2019/12/05 v1.19 At begin shipout hook (HO)

(C:\Users\gjagush\Downloads\texstudio-2.12.10-win-portable-qt5\miktex\texmfs\in
stall\tex/generic/infwarerr\infwarerr.sty
Package: infwarerr 2019/12/03 v1.5 Providing info/warning/error messages (HO)
)))
\AM@pagewidth=\dimen171
\AM@pageheight=\dimen172

(C:\Users\gjagush\Downloads\texstudio-2.12.10-win-portable-qt5\miktex\texmfs\in
stall\tex/latex/pdfpages\ppxetex.def
File: ppxetex.def 2019/12/17 v0.5p Pdfpages driver for XeTeX (AM)
)
\AM@pagebox=\box40
\AM@global@opts=\toks33
\AM@toc@title=\toks34
\c@AM@survey=\count121
\AM@templatesizebox=\box41
) (MOUP_associate.aux)
\openout1 = `MOUP_associate.aux'.

LaTeX Font Info:    Checking defaults for OML/cmm/m/it on input line 63.
LaTeX Font Info:    ... okay on input line 63.
LaTeX Font Info:    Checking defaults for T1/cmr/m/n on input line 63.
LaTeX Font Info:    ... okay on input line 63.
LaTeX Font Info:    Checking defaults for OT1/cmr/m/n on input line 63.
LaTeX Font Info:    ... okay on input line 63.
LaTeX Font Info:    Checking defaults for OMS/cmsy/m/n on input line 63.
LaTeX Font Info:    ... okay on input line 63.
LaTeX Font Info:    Checking defaults for TU/lmr/m/n on input line 63.
LaTeX Font Info:    ... okay on input line 63.
LaTeX Font Info:    Checking defaults for OMX/cmex/m/n on input line 63.
LaTeX Font Info:    ... okay on input line 63.
LaTeX Font Info:    Checking defaults for U/cmr/m/n on input line 63.
LaTeX Font Info:    ... okay on input line 63.
LaTeX Font Info:    Checking defaults for T3/cmr/m/n on input line 63.
LaTeX Font Info:    Trying to load font information for T3+cmr on input line 63
.

(C:\Users\gjagush\Downloads\texstudio-2.12.10-win-portable-qt5\miktex\texmfs\in
stall\tex/latex/tipa\t3cmr.fd
File: t3cmr.fd 2001/12/31 TIPA font definitions
)
LaTeX Font Info:    ... okay on input line 63.
 ABD: EveryShipout initializing macros
*geometry* detected driver: pdftex
*geometry* verbose mode - [ preamble ] result:
* driver: pdftex
* paper: <default>
* layout: <same size as paper>
* layoutoffset:(h,v)=(0.0pt,0.0pt)
* modes: twoside 
* h-part:(L,W,R)=(73.71613pt, 430.00462pt, 110.57425pt)
* v-part:(T,H,B)=(95.39737pt, 556.47656pt, 143.09605pt)
* \paperwidth=614.295pt
* \paperheight=794.96999pt
* \textwidth=430.00462pt
* \textheight=556.47656pt
* \oddsidemargin=1.44614pt
* \evensidemargin=38.30426pt
* \topmargin=-6.94011pt
* \headheight=12.0pt
* \headsep=18.06749pt
* \topskip=10.0pt
* \footskip=25.29494pt
* \marginparwidth=125.0pt
* \marginparsep=7.0pt
* \columnsep=10.0pt
* \skip\footins=9.0pt plus 4.0pt minus 2.0pt
* \hoffset=0.0pt
* \voffset=0.0pt
* \mag=1000
* \@twocolumnfalse
* \@twosidetrue
* \@mparswitchtrue
* \@reversemarginfalse
* (1in=72.27pt=25.4mm, 1cm=28.453pt)

\AtBeginShipoutBox=\box42

(C:\Users\gjagush\Downloads\texstudio-2.12.10-win-portable-qt5\miktex\texmfs\in
stall\tex/latex/pdflscape\pdflscape.sty
Package: pdflscape 2019/12/05 v0.12 Display of landscape pages in PDF (HO)

(C:\Users\gjagush\Downloads\texstudio-2.12.10-win-portable-qt5\miktex\texmfs\in
stall\tex/latex/graphics\lscape.sty
Package: lscape 2000/10/22 v3.01 Landscape Pages (DPC)
)
Package pdflscape Info: Auto-detected driver: dvipdfm (xetex) on input line 98.

)
LaTeX Font Info:    External font `cmex10' loaded for size
(Font)              <12> on input line 64.
LaTeX Font Info:    External font `cmex10' loaded for size
(Font)              <8> on input line 64.
LaTeX Font Info:    External font `cmex10' loaded for size
(Font)              <6> on input line 64.
 [1


] [2

] (MOUP_associate.toc
LaTeX Font Info:    External font `cmex10' loaded for size
(Font)              <7> on input line 2.
LaTeX Font Info:    External font `cmex10' loaded for size
(Font)              <5> on input line 2.
)
\tf@toc=\write4
\openout4 = `MOUP_associate.toc'.

 [3] [4

]
Chapter 1.
(week01/week0100.tex (week01/week0101.tex
File: tikz/hexdot.pdf Graphic file (type pdf)
<use tikz/hexdot.pdf, page 1>
File: tikz/hexdot.pdf Graphic file (type pdf)
<use tikz/hexdot.pdf, page 1>
File: tikz/hexdot.pdf Graphic file (type pdf)
<use tikz/hexdot.pdf, page 1>
File: tikz/hexdot.pdf Graphic file (type pdf)
<use tikz/hexdot.pdf, page 1>
LaTeX Font Info:    Trying to load font information for OMS+lmr on input line 6
.

(C:\Users\gjagush\Downloads\texstudio-2.12.10-win-portable-qt5\miktex\texmfs\in
stall\tex/latex/lm\omslmr.fd
File: omslmr.fd 2009/10/30 v1.6 Font defs for Latin Modern
)
LaTeX Font Info:    Trying to load font information for OMS+lmsy on input line 
6.

(C:\Users\gjagush\Downloads\texstudio-2.12.10-win-portable-qt5\miktex\texmfs\in
stall\tex/latex/lm\omslmsy.fd
File: omslmsy.fd 2009/10/30 v1.6 Font defs for Latin Modern
)
LaTeX Font Info:    Font shape `OMS/lmr/m/n' in size <10> not available
(Font)              Font shape `OMS/lmsy/m/n' tried instead on input line 6.

Overfull \hbox (4.82951pt too wide) in paragraph at lines 9--10
\T1/lmr/m/n/10 Plutarch, Mas-ter Eck-hart, Ja-cob Boehme, Swe-den-borg, Eck-har
tshausen, Mar-tinez de Pasqually
 []

[5]
File: tikz/hexdot.pdf Graphic file (type pdf)
<use tikz/hexdot.pdf, page 1>
File: tikz/hexdot.pdf Graphic file (type pdf)
<use tikz/hexdot.pdf, page 1>
File: tikz/hexdot.pdf Graphic file (type pdf)
<use tikz/hexdot.pdf, page 1>
File: tikz/hexdot.pdf Graphic file (type pdf)
<use tikz/hexdot.pdf, page 1>
 [6]
File: tikz/hexdot.pdf Graphic file (type pdf)
<use tikz/hexdot.pdf, page 1>
File: tikz/hexdot.pdf Graphic file (type pdf)
<use tikz/hexdot.pdf, page 1>
File: tikz/hexdot.pdf Graphic file (type pdf)
<use tikz/hexdot.pdf, page 1>
File: tikz/hexdot.pdf Graphic file (type pdf)
<use tikz/hexdot.pdf, page 1>
File: tikz/hexdot.pdf Graphic file (type pdf)
<use tikz/hexdot.pdf, page 1>
File: tikz/hexdot.pdf Graphic file (type pdf)
<use tikz/hexdot.pdf, page 1>
Missing character: There is no ’ in font ec-lmr10!
Missing character: There is no ’ in font ec-lmr10!
LaTeX Font Info:    Trying to load font information for T1+lmtt on input line 1
00.

(C:\Users\gjagush\Downloads\texstudio-2.12.10-win-portable-qt5\miktex\texmfs\in
stall\tex/latex/lm\t1lmtt.fd
File: t1lmtt.fd 2009/10/30 v1.6 Font defs for Latin Modern
)) (week01/week0102.tex [7]
File: tikz/hexdot.pdf Graphic file (type pdf)
<use tikz/hexdot.pdf, page 1>
File: tikz/hexdot.pdf Graphic file (type pdf)
<use tikz/hexdot.pdf, page 1>
File: tikz/hexdot.pdf Graphic file (type pdf)
<use tikz/hexdot.pdf, page 1>
File: tikz/hexdot.pdf Graphic file (type pdf)
<use tikz/hexdot.pdf, page 1>
File: tikz/hexdot.pdf Graphic file (type pdf)
<use tikz/hexdot.pdf, page 1>
File: tikz/hexdot.pdf Graphic file (type pdf)
<use tikz/hexdot.pdf, page 1>
File: tikz/hexdot.pdf Graphic file (type pdf)
<use tikz/hexdot.pdf, page 1>
File: tikz/hexdot.pdf Graphic file (type pdf)
<use tikz/hexdot.pdf, page 1>
File: tikz/hexdot.pdf Graphic file (type pdf)
<use tikz/hexdot.pdf, page 1>
File: tikz/hexdot.pdf Graphic file (type pdf)
<use tikz/hexdot.pdf, page 1>
File: tikz/hexdot.pdf Graphic file (type pdf)
<use tikz/hexdot.pdf, page 1>
File: tikz/hexdot.pdf Graphic file (type pdf)
<use tikz/hexdot.pdf, page 1>
File: tikz/hexdot.pdf Graphic file (type pdf)
<use tikz/hexdot.pdf, page 1>
File: tikz/hexdot.pdf Graphic file (type pdf)
<use tikz/hexdot.pdf, page 1>
File: tikz/hexdot.pdf Graphic file (type pdf)
<use tikz/hexdot.pdf, page 1>
File: tikz/hexdot.pdf Graphic file (type pdf)
<use tikz/hexdot.pdf, page 1>
 [8]
File: tikz/hexdot.pdf Graphic file (type pdf)
<use tikz/hexdot.pdf, page 1>
File: tikz/hexdot.pdf Graphic file (type pdf)
<use tikz/hexdot.pdf, page 1>
File: tikz/hexdot.pdf Graphic file (type pdf)
<use tikz/hexdot.pdf, page 1>
File: tikz/hexdot.pdf Graphic file (type pdf)
<use tikz/hexdot.pdf, page 1>
 [9])
(week01/week0105.tex [10]
File: tikz/hexdot.pdf Graphic file (type pdf)
<use tikz/hexdot.pdf, page 1>
File: tikz/hexdot.pdf Graphic file (type pdf)
<use tikz/hexdot.pdf, page 1>
File: tikz/hexdot.pdf Graphic file (type pdf)
<use tikz/hexdot.pdf, page 1>
Missing character: There is no ’ in font ec-lmr10!
File: tikz/hexdot.pdf Graphic file (type pdf)
<use tikz/hexdot.pdf, page 1>
Missing character: There is no – in font ec-lmbx10!
Missing character: There is no – in font ec-lmbx10!
File: tikz/hexdot.pdf Graphic file (type pdf)
<use tikz/hexdot.pdf, page 1>
File: tikz/hexdot.pdf Graphic file (type pdf)
<use tikz/hexdot.pdf, page 1>
Missing character: There is no ’ in font ec-lmri10!
Missing character: There is no ’ in font ec-lmr10!
Missing character: There is no ’ in font ec-lmri10!
) [11] (week01/week0106.tex
Overfull \hbox (3.87036pt too wide) in paragraph at lines 1--1
|\T1/lmr/bx/n/14.4 A Con-cise His-tory of the Mar-tin-ist Or-der of Un-known Ph
iloso-
 []

File: tikz/hexdot.pdf Graphic file (type pdf)
<use tikz/hexdot.pdf, page 1>
File: tikz/hexdot.pdf Graphic file (type pdf)
<use tikz/hexdot.pdf, page 1>
File: tikz/hexdot.pdf Graphic file (type pdf)
<use tikz/hexdot.pdf, page 1>
File: tikz/hexdot.pdf Graphic file (type pdf)
<use tikz/hexdot.pdf, page 1>
File: tikz/hexdot.pdf Graphic file (type pdf)
<use tikz/hexdot.pdf, page 1>
[12]) (week01/week0107.tex [13]) [14] (week01/week0103.tex
Missing character: There is no – in font ec-lmr10!
) [15]
(week01/week0104.tex)) [16]
Chapter 2.
(week02/week0200.tex (week02/week0201.tex
File: week02/layouts.pdf Graphic file (type pdf)
<use week02/layouts.pdf>
File: week02/layouts.pdf Graphic file (type pdf)
<use week02/layouts.pdf>
File: week02/layouts.pdf Graphic file (type pdf)
<use week02/layouts.pdf, page 1>
File: week02/layouts.pdf Graphic file (type pdf)
<use week02/layouts.pdf, page 1>
 [17

]
File: week02/layouts.pdf Graphic file (type pdf)
<use week02/layouts.pdf, page 1>
File: week02/layouts.pdf Graphic file (type pdf)
<use week02/layouts.pdf, page 1>
File: week02/layouts.pdf Graphic file (type pdf)
<use week02/layouts.pdf, page 1>
 [18]
File: week02/layouts.pdf Graphic file (type pdf)
<use week02/layouts.pdf, page 2>
File: week02/layouts.pdf Graphic file (type pdf)
<use week02/layouts.pdf, page 2>
File: week02/layouts.pdf Graphic file (type pdf)
<use week02/layouts.pdf, page 2>
 [19] [20] [21]) [22]
(week02/week0202.tex) (week02/week0203.tex [23]
Missing character: There is no — in font ec-lmr10!
Missing character: There is no … in font ec-lmr10!

Overfull \hbox (5.07976pt too wide) in paragraph at lines 22--26
[]\T1/lmr/m/n/10 The task of hu-man-ity, in-di-vid-u-ally and col-lec-tively, i
s to be-come rein-te-grated into the Archetype
 []

Missing character: There is no … in font ec-lmr10!
[24]
Missing character: There is no — in font ec-lmr10!
) (week02/week0204.tex [25] [26]
Missing character: There is no ’ in font ec-lmr10!
 [27]
Missing character: There is no – in font ec-lmr10!
)) [28]
Chapter 3.
(week02/week0300.tex (week03/week0301.tex) (week03/week0302.tex [29

]
Missing character: There is no — in font ec-lmr10!
Missing character: There is no — in font ec-lmr10!
 [30])
(week03/week0303.tex [31]
Missing character: There is no – in font ec-lmr10!
Missing character: There is no “ in font ec-lmr10!
Missing character: There is no ” in font ec-lmr10!
Missing character: There is no ’ in font ec-lmr10!
Missing character: There is no ’ in font ec-lmr10!
 [32]
Missing character: There is no ’ in font ec-lmr10!
Missing character: There is no ’ in font ec-lmr10!
Missing character: There is no ’ in font ec-lmr10!
 [33]
Missing character: There is no ’ in font ec-lmr10!
Missing character: There is no ’ in font ec-lmr10!
) (week03/week0304.tex [34])
(week03/week0305.tex [35]
Missing character: There is no – in font ec-lmr10!
Missing character: There is no ’ in font ec-lmr10!
 [36])) [37] (MOUP_associate.aux) ) 
Here is how much of TeX's memory you used:
 17706 strings out of 427233
 319817 string characters out of 3134236
 369614 words of memory out of 3000000
 21876 multiletter control sequences out of 15000+200000
 44317 words of font info for 39 fonts, out of 3000000 for 9000
 1348 hyphenation exceptions out of 8191
 60i,18n,60p,1219b,428s stack positions out of 5000i,500n,10000p,200000b,50000s

Output written on MOUP_associate.pdf (37 pages).
