This is XeTeX, Version 3.14159265-2.6-0.999991 (MiKTeX 2.9.7250) (preloaded format=xelatex 2020.1.14)  28 JAN 2020 17:01
entering extended mode
**"./2021 committeemen.tex"
("2021 committeemen.tex"
LaTeX2e <2019-10-01> patch level 3

(C:\Users\gjagush\Downloads\texstudio-2.12.10-win-portable-qt5\miktex\texmfs\in
stall\tex/latex/base\article.cls
Document Class: article 2019/10/25 v1.4k Standard LaTeX document class

(C:\Users\gjagush\Downloads\texstudio-2.12.10-win-portable-qt5\miktex\texmfs\in
stall\tex/latex/base\size10.clo
File: size10.clo 2019/10/25 v1.4k Standard LaTeX file (size option)
)
\c@part=\count80
\c@section=\count81
\c@subsection=\count82
\c@subsubsection=\count83
\c@paragraph=\count84
\c@subparagraph=\count85
\c@figure=\count86
\c@table=\count87
\abovecaptionskip=\skip41
\belowcaptionskip=\skip42
\bibindent=\dimen102
)
(C:\Users\gjagush\Downloads\texstudio-2.12.10-win-portable-qt5\miktex\texmfs\in
stall\tex/latex/geometry\geometry.sty
Package: geometry 2020/01/02 v5.9 Page Geometry

(C:\Users\gjagush\Downloads\texstudio-2.12.10-win-portable-qt5\miktex\texmfs\in
stall\tex/latex/graphics\keyval.sty
Package: keyval 2014/10/28 v1.15 key=value parser (DPC)
\KV@toks@=\toks14
)
(C:\Users\gjagush\Downloads\texstudio-2.12.10-win-portable-qt5\miktex\texmfs\in
stall\tex/generic/iftex\ifvtex.sty
Package: ifvtex 2019/10/25 v1.7 ifvtex legacy package. Use iftex instead.

(C:\Users\gjagush\Downloads\texstudio-2.12.10-win-portable-qt5\miktex\texmfs\in
stall\tex/generic/iftex\iftex.sty
Package: iftex 2019/11/07 v1.0c TeX engine tests
))
\Gm@cnth=\count88
\Gm@cntv=\count89
\c@Gm@tempcnt=\count90
\Gm@bindingoffset=\dimen103
\Gm@wd@mp=\dimen104
\Gm@odd@mp=\dimen105
\Gm@even@mp=\dimen106
\Gm@layoutwidth=\dimen107
\Gm@layoutheight=\dimen108
\Gm@layouthoffset=\dimen109
\Gm@layoutvoffset=\dimen110
\Gm@dimlist=\toks15

(C:\Users\gjagush\Downloads\texstudio-2.12.10-win-portable-qt5\miktex\texmfs\in
stall\tex/xelatex/xetexconfig\geometry.cfg))
(C:\Users\gjagush\Downloads\texstudio-2.12.10-win-portable-qt5\miktex\texmfs\in
stall\tex/latex/amsmath\amsmath.sty
Package: amsmath 2019/11/16 v2.17d AMS math features
\@mathmargin=\skip43

For additional information on amsmath, use the `?' option.

(C:\Users\gjagush\Downloads\texstudio-2.12.10-win-portable-qt5\miktex\texmfs\in
stall\tex/latex/amsmath\amstext.sty
Package: amstext 2000/06/29 v2.01 AMS text

(C:\Users\gjagush\Downloads\texstudio-2.12.10-win-portable-qt5\miktex\texmfs\in
stall\tex/latex/amsmath\amsgen.sty
File: amsgen.sty 1999/11/30 v2.0 generic functions
\@emptytoks=\toks16
\ex@=\dimen111
))
(C:\Users\gjagush\Downloads\texstudio-2.12.10-win-portable-qt5\miktex\texmfs\in
stall\tex/latex/amsmath\amsbsy.sty
Package: amsbsy 1999/11/29 v1.2d Bold Symbols
\pmbraise@=\dimen112
)
(C:\Users\gjagush\Downloads\texstudio-2.12.10-win-portable-qt5\miktex\texmfs\in
stall\tex/latex/amsmath\amsopn.sty
Package: amsopn 2016/03/08 v2.02 operator names
)
\inf@bad=\count91
LaTeX Info: Redefining \frac on input line 227.
\uproot@=\count92
\leftroot@=\count93
LaTeX Info: Redefining \overline on input line 389.
\classnum@=\count94
\DOTSCASE@=\count95
LaTeX Info: Redefining \ldots on input line 486.
LaTeX Info: Redefining \dots on input line 489.
LaTeX Info: Redefining \cdots on input line 610.
\Mathstrutbox@=\box27
\strutbox@=\box28
\big@size=\dimen113
LaTeX Font Info:    Redeclaring font encoding OML on input line 733.
LaTeX Font Info:    Redeclaring font encoding OMS on input line 734.
\macc@depth=\count96
\c@MaxMatrixCols=\count97
\dotsspace@=\muskip10
\c@parentequation=\count98
\dspbrk@lvl=\count99
\tag@help=\toks17
\row@=\count100
\column@=\count101
\maxfields@=\count102
\andhelp@=\toks18
\eqnshift@=\dimen114
\alignsep@=\dimen115
\tagshift@=\dimen116
\tagwidth@=\dimen117
\totwidth@=\dimen118
\lineht@=\dimen119
\@envbody=\toks19
\multlinegap=\skip44
\multlinetaggap=\skip45
\mathdisplay@stack=\toks20
LaTeX Info: Redefining \[ on input line 2858.
LaTeX Info: Redefining \] on input line 2859.
)
(C:\Users\gjagush\Downloads\texstudio-2.12.10-win-portable-qt5\miktex\texmfs\in
stall\tex/latex/amsfonts\amssymb.sty
Package: amssymb 2013/01/14 v3.01 AMS font symbols

(C:\Users\gjagush\Downloads\texstudio-2.12.10-win-portable-qt5\miktex\texmfs\in
stall\tex/latex/amsfonts\amsfonts.sty
Package: amsfonts 2013/01/14 v3.01 Basic AMSFonts support
\symAMSa=\mathgroup4
\symAMSb=\mathgroup5
LaTeX Font Info:    Redeclaring math symbol \hbar on input line 98.
LaTeX Font Info:    Overwriting math alphabet `\mathfrak' in version `bold'
(Font)                  U/euf/m/n --> U/euf/b/n on input line 106.
))
(C:\Users\gjagush\Downloads\texstudio-2.12.10-win-portable-qt5\miktex\texmfs\in
stall\tex/latex/base\textcomp.sty
Package: textcomp 2018/08/11 v2.0j Standard LaTeX package
Package textcomp Info: Sub-encoding information:
(textcomp)               5 = only ISO-Adobe without \textcurrency
(textcomp)               4 = 5 + \texteuro
(textcomp)               3 = 4 + \textohm
(textcomp)               2 = 3 + \textestimated + \textcurrency
(textcomp)               1 = TS1 - \textcircled - \t
(textcomp)               0 = TS1 (full)
(textcomp)             Font families with sub-encoding setting implement
(textcomp)             only a restricted character set as indicated.
(textcomp)             Family '?' is the default used for unknown fonts.
(textcomp)             See the documentation for details.
Package textcomp Info: Setting ? sub-encoding to TS1/1 on input line 79.

(C:\Users\gjagush\Downloads\texstudio-2.12.10-win-portable-qt5\miktex\texmfs\in
stall\tex/latex/base\ts1enc.def
File: ts1enc.def 2001/06/05 v3.0e (jk/car/fm) Standard LaTeX file
)
LaTeX Info: Redefining \oldstylenums on input line 334.
Package textcomp Info: Setting cmr sub-encoding to TS1/0 on input line 349.
Package textcomp Info: Setting cmss sub-encoding to TS1/0 on input line 350.
Package textcomp Info: Setting cmtt sub-encoding to TS1/0 on input line 351.
Package textcomp Info: Setting cmvtt sub-encoding to TS1/0 on input line 352.
Package textcomp Info: Setting cmbr sub-encoding to TS1/0 on input line 353.
Package textcomp Info: Setting cmtl sub-encoding to TS1/0 on input line 354.
Package textcomp Info: Setting ccr sub-encoding to TS1/0 on input line 355.
Package textcomp Info: Setting ptm sub-encoding to TS1/4 on input line 356.
Package textcomp Info: Setting pcr sub-encoding to TS1/4 on input line 357.
Package textcomp Info: Setting phv sub-encoding to TS1/4 on input line 358.
Package textcomp Info: Setting ppl sub-encoding to TS1/3 on input line 359.
Package textcomp Info: Setting pag sub-encoding to TS1/4 on input line 360.
Package textcomp Info: Setting pbk sub-encoding to TS1/4 on input line 361.
Package textcomp Info: Setting pnc sub-encoding to TS1/4 on input line 362.
Package textcomp Info: Setting pzc sub-encoding to TS1/4 on input line 363.
Package textcomp Info: Setting bch sub-encoding to TS1/4 on input line 364.
Package textcomp Info: Setting put sub-encoding to TS1/5 on input line 365.
Package textcomp Info: Setting uag sub-encoding to TS1/5 on input line 366.
Package textcomp Info: Setting ugq sub-encoding to TS1/5 on input line 367.
Package textcomp Info: Setting ul8 sub-encoding to TS1/4 on input line 368.
Package textcomp Info: Setting ul9 sub-encoding to TS1/4 on input line 369.
Package textcomp Info: Setting augie sub-encoding to TS1/5 on input line 370.
Package textcomp Info: Setting dayrom sub-encoding to TS1/3 on input line 371.
Package textcomp Info: Setting dayroms sub-encoding to TS1/3 on input line 372.

Package textcomp Info: Setting pxr sub-encoding to TS1/0 on input line 373.
Package textcomp Info: Setting pxss sub-encoding to TS1/0 on input line 374.
Package textcomp Info: Setting pxtt sub-encoding to TS1/0 on input line 375.
Package textcomp Info: Setting txr sub-encoding to TS1/0 on input line 376.
Package textcomp Info: Setting txss sub-encoding to TS1/0 on input line 377.
Package textcomp Info: Setting txtt sub-encoding to TS1/0 on input line 378.
Package textcomp Info: Setting lmr sub-encoding to TS1/0 on input line 379.
Package textcomp Info: Setting lmdh sub-encoding to TS1/0 on input line 380.
Package textcomp Info: Setting lmss sub-encoding to TS1/0 on input line 381.
Package textcomp Info: Setting lmssq sub-encoding to TS1/0 on input line 382.
Package textcomp Info: Setting lmvtt sub-encoding to TS1/0 on input line 383.
Package textcomp Info: Setting lmtt sub-encoding to TS1/0 on input line 384.
Package textcomp Info: Setting qhv sub-encoding to TS1/0 on input line 385.
Package textcomp Info: Setting qag sub-encoding to TS1/0 on input line 386.
Package textcomp Info: Setting qbk sub-encoding to TS1/0 on input line 387.
Package textcomp Info: Setting qcr sub-encoding to TS1/0 on input line 388.
Package textcomp Info: Setting qcs sub-encoding to TS1/0 on input line 389.
Package textcomp Info: Setting qpl sub-encoding to TS1/0 on input line 390.
Package textcomp Info: Setting qtm sub-encoding to TS1/0 on input line 391.
Package textcomp Info: Setting qzc sub-encoding to TS1/0 on input line 392.
Package textcomp Info: Setting qhvc sub-encoding to TS1/0 on input line 393.
Package textcomp Info: Setting futs sub-encoding to TS1/4 on input line 394.
Package textcomp Info: Setting futx sub-encoding to TS1/4 on input line 395.
Package textcomp Info: Setting futj sub-encoding to TS1/4 on input line 396.
Package textcomp Info: Setting hlh sub-encoding to TS1/3 on input line 397.
Package textcomp Info: Setting hls sub-encoding to TS1/3 on input line 398.
Package textcomp Info: Setting hlst sub-encoding to TS1/3 on input line 399.
Package textcomp Info: Setting hlct sub-encoding to TS1/5 on input line 400.
Package textcomp Info: Setting hlx sub-encoding to TS1/5 on input line 401.
Package textcomp Info: Setting hlce sub-encoding to TS1/5 on input line 402.
Package textcomp Info: Setting hlcn sub-encoding to TS1/5 on input line 403.
Package textcomp Info: Setting hlcw sub-encoding to TS1/5 on input line 404.
Package textcomp Info: Setting hlcf sub-encoding to TS1/5 on input line 405.
Package textcomp Info: Setting pplx sub-encoding to TS1/3 on input line 406.
Package textcomp Info: Setting pplj sub-encoding to TS1/3 on input line 407.
Package textcomp Info: Setting ptmx sub-encoding to TS1/4 on input line 408.
Package textcomp Info: Setting ptmj sub-encoding to TS1/4 on input line 409.
)
(C:\Users\gjagush\Downloads\texstudio-2.12.10-win-portable-qt5\miktex\texmfs\in
stall\tex/latex/bbding\bbding.sty
Package: bbding 1999/04/15 v1.01 Dingbats symbols
)
(C:\Users\gjagush\Downloads\texstudio-2.12.10-win-portable-qt5\miktex\texmfs\in
stall\tex/latex/psnfss\pifont.sty
Package: pifont 2005/04/12 PSNFSS-v9.2a Pi font support (SPQR) 
LaTeX Font Info:    Trying to load font information for U+pzd on input line 63.


(C:\Users\gjagush\Downloads\texstudio-2.12.10-win-portable-qt5\miktex\texmfs\in
stall\tex/latex/psnfss\upzd.fd
File: upzd.fd 2001/06/04 font definitions for U/pzd.
)
LaTeX Font Info:    Trying to load font information for U+psy on input line 64.


(C:\Users\gjagush\Downloads\texstudio-2.12.10-win-portable-qt5\miktex\texmfs\in
stall\tex/latex/psnfss\upsy.fd
File: upsy.fd 2001/06/04 font definitions for U/psy.
))
(C:\Users\gjagush\Downloads\texstudio-2.12.10-win-portable-qt5\miktex\texmfs\in
stall\tex/latex/parskip\parskip.sty
Package: parskip 2019-01-16 v2.0c non-zero parskip adjustments

(C:\Users\gjagush\Downloads\texstudio-2.12.10-win-portable-qt5\miktex\texmfs\in
stall\tex/latex/kvoptions\kvoptions.sty
Package: kvoptions 2019/11/29 v3.13 Key value format for package options (HO)

(C:\Users\gjagush\Downloads\texstudio-2.12.10-win-portable-qt5\miktex\texmfs\in
stall\tex/generic/ltxcmds\ltxcmds.sty
Package: ltxcmds 2019/12/15 v1.24 LaTeX kernel commands for general use (HO)
)
(C:\Users\gjagush\Downloads\texstudio-2.12.10-win-portable-qt5\miktex\texmfs\in
stall\tex/generic/kvsetkeys\kvsetkeys.sty
Package: kvsetkeys 2019/12/15 v1.18 Key value parser (HO)
))
(C:\Users\gjagush\Downloads\texstudio-2.12.10-win-portable-qt5\miktex\texmfs\in
stall\tex/latex/etoolbox\etoolbox.sty
Package: etoolbox 2019/09/21 v2.5h e-TeX tools for LaTeX (JAW)
\etb@tempcnta=\count103
))
(C:\Users\gjagush\Downloads\texstudio-2.12.10-win-portable-qt5\miktex\texmfs\in
stall\tex/latex/url\url.sty
\Urlmuskip=\muskip11
Package: url 2013/09/16  ver 3.4  Verb mode for urls, etc.
)
(C:\Users\gjagush\Downloads\texstudio-2.12.10-win-portable-qt5\miktex\texmfs\in
stall\tex/generic/babel\babel.sty
Package: babel 2019/12/08 3.37 The Babel package

(C:\Users\gjagush\Downloads\texstudio-2.12.10-win-portable-qt5\miktex\texmfs\in
stall\tex/generic/babel\switch.def
File: switch.def 2019/12/08 3.37 Babel switching mechanism
)
*************************************
* Local config file bblopts.cfg used
*

(C:\Users\gjagush\Downloads\texstudio-2.12.10-win-portable-qt5\miktex\texmfs\in
stall\tex/latex/arabi\bblopts.cfg
File: bblopts.cfg 2005/09/08 v0.1 add Arabic and Farsi to "declared" options of
 babel
)
Package babel Info: You haven't specified a language. I'll use 'nil'
(babel)             as the main language. Reported on input line 581.

(C:\Users\gjagush\Downloads\texstudio-2.12.10-win-portable-qt5\miktex\texmfs\in
stall\tex/generic/babel\nil.ldf
Language: nil 2019/12/08 3.37 Nil language

(C:\Users\gjagush\Downloads\texstudio-2.12.10-win-portable-qt5\miktex\texmfs\in
stall\tex/generic/babel\babel.def
File: babel.def 2019/12/08 3.37 Babel common definitions
\babel@savecnt=\count104
\U@D=\dimen120

(C:\Users\gjagush\Downloads\texstudio-2.12.10-win-portable-qt5\miktex\texmfs\in
stall\tex/generic/babel\xebabel.def
(C:\Users\gjagush\Downloads\texstudio-2.12.10-win-portable-qt5\miktex\texmfs\in
stall\tex/generic/babel\txtbabel.def))
\bbl@dirlevel=\count105
)
\l@nil=\language82
))
(C:\Users\gjagush\Downloads\texstudio-2.12.10-win-portable-qt5\miktex\texmfs\in
stall\tex/latex/datetime\datetime.sty
Package: datetime 2015/03/20 v2.60 Date Time Package

(C:\Users\gjagush\Downloads\texstudio-2.12.10-win-portable-qt5\miktex\texmfs\in
stall\tex/latex/fmtcount\fmtcount.sty
Invalid UTF-8 byte or sequence at line 10 replaced by U+FFFD.
Invalid UTF-8 byte or sequence at line 22 replaced by U+FFFD.
Package: fmtcount 2017/12/24 v3.05

(C:\Users\gjagush\Downloads\texstudio-2.12.10-win-portable-qt5\miktex\texmfs\in
stall\tex/latex/base\ifthen.sty
Package: ifthen 2014/09/29 v1.1c Standard LaTeX ifthen package (DPC)
)
(C:\Users\gjagush\Downloads\texstudio-2.12.10-win-portable-qt5\miktex\texmfs\in
stall\tex/latex/xkeyval\xkeyval.sty
Package: xkeyval 2014/12/03 v2.7a package option processing (HA)

(C:\Users\gjagush\Downloads\texstudio-2.12.10-win-portable-qt5\miktex\texmfs\in
stall\tex/generic/xkeyval\xkeyval.tex
(C:\Users\gjagush\Downloads\texstudio-2.12.10-win-portable-qt5\miktex\texmfs\in
stall\tex/generic/xkeyval\xkvutils.tex
\XKV@toks=\toks21
\XKV@tempa@toks=\toks22
)
\XKV@depth=\count106
File: xkeyval.tex 2014/12/03 v2.7a key=value parser (HA)
))
(C:\Users\gjagush\Downloads\texstudio-2.12.10-win-portable-qt5\miktex\texmfs\in
stall\tex/latex/fmtcount\fcprefix.sty
Invalid UTF-8 byte or sequence at line 10 replaced by U+FFFD.
Invalid UTF-8 byte or sequence at line 22 replaced by U+FFFD.
Package: fcprefix 2012/09/28

(C:\Users\gjagush\Downloads\texstudio-2.12.10-win-portable-qt5\miktex\texmfs\in
stall\tex/latex/fmtcount\fcnumparser.sty
Invalid UTF-8 byte or sequence at line 10 replaced by U+FFFD.
Invalid UTF-8 byte or sequence at line 22 replaced by U+FFFD.
Package: fcnumparser 2017/06/15
\fc@digit@counter=\count107
))
\c@padzeroesN=\count108
\fc@tmpcatcode=\count109
\@DT@modctr=\count110
\@ordinalctr=\count111
\@orgargctr=\count112
\@strctr=\count113
\@tmpstrctr=\count114
\@DT@loopN=\count115
\@DT@X=\count116
)
(C:\Users\gjagush\Downloads\texstudio-2.12.10-win-portable-qt5\miktex\texmfs\in
stall\tex/latex/datetime\datetime-defaults.sty
Package: datetime-defaults 2013/09/10
)
\@day=\count117
\@month=\count118
\@year=\count119
\c@HOUR=\count120
\c@HOURXII=\count121
\c@MINUTE=\count122
\c@TOHOUR=\count123
\c@TOMINUTE=\count124
\c@SECOND=\count125
\currenthour=\count126
\currentminute=\count127
\currentsecond=\count128
Package datetime Info: No datetime.cfg file found, using default settings on in
put line 308.
\@dtctr=\count129
\dayofyear=\count130
\dayofweek=\count131
LaTeX Info: Redefining \today on input line 736.
\dt@a=\toks23
\dt@b=\toks24
)
(C:\Users\gjagush\Downloads\texstudio-2.12.10-win-portable-qt5\miktex\texmfs\in
stall\tex/latex/isodate\isodate.sty
Package: isodate 2010/01/03 v2.30 Print dates with different formats (HH)

(C:\Users\gjagush\Downloads\texstudio-2.12.10-win-portable-qt5\miktex\texmfs\in
stall\tex/latex/substr\substr.sty
Package: substr 2009/10/20 v1.2 Handle substrings
\c@su@anzahl=\count132
)
(C:\Users\gjagush\Downloads\texstudio-2.12.10-win-portable-qt5\miktex\texmfs\in
stall\tex/latex/isodate\english.idf
File: english.idf 2010/01/03 v2.30 Language definitions for isodate package (HH
)

Define commands for American date format
)
\c@iso@tmpmonth=\count133
\c@iso@yeartwo=\count134
LaTeX Info: Redefining \shortdate on input line 154.
\c@iso@slash=\count135
\c@iso@minus=\count136
\c@iso@dot=\count137
\c@iso@@slash=\count138
\c@iso@@minus=\count139
\c@iso@@dot=\count140
)
(C:\Users\gjagush\Downloads\texstudio-2.12.10-win-portable-qt5\miktex\texmfs\in
stall\tex/latex/graphics\graphicx.sty
Package: graphicx 2017/06/01 v1.1a Enhanced LaTeX Graphics (DPC,SPQR)

(C:\Users\gjagush\Downloads\texstudio-2.12.10-win-portable-qt5\miktex\texmfs\in
stall\tex/latex/graphics\graphics.sty
Package: graphics 2019/11/01 v1.3d Standard LaTeX Graphics (DPC,SPQR)

(C:\Users\gjagush\Downloads\texstudio-2.12.10-win-portable-qt5\miktex\texmfs\in
stall\tex/latex/graphics\trig.sty
Package: trig 2016/01/03 v1.10 sin cos tan (DPC)
)
(C:\Users\gjagush\Downloads\texstudio-2.12.10-win-portable-qt5\miktex\texmfs\in
stall\tex/latex/graphics-cfg\graphics.cfg
File: graphics.cfg 2016/06/04 v1.11 sample graphics configuration
)
Package graphics Info: Driver file: xetex.def on input line 105.

(C:\Users\gjagush\Downloads\texstudio-2.12.10-win-portable-qt5\miktex\texmfs\in
stall\tex/latex/graphics-def\xetex.def
File: xetex.def 2017/06/24 v5.0h Graphics/color driver for xetex
))
\Gin@req@height=\dimen121
\Gin@req@width=\dimen122
)
(C:\Users\gjagush\Downloads\texstudio-2.12.10-win-portable-qt5\miktex\texmfs\in
stall\tex/latex/graphics\rotating.sty
Package: rotating 2016/08/11 v2.16d rotated objects in LaTeX
\c@r@tfl@t=\count141
\rotFPtop=\skip46
\rotFPbot=\skip47
\rot@float@box=\box29
\rot@mess@toks=\toks25
) ("2021 committeemen.aux")
\openout1 = `"2021 committeemen.aux"'.

LaTeX Font Info:    Checking defaults for OML/cmm/m/it on input line 33.
LaTeX Font Info:    ... okay on input line 33.
LaTeX Font Info:    Checking defaults for T1/cmr/m/n on input line 33.
LaTeX Font Info:    ... okay on input line 33.
LaTeX Font Info:    Checking defaults for OT1/cmr/m/n on input line 33.
LaTeX Font Info:    ... okay on input line 33.
LaTeX Font Info:    Checking defaults for OMS/cmsy/m/n on input line 33.
LaTeX Font Info:    ... okay on input line 33.
LaTeX Font Info:    Checking defaults for TU/lmr/m/n on input line 33.
LaTeX Font Info:    ... okay on input line 33.
LaTeX Font Info:    Checking defaults for OMX/cmex/m/n on input line 33.
LaTeX Font Info:    ... okay on input line 33.
LaTeX Font Info:    Checking defaults for U/cmr/m/n on input line 33.
LaTeX Font Info:    ... okay on input line 33.
LaTeX Font Info:    Checking defaults for TS1/cmr/m/n on input line 33.
LaTeX Font Info:    Trying to load font information for TS1+cmr on input line 3
3.

(C:\Users\gjagush\Downloads\texstudio-2.12.10-win-portable-qt5\miktex\texmfs\in
stall\tex/latex/base\ts1cmr.fd
File: ts1cmr.fd 2014/09/29 v2.5h Standard LaTeX font definitions
)
LaTeX Font Info:    ... okay on input line 33.

*geometry* detected driver: pdftex
*geometry* verbose mode - [ preamble ] result:
* driver: pdftex
* paper: letterpaper
* layout: <same size as paper>
* layoutoffset:(h,v)=(0.0pt,0.0pt)
* modes: 
* h-part:(L,W,R)=(92.14519pt, 430.00462pt, 92.14519pt)
* v-part:(T,H,B)=(95.39737pt, 556.47656pt, 143.09605pt)
* \paperwidth=614.295pt
* \paperheight=794.96999pt
* \textwidth=430.00462pt
* \textheight=556.47656pt
* \oddsidemargin=19.8752pt
* \evensidemargin=19.8752pt
* \topmargin=-13.87262pt
* \headheight=12.0pt
* \headsep=25.0pt
* \topskip=10.0pt
* \footskip=30.0pt
* \marginparwidth=65.0pt
* \marginparsep=11.0pt
* \columnsep=10.0pt
* \skip\footins=9.0pt plus 4.0pt minus 2.0pt
* \hoffset=0.0pt
* \voffset=0.0pt
* \mag=1000
* \@twocolumnfalse
* \@twosidefalse
* \@mparswitchfalse
* \@reversemarginfalse
* (1in=72.27pt=25.4mm, 1cm=28.453pt)

isodate: babel.sty has been loaded
LaTeX Font Info:    Trying to load font information for U+msa on input line 34.


(C:\Users\gjagush\Downloads\texstudio-2.12.10-win-portable-qt5\miktex\texmfs\in
stall\tex/latex/amsfonts\umsa.fd
File: umsa.fd 2013/01/14 v3.01 AMS symbols A
)
LaTeX Font Info:    Trying to load font information for U+msb on input line 34.


(C:\Users\gjagush\Downloads\texstudio-2.12.10-win-portable-qt5\miktex\texmfs\in
stall\tex/latex/amsfonts\umsb.fd
File: umsb.fd 2013/01/14 v3.01 AMS symbols B
)

Package datetime Warning: No week day names defined for language 'nil', default
ing to English on input line 34.


Package datetime Warning: No month names provided for language 'nil' on input l
ine 34.

LaTeX Font Info:    Trying to load font information for U+ding on input line 42
.

(C:\Users\gjagush\Downloads\texstudio-2.12.10-win-portable-qt5\miktex\texmfs\in
stall\tex/latex/bbding\uding.fd
File: Uding.fd 1996/02/01 v1.0 BBding font definitions
)

LaTeX Font Warning: Font shape `U/ding/bx/n' undefined
(Font)              using `U/ding/m/n' instead on input line 42.


Overfull \hbox (15.9654pt too wide) in paragraph at lines 50--51
\TU/lmr/m/n/10 The Educational Foundation Committee is tasked with advertising 
and awarding scholarship application
 []

[1

] [2]

LaTeX Warning: No positions in optional float specifier.
               Default added (so using `tbp') on input line 78.

File: 2021GanttMembership.pdf Graphic file (type pdf)
<use 2021GanttMembership.pdf>
[3] [4] [5]
Overfull \hbox (2.99937pt too wide) in paragraph at lines 92--93
\TU/lmr/m/n/10 and recruit for Commandery, raising awareness of Worth Commander
y’s philanthropy, and increasing
 []


LaTeX Warning: No positions in optional float specifier.
               Default added (so using `tbp') on input line 100.

File: 2021GanttPublicity.pdf Graphic file (type pdf)
<use 2021GanttPublicity.pdf>
[6] [7] [8] [9] [10]
Overfull \hbox (9.50542pt too wide) in paragraph at lines 195--196
\TU/lmr/m/n/10 The Temple Board Committee is tasked with attending meetings of 
the Fort Worth Temple Association
 []

[11] ("2021 committeemen.aux")

LaTeX Font Warning: Some font shapes were not available, defaults substituted.

 ) 
Here is how much of TeX's memory you used:
 5388 strings out of 427233
 72728 string characters out of 3134236
 178265 words of memory out of 3000000
 9767 multiletter control sequences out of 15000+200000
 10899 words of font info for 53 fonts, out of 3000000 for 9000
 1348 hyphenation exceptions out of 8191
 39i,8n,34p,1033b,333s stack positions out of 5000i,500n,10000p,200000b,50000s

Output written on 2021 committeemen.pdf (11 pages).
