This is XeTeX, Version 3.14159265-2.6-0.999991 (MiKTeX 2.9.7250) (preloaded format=xelatex 2020.1.14)  15 JAN 2020 08:52
entering extended mode
**./80AAM_title_external.tex
(80AAM_title_external.tex
LaTeX2e <2019-10-01> patch level 3

(C:\Users\gjagush\Downloads\texstudio-2.12.10-win-portable-qt5\miktex\texmfs\in
stall\tex/latex/base\book.cls
Document Class: book 2019/10/25 v1.4k Standard LaTeX document class

(C:\Users\gjagush\Downloads\texstudio-2.12.10-win-portable-qt5\miktex\texmfs\in
stall\tex/latex/base\bk11.clo
File: bk11.clo 2019/10/25 v1.4k Standard LaTeX file (size option)
)
\c@part=\count80
\c@chapter=\count81
\c@section=\count82
\c@subsection=\count83
\c@subsubsection=\count84
\c@paragraph=\count85
\c@subparagraph=\count86
\c@figure=\count87
\c@table=\count88
\abovecaptionskip=\skip41
\belowcaptionskip=\skip42
\bibindent=\dimen102
)
\@input{80AAM_includes.aux}
\openout2 = `80AAM_includes.aux'.

(80AAM_includes.tex
(C:\Users\gjagush\Downloads\texstudio-2.12.10-win-portable-qt5\miktex\texmfs\in
stall\tex/latex/geometry\geometry.sty
Package: geometry 2020/01/02 v5.9 Page Geometry

(C:\Users\gjagush\Downloads\texstudio-2.12.10-win-portable-qt5\miktex\texmfs\in
stall\tex/latex/graphics\keyval.sty
Package: keyval 2014/10/28 v1.15 key=value parser (DPC)
\KV@toks@=\toks14
)
(C:\Users\gjagush\Downloads\texstudio-2.12.10-win-portable-qt5\miktex\texmfs\in
stall\tex/generic/iftex\ifvtex.sty
Package: ifvtex 2019/10/25 v1.7 ifvtex legacy package. Use iftex instead.

(C:\Users\gjagush\Downloads\texstudio-2.12.10-win-portable-qt5\miktex\texmfs\in
stall\tex/generic/iftex\iftex.sty
Package: iftex 2019/11/07 v1.0c TeX engine tests
))
\Gm@cnth=\count89
\Gm@cntv=\count90
\c@Gm@tempcnt=\count91
\Gm@bindingoffset=\dimen103
\Gm@wd@mp=\dimen104
\Gm@odd@mp=\dimen105
\Gm@even@mp=\dimen106
\Gm@layoutwidth=\dimen107
\Gm@layoutheight=\dimen108
\Gm@layouthoffset=\dimen109
\Gm@layoutvoffset=\dimen110
\Gm@dimlist=\toks15

(C:\Users\gjagush\Downloads\texstudio-2.12.10-win-portable-qt5\miktex\texmfs\in
stall\tex/xelatex/xetexconfig\geometry.cfg))
(C:\Users\gjagush\Downloads\texstudio-2.12.10-win-portable-qt5\miktex\texmfs\in
stall\tex/generic/genmisc\nth.sty
Package: nth 2002/02/27
)
(C:\Users\gjagush\Downloads\texstudio-2.12.10-win-portable-qt5\miktex\texmfs\in
stall\tex/latex/parskip\parskip.sty
Package: parskip 2019-01-16 v2.0c non-zero parskip adjustments

(C:\Users\gjagush\Downloads\texstudio-2.12.10-win-portable-qt5\miktex\texmfs\in
stall\tex/latex/kvoptions\kvoptions.sty
Package: kvoptions 2019/11/29 v3.13 Key value format for package options (HO)

(C:\Users\gjagush\Downloads\texstudio-2.12.10-win-portable-qt5\miktex\texmfs\in
stall\tex/generic/ltxcmds\ltxcmds.sty
Package: ltxcmds 2019/12/15 v1.24 LaTeX kernel commands for general use (HO)
)
(C:\Users\gjagush\Downloads\texstudio-2.12.10-win-portable-qt5\miktex\texmfs\in
stall\tex/generic/kvsetkeys\kvsetkeys.sty
Package: kvsetkeys 2019/12/15 v1.18 Key value parser (HO)
))
(C:\Users\gjagush\Downloads\texstudio-2.12.10-win-portable-qt5\miktex\texmfs\in
stall\tex/latex/etoolbox\etoolbox.sty
Package: etoolbox 2019/09/21 v2.5h e-TeX tools for LaTeX (JAW)
\etb@tempcnta=\count92
))
(C:\Users\gjagush\Downloads\texstudio-2.12.10-win-portable-qt5\miktex\texmfs\in
stall\tex/latex/url\url.sty
\Urlmuskip=\muskip10
Package: url 2013/09/16  ver 3.4  Verb mode for urls, etc.
)
(C:\Users\gjagush\Downloads\texstudio-2.12.10-win-portable-qt5\miktex\texmfs\in
stall\tex/latex/amsmath\amsmath.sty
Package: amsmath 2019/11/16 v2.17d AMS math features
\@mathmargin=\skip43

For additional information on amsmath, use the `?' option.

(C:\Users\gjagush\Downloads\texstudio-2.12.10-win-portable-qt5\miktex\texmfs\in
stall\tex/latex/amsmath\amstext.sty
Package: amstext 2000/06/29 v2.01 AMS text

(C:\Users\gjagush\Downloads\texstudio-2.12.10-win-portable-qt5\miktex\texmfs\in
stall\tex/latex/amsmath\amsgen.sty
File: amsgen.sty 1999/11/30 v2.0 generic functions
\@emptytoks=\toks16
\ex@=\dimen111
))
(C:\Users\gjagush\Downloads\texstudio-2.12.10-win-portable-qt5\miktex\texmfs\in
stall\tex/latex/amsmath\amsbsy.sty
Package: amsbsy 1999/11/29 v1.2d Bold Symbols
\pmbraise@=\dimen112
)
(C:\Users\gjagush\Downloads\texstudio-2.12.10-win-portable-qt5\miktex\texmfs\in
stall\tex/latex/amsmath\amsopn.sty
Package: amsopn 2016/03/08 v2.02 operator names
)
\inf@bad=\count93
LaTeX Info: Redefining \frac on input line 227.
\uproot@=\count94
\leftroot@=\count95
LaTeX Info: Redefining \overline on input line 389.
\classnum@=\count96
\DOTSCASE@=\count97
LaTeX Info: Redefining \ldots on input line 486.
LaTeX Info: Redefining \dots on input line 489.
LaTeX Info: Redefining \cdots on input line 610.
\Mathstrutbox@=\box27
\strutbox@=\box28
\big@size=\dimen113
LaTeX Font Info:    Redeclaring font encoding OML on input line 733.
LaTeX Font Info:    Redeclaring font encoding OMS on input line 734.
\macc@depth=\count98
\c@MaxMatrixCols=\count99
\dotsspace@=\muskip11
\c@parentequation=\count100
\dspbrk@lvl=\count101
\tag@help=\toks17
\row@=\count102
\column@=\count103
\maxfields@=\count104
\andhelp@=\toks18
\eqnshift@=\dimen114
\alignsep@=\dimen115
\tagshift@=\dimen116
\tagwidth@=\dimen117
\totwidth@=\dimen118
\lineht@=\dimen119
\@envbody=\toks19
\multlinegap=\skip44
\multlinetaggap=\skip45
\mathdisplay@stack=\toks20
LaTeX Info: Redefining \[ on input line 2858.
LaTeX Info: Redefining \] on input line 2859.
)
(C:\Users\gjagush\Downloads\texstudio-2.12.10-win-portable-qt5\miktex\texmfs\in
stall\tex/latex/amsfonts\amssymb.sty
Package: amssymb 2013/01/14 v3.01 AMS font symbols

(C:\Users\gjagush\Downloads\texstudio-2.12.10-win-portable-qt5\miktex\texmfs\in
stall\tex/latex/amsfonts\amsfonts.sty
Package: amsfonts 2013/01/14 v3.01 Basic AMSFonts support
\symAMSa=\mathgroup4
\symAMSb=\mathgroup5
LaTeX Font Info:    Redeclaring math symbol \hbar on input line 98.
LaTeX Font Info:    Overwriting math alphabet `\mathfrak' in version `bold'
(Font)                  U/euf/m/n --> U/euf/b/n on input line 106.
))
(C:\Users\gjagush\Downloads\texstudio-2.12.10-win-portable-qt5\miktex\texmfs\in
stall\tex/latex/graphics\graphicx.sty
Package: graphicx 2017/06/01 v1.1a Enhanced LaTeX Graphics (DPC,SPQR)

(C:\Users\gjagush\Downloads\texstudio-2.12.10-win-portable-qt5\miktex\texmfs\in
stall\tex/latex/graphics\graphics.sty
Package: graphics 2019/11/01 v1.3d Standard LaTeX Graphics (DPC,SPQR)

(C:\Users\gjagush\Downloads\texstudio-2.12.10-win-portable-qt5\miktex\texmfs\in
stall\tex/latex/graphics\trig.sty
Package: trig 2016/01/03 v1.10 sin cos tan (DPC)
)
(C:\Users\gjagush\Downloads\texstudio-2.12.10-win-portable-qt5\miktex\texmfs\in
stall\tex/latex/graphics-cfg\graphics.cfg
File: graphics.cfg 2016/06/04 v1.11 sample graphics configuration
)
Package graphics Info: Driver file: xetex.def on input line 105.

(C:\Users\gjagush\Downloads\texstudio-2.12.10-win-portable-qt5\miktex\texmfs\in
stall\tex/latex/graphics-def\xetex.def
File: xetex.def 2017/06/24 v5.0h Graphics/color driver for xetex
))
\Gin@req@height=\dimen120
\Gin@req@width=\dimen121
)
(C:\Users\gjagush\Downloads\texstudio-2.12.10-win-portable-qt5\miktex\texmfs\in
stall\tex/latex/transparent\transparent.sty
Package: transparent 2019/11/29 v1.4 Transparency via pdfTeX's color stack (HO)



Package transparent Warning: Loading aborted, because pdfTeX is not running in 
PDF mode.

)
(C:\Users\gjagush\Downloads\texstudio-2.12.10-win-portable-qt5\miktex\texmfs\in
stall\tex/latex/background\background.sty
Package: background 2014/03/04 v2.1 background material

(C:\Users\gjagush\Downloads\texstudio-2.12.10-win-portable-qt5\miktex\texmfs\in
stall\tex/latex/xkeyval\xkeyval.sty
Package: xkeyval 2014/12/03 v2.7a package option processing (HA)

(C:\Users\gjagush\Downloads\texstudio-2.12.10-win-portable-qt5\miktex\texmfs\in
stall\tex/generic/xkeyval\xkeyval.tex
(C:\Users\gjagush\Downloads\texstudio-2.12.10-win-portable-qt5\miktex\texmfs\in
stall\tex/generic/xkeyval\xkvutils.tex
\XKV@toks=\toks21
\XKV@tempa@toks=\toks22
)
\XKV@depth=\count105
File: xkeyval.tex 2014/12/03 v2.7a key=value parser (HA)
))
(C:\Users\gjagush\Downloads\texstudio-2.12.10-win-portable-qt5\miktex\texmfs\in
stall\tex/latex/pgf/frontendlayer\tikz.sty
(C:\Users\gjagush\Downloads\texstudio-2.12.10-win-portable-qt5\miktex\texmfs\in
stall\tex/latex/pgf/basiclayer\pgf.sty
(C:\Users\gjagush\Downloads\texstudio-2.12.10-win-portable-qt5\miktex\texmfs\in
stall\tex/latex/pgf/utilities\pgfrcs.sty
(C:\Users\gjagush\Downloads\texstudio-2.12.10-win-portable-qt5\miktex\texmfs\in
stall\tex/generic/pgf/utilities\pgfutil-common.tex
\pgfutil@everybye=\toks23
\pgfutil@tempdima=\dimen122
\pgfutil@tempdimb=\dimen123

(C:\Users\gjagush\Downloads\texstudio-2.12.10-win-portable-qt5\miktex\texmfs\in
stall\tex/generic/pgf/utilities\pgfutil-common-lists.tex))
(C:\Users\gjagush\Downloads\texstudio-2.12.10-win-portable-qt5\miktex\texmfs\in
stall\tex/generic/pgf/utilities\pgfutil-latex.def
\pgfutil@abb=\box29

(C:\Users\gjagush\Downloads\texstudio-2.12.10-win-portable-qt5\miktex\texmfs\in
stall\tex/latex/ms\everyshi.sty
Package: everyshi 2001/05/15 v3.00 EveryShipout Package (MS)
))
(C:\Users\gjagush\Downloads\texstudio-2.12.10-win-portable-qt5\miktex\texmfs\in
stall\tex/generic/pgf/utilities\pgfrcs.code.tex
(C:\Users\gjagush\Downloads\texstudio-2.12.10-win-portable-qt5\miktex\texmfs\in
stall\tex/generic/pgf\pgf.revision.tex)
Package: pgfrcs 2020/01/08 v3.1.5b (3.1.5b)
))
Package: pgf 2020/01/08 v3.1.5b (3.1.5b)

(C:\Users\gjagush\Downloads\texstudio-2.12.10-win-portable-qt5\miktex\texmfs\in
stall\tex/latex/pgf/basiclayer\pgfcore.sty
(C:\Users\gjagush\Downloads\texstudio-2.12.10-win-portable-qt5\miktex\texmfs\in
stall\tex/latex/pgf/systemlayer\pgfsys.sty
(C:\Users\gjagush\Downloads\texstudio-2.12.10-win-portable-qt5\miktex\texmfs\in
stall\tex/generic/pgf/systemlayer\pgfsys.code.tex
Package: pgfsys 2020/01/08 v3.1.5b (3.1.5b)

(C:\Users\gjagush\Downloads\texstudio-2.12.10-win-portable-qt5\miktex\texmfs\in
stall\tex/generic/pgf/utilities\pgfkeys.code.tex
\pgfkeys@pathtoks=\toks24
\pgfkeys@temptoks=\toks25

(C:\Users\gjagush\Downloads\texstudio-2.12.10-win-portable-qt5\miktex\texmfs\in
stall\tex/generic/pgf/utilities\pgfkeysfiltered.code.tex
\pgfkeys@tmptoks=\toks26
))
\pgf@x=\dimen124
\pgf@y=\dimen125
\pgf@xa=\dimen126
\pgf@ya=\dimen127
\pgf@xb=\dimen128
\pgf@yb=\dimen129
\pgf@xc=\dimen130
\pgf@yc=\dimen131
\pgf@xd=\dimen132
\pgf@yd=\dimen133
\w@pgf@writea=\write3
\r@pgf@reada=\read1
\c@pgf@counta=\count106
\c@pgf@countb=\count107
\c@pgf@countc=\count108
\c@pgf@countd=\count109
\t@pgf@toka=\toks27
\t@pgf@tokb=\toks28
\t@pgf@tokc=\toks29
\pgf@sys@id@count=\count110

(C:\Users\gjagush\Downloads\texstudio-2.12.10-win-portable-qt5\miktex\texmfs\in
stall\tex/generic/pgf/systemlayer\pgf.cfg
File: pgf.cfg 2020/01/08 v3.1.5b (3.1.5b)
)
Driver file for pgf: pgfsys-xetex.def

(C:\Users\gjagush\Downloads\texstudio-2.12.10-win-portable-qt5\miktex\texmfs\in
stall\tex/generic/pgf/systemlayer\pgfsys-xetex.def
File: pgfsys-xetex.def 2020/01/08 v3.1.5b (3.1.5b)

(C:\Users\gjagush\Downloads\texstudio-2.12.10-win-portable-qt5\miktex\texmfs\in
stall\tex/generic/pgf/systemlayer\pgfsys-dvipdfmx.def
File: pgfsys-dvipdfmx.def 2020/01/08 v3.1.5b (3.1.5b)

(C:\Users\gjagush\Downloads\texstudio-2.12.10-win-portable-qt5\miktex\texmfs\in
stall\tex/generic/pgf/systemlayer\pgfsys-common-pdf.def
File: pgfsys-common-pdf.def 2020/01/08 v3.1.5b (3.1.5b)
)
\pgfsys@objnum=\count111
)))
(C:\Users\gjagush\Downloads\texstudio-2.12.10-win-portable-qt5\miktex\texmfs\in
stall\tex/generic/pgf/systemlayer\pgfsyssoftpath.code.tex
File: pgfsyssoftpath.code.tex 2020/01/08 v3.1.5b (3.1.5b)
\pgfsyssoftpath@smallbuffer@items=\count112
\pgfsyssoftpath@bigbuffer@items=\count113
)
(C:\Users\gjagush\Downloads\texstudio-2.12.10-win-portable-qt5\miktex\texmfs\in
stall\tex/generic/pgf/systemlayer\pgfsysprotocol.code.tex
File: pgfsysprotocol.code.tex 2020/01/08 v3.1.5b (3.1.5b)
))
(C:\Users\gjagush\Downloads\texstudio-2.12.10-win-portable-qt5\miktex\texmfs\in
stall\tex/latex/xcolor\xcolor.sty
Package: xcolor 2016/05/11 v2.12 LaTeX color extensions (UK)

(C:\Users\gjagush\Downloads\texstudio-2.12.10-win-portable-qt5\miktex\texmfs\in
stall\tex/latex/graphics-cfg\color.cfg
File: color.cfg 2016/01/02 v1.6 sample color configuration
)
Package xcolor Info: Driver file: xetex.def on input line 225.
Package xcolor Info: Model `cmy' substituted by `cmy0' on input line 1348.
Package xcolor Info: Model `RGB' extended on input line 1364.
Package xcolor Info: Model `HTML' substituted by `rgb' on input line 1366.
Package xcolor Info: Model `Hsb' substituted by `hsb' on input line 1367.
Package xcolor Info: Model `tHsb' substituted by `hsb' on input line 1368.
Package xcolor Info: Model `HSB' substituted by `hsb' on input line 1369.
Package xcolor Info: Model `Gray' substituted by `gray' on input line 1370.
Package xcolor Info: Model `wave' substituted by `hsb' on input line 1371.
)
(C:\Users\gjagush\Downloads\texstudio-2.12.10-win-portable-qt5\miktex\texmfs\in
stall\tex/generic/pgf/basiclayer\pgfcore.code.tex
Package: pgfcore 2020/01/08 v3.1.5b (3.1.5b)

(C:\Users\gjagush\Downloads\texstudio-2.12.10-win-portable-qt5\miktex\texmfs\in
stall\tex/generic/pgf/math\pgfmath.code.tex
(C:\Users\gjagush\Downloads\texstudio-2.12.10-win-portable-qt5\miktex\texmfs\in
stall\tex/generic/pgf/math\pgfmathcalc.code.tex
(C:\Users\gjagush\Downloads\texstudio-2.12.10-win-portable-qt5\miktex\texmfs\in
stall\tex/generic/pgf/math\pgfmathutil.code.tex)
(C:\Users\gjagush\Downloads\texstudio-2.12.10-win-portable-qt5\miktex\texmfs\in
stall\tex/generic/pgf/math\pgfmathparser.code.tex
\pgfmath@dimen=\dimen134
\pgfmath@count=\count114
\pgfmath@box=\box30
\pgfmath@toks=\toks30
\pgfmath@stack@operand=\toks31
\pgfmath@stack@operation=\toks32
)
(C:\Users\gjagush\Downloads\texstudio-2.12.10-win-portable-qt5\miktex\texmfs\in
stall\tex/generic/pgf/math\pgfmathfunctions.code.tex
(C:\Users\gjagush\Downloads\texstudio-2.12.10-win-portable-qt5\miktex\texmfs\in
stall\tex/generic/pgf/math\pgfmathfunctions.basic.code.tex)
(C:\Users\gjagush\Downloads\texstudio-2.12.10-win-portable-qt5\miktex\texmfs\in
stall\tex/generic/pgf/math\pgfmathfunctions.trigonometric.code.tex)
(C:\Users\gjagush\Downloads\texstudio-2.12.10-win-portable-qt5\miktex\texmfs\in
stall\tex/generic/pgf/math\pgfmathfunctions.random.code.tex)
(C:\Users\gjagush\Downloads\texstudio-2.12.10-win-portable-qt5\miktex\texmfs\in
stall\tex/generic/pgf/math\pgfmathfunctions.comparison.code.tex)
(C:\Users\gjagush\Downloads\texstudio-2.12.10-win-portable-qt5\miktex\texmfs\in
stall\tex/generic/pgf/math\pgfmathfunctions.base.code.tex)
(C:\Users\gjagush\Downloads\texstudio-2.12.10-win-portable-qt5\miktex\texmfs\in
stall\tex/generic/pgf/math\pgfmathfunctions.round.code.tex)
(C:\Users\gjagush\Downloads\texstudio-2.12.10-win-portable-qt5\miktex\texmfs\in
stall\tex/generic/pgf/math\pgfmathfunctions.misc.code.tex)
(C:\Users\gjagush\Downloads\texstudio-2.12.10-win-portable-qt5\miktex\texmfs\in
stall\tex/generic/pgf/math\pgfmathfunctions.integerarithmetics.code.tex)))
(C:\Users\gjagush\Downloads\texstudio-2.12.10-win-portable-qt5\miktex\texmfs\in
stall\tex/generic/pgf/math\pgfmathfloat.code.tex
\c@pgfmathroundto@lastzeros=\count115
))
(C:\Users\gjagush\Downloads\texstudio-2.12.10-win-portable-qt5\miktex\texmfs\in
stall\tex/generic/pgf/math\pgfint.code.tex)
(C:\Users\gjagush\Downloads\texstudio-2.12.10-win-portable-qt5\miktex\texmfs\in
stall\tex/generic/pgf/basiclayer\pgfcorepoints.code.tex
File: pgfcorepoints.code.tex 2020/01/08 v3.1.5b (3.1.5b)
\pgf@picminx=\dimen135
\pgf@picmaxx=\dimen136
\pgf@picminy=\dimen137
\pgf@picmaxy=\dimen138
\pgf@pathminx=\dimen139
\pgf@pathmaxx=\dimen140
\pgf@pathminy=\dimen141
\pgf@pathmaxy=\dimen142
\pgf@xx=\dimen143
\pgf@xy=\dimen144
\pgf@yx=\dimen145
\pgf@yy=\dimen146
\pgf@zx=\dimen147
\pgf@zy=\dimen148
)
(C:\Users\gjagush\Downloads\texstudio-2.12.10-win-portable-qt5\miktex\texmfs\in
stall\tex/generic/pgf/basiclayer\pgfcorepathconstruct.code.tex
File: pgfcorepathconstruct.code.tex 2020/01/08 v3.1.5b (3.1.5b)
\pgf@path@lastx=\dimen149
\pgf@path@lasty=\dimen150
)
(C:\Users\gjagush\Downloads\texstudio-2.12.10-win-portable-qt5\miktex\texmfs\in
stall\tex/generic/pgf/basiclayer\pgfcorepathusage.code.tex
File: pgfcorepathusage.code.tex 2020/01/08 v3.1.5b (3.1.5b)
\pgf@shorten@end@additional=\dimen151
\pgf@shorten@start@additional=\dimen152
)
(C:\Users\gjagush\Downloads\texstudio-2.12.10-win-portable-qt5\miktex\texmfs\in
stall\tex/generic/pgf/basiclayer\pgfcorescopes.code.tex
File: pgfcorescopes.code.tex 2020/01/08 v3.1.5b (3.1.5b)
\pgfpic=\box31
\pgf@hbox=\box32
\pgf@layerbox@main=\box33
\pgf@picture@serial@count=\count116
)
(C:\Users\gjagush\Downloads\texstudio-2.12.10-win-portable-qt5\miktex\texmfs\in
stall\tex/generic/pgf/basiclayer\pgfcoregraphicstate.code.tex
File: pgfcoregraphicstate.code.tex 2020/01/08 v3.1.5b (3.1.5b)
\pgflinewidth=\dimen153
)
(C:\Users\gjagush\Downloads\texstudio-2.12.10-win-portable-qt5\miktex\texmfs\in
stall\tex/generic/pgf/basiclayer\pgfcoretransformations.code.tex
File: pgfcoretransformations.code.tex 2020/01/08 v3.1.5b (3.1.5b)
\pgf@pt@x=\dimen154
\pgf@pt@y=\dimen155
\pgf@pt@temp=\dimen156
)
(C:\Users\gjagush\Downloads\texstudio-2.12.10-win-portable-qt5\miktex\texmfs\in
stall\tex/generic/pgf/basiclayer\pgfcorequick.code.tex
File: pgfcorequick.code.tex 2020/01/08 v3.1.5b (3.1.5b)
)
(C:\Users\gjagush\Downloads\texstudio-2.12.10-win-portable-qt5\miktex\texmfs\in
stall\tex/generic/pgf/basiclayer\pgfcoreobjects.code.tex
File: pgfcoreobjects.code.tex 2020/01/08 v3.1.5b (3.1.5b)
)
(C:\Users\gjagush\Downloads\texstudio-2.12.10-win-portable-qt5\miktex\texmfs\in
stall\tex/generic/pgf/basiclayer\pgfcorepathprocessing.code.tex
File: pgfcorepathprocessing.code.tex 2020/01/08 v3.1.5b (3.1.5b)
)
(C:\Users\gjagush\Downloads\texstudio-2.12.10-win-portable-qt5\miktex\texmfs\in
stall\tex/generic/pgf/basiclayer\pgfcorearrows.code.tex
File: pgfcorearrows.code.tex 2020/01/08 v3.1.5b (3.1.5b)
\pgfarrowsep=\dimen157
)
(C:\Users\gjagush\Downloads\texstudio-2.12.10-win-portable-qt5\miktex\texmfs\in
stall\tex/generic/pgf/basiclayer\pgfcoreshade.code.tex
File: pgfcoreshade.code.tex 2020/01/08 v3.1.5b (3.1.5b)
\pgf@max=\dimen158
\pgf@sys@shading@range@num=\count117
\pgf@shadingcount=\count118
)
(C:\Users\gjagush\Downloads\texstudio-2.12.10-win-portable-qt5\miktex\texmfs\in
stall\tex/generic/pgf/basiclayer\pgfcoreimage.code.tex
File: pgfcoreimage.code.tex 2020/01/08 v3.1.5b (3.1.5b)

(C:\Users\gjagush\Downloads\texstudio-2.12.10-win-portable-qt5\miktex\texmfs\in
stall\tex/generic/pgf/basiclayer\pgfcoreexternal.code.tex
File: pgfcoreexternal.code.tex 2020/01/08 v3.1.5b (3.1.5b)
\pgfexternal@startupbox=\box34
))
(C:\Users\gjagush\Downloads\texstudio-2.12.10-win-portable-qt5\miktex\texmfs\in
stall\tex/generic/pgf/basiclayer\pgfcorelayers.code.tex
File: pgfcorelayers.code.tex 2020/01/08 v3.1.5b (3.1.5b)
)
(C:\Users\gjagush\Downloads\texstudio-2.12.10-win-portable-qt5\miktex\texmfs\in
stall\tex/generic/pgf/basiclayer\pgfcoretransparency.code.tex
File: pgfcoretransparency.code.tex 2020/01/08 v3.1.5b (3.1.5b)
)
(C:\Users\gjagush\Downloads\texstudio-2.12.10-win-portable-qt5\miktex\texmfs\in
stall\tex/generic/pgf/basiclayer\pgfcorepatterns.code.tex
File: pgfcorepatterns.code.tex 2020/01/08 v3.1.5b (3.1.5b)
)
(C:\Users\gjagush\Downloads\texstudio-2.12.10-win-portable-qt5\miktex\texmfs\in
stall\tex/generic/pgf/basiclayer\pgfcorerdf.code.tex
File: pgfcorerdf.code.tex 2020/01/08 v3.1.5b (3.1.5b)
)))
(C:\Users\gjagush\Downloads\texstudio-2.12.10-win-portable-qt5\miktex\texmfs\in
stall\tex/generic/pgf/modules\pgfmoduleshapes.code.tex
File: pgfmoduleshapes.code.tex 2020/01/08 v3.1.5b (3.1.5b)
\pgfnodeparttextbox=\box35
)
(C:\Users\gjagush\Downloads\texstudio-2.12.10-win-portable-qt5\miktex\texmfs\in
stall\tex/generic/pgf/modules\pgfmoduleplot.code.tex
File: pgfmoduleplot.code.tex 2020/01/08 v3.1.5b (3.1.5b)
)
(C:\Users\gjagush\Downloads\texstudio-2.12.10-win-portable-qt5\miktex\texmfs\in
stall\tex/latex/pgf/compatibility\pgfcomp-version-0-65.sty
Package: pgfcomp-version-0-65 2020/01/08 v3.1.5b (3.1.5b)
\pgf@nodesepstart=\dimen159
\pgf@nodesepend=\dimen160
)
(C:\Users\gjagush\Downloads\texstudio-2.12.10-win-portable-qt5\miktex\texmfs\in
stall\tex/latex/pgf/compatibility\pgfcomp-version-1-18.sty
Package: pgfcomp-version-1-18 2020/01/08 v3.1.5b (3.1.5b)
))
(C:\Users\gjagush\Downloads\texstudio-2.12.10-win-portable-qt5\miktex\texmfs\in
stall\tex/latex/pgf/utilities\pgffor.sty
(C:\Users\gjagush\Downloads\texstudio-2.12.10-win-portable-qt5\miktex\texmfs\in
stall\tex/latex/pgf/utilities\pgfkeys.sty
(C:\Users\gjagush\Downloads\texstudio-2.12.10-win-portable-qt5\miktex\texmfs\in
stall\tex/generic/pgf/utilities\pgfkeys.code.tex))
(C:\Users\gjagush\Downloads\texstudio-2.12.10-win-portable-qt5\miktex\texmfs\in
stall\tex/latex/pgf/math\pgfmath.sty
(C:\Users\gjagush\Downloads\texstudio-2.12.10-win-portable-qt5\miktex\texmfs\in
stall\tex/generic/pgf/math\pgfmath.code.tex))
(C:\Users\gjagush\Downloads\texstudio-2.12.10-win-portable-qt5\miktex\texmfs\in
stall\tex/generic/pgf/utilities\pgffor.code.tex
Package: pgffor 2020/01/08 v3.1.5b (3.1.5b)

(C:\Users\gjagush\Downloads\texstudio-2.12.10-win-portable-qt5\miktex\texmfs\in
stall\tex/generic/pgf/math\pgfmath.code.tex)
\pgffor@iter=\dimen161
\pgffor@skip=\dimen162
\pgffor@stack=\toks33
\pgffor@toks=\toks34
))
(C:\Users\gjagush\Downloads\texstudio-2.12.10-win-portable-qt5\miktex\texmfs\in
stall\tex/generic/pgf/frontendlayer/tikz\tikz.code.tex
Package: tikz 2020/01/08 v3.1.5b (3.1.5b)

(C:\Users\gjagush\Downloads\texstudio-2.12.10-win-portable-qt5\miktex\texmfs\in
stall\tex/generic/pgf/libraries\pgflibraryplothandlers.code.tex
File: pgflibraryplothandlers.code.tex 2020/01/08 v3.1.5b (3.1.5b)
\pgf@plot@mark@count=\count119
\pgfplotmarksize=\dimen163
)
\tikz@lastx=\dimen164
\tikz@lasty=\dimen165
\tikz@lastxsaved=\dimen166
\tikz@lastysaved=\dimen167
\tikz@lastmovetox=\dimen168
\tikz@lastmovetoy=\dimen169
\tikzleveldistance=\dimen170
\tikzsiblingdistance=\dimen171
\tikz@figbox=\box36
\tikz@figbox@bg=\box37
\tikz@tempbox=\box38
\tikz@tempbox@bg=\box39
\tikztreelevel=\count120
\tikznumberofchildren=\count121
\tikznumberofcurrentchild=\count122
\tikz@fig@count=\count123

(C:\Users\gjagush\Downloads\texstudio-2.12.10-win-portable-qt5\miktex\texmfs\in
stall\tex/generic/pgf/modules\pgfmodulematrix.code.tex
File: pgfmodulematrix.code.tex 2020/01/08 v3.1.5b (3.1.5b)
\pgfmatrixcurrentrow=\count124
\pgfmatrixcurrentcolumn=\count125
\pgf@matrix@numberofcolumns=\count126
)
\tikz@expandcount=\count127

(C:\Users\gjagush\Downloads\texstudio-2.12.10-win-portable-qt5\miktex\texmfs\in
stall\tex/generic/pgf/frontendlayer/tikz/libraries\tikzlibrarytopaths.code.tex
File: tikzlibrarytopaths.code.tex 2020/01/08 v3.1.5b (3.1.5b)
)))
(C:\Users\gjagush\Downloads\texstudio-2.12.10-win-portable-qt5\miktex\texmfs\in
stall\tex/latex/everypage\everypage.sty
Package: everypage 2007/06/20 1.1 Hooks to run on every page
)
(C:\Users\gjagush\Downloads\texstudio-2.12.10-win-portable-qt5\miktex\texmfs\in
stall\tex/latex/tools\afterpage.sty
Package: afterpage 2014/10/28 v1.08 After-Page Package (DPC)
\AP@output=\toks35
\AP@partial=\box40
\AP@footins=\box41
))
(C:\Users\gjagush\Downloads\texstudio-2.12.10-win-portable-qt5\miktex\texmfs\in
stall\tex/latex/pgfornament\pgfornament.sty
(C:\Users\gjagush\Downloads\texstudio-2.12.10-win-portable-qt5\miktex\texmfs\in
stall\tex/latex/pgfopts\pgfopts.sty
Package: pgfopts 2014/07/10 v2.1a LaTeX package options with pgfkeys
\pgfopts@list@add@a@toks=\toks36
\pgfopts@list@add@b@toks=\toks37
)
Package: pgfornament 2016/03/05 v0.21 vector ornaments

(C:\Users\gjagush\Downloads\texstudio-2.12.10-win-portable-qt5\miktex\texmfs\in
stall\tex/latex/pgfornament\pgflibraryvectorian.code.tex)))
(C:\Users\gjagush\Downloads\texstudio-2.12.10-win-portable-qt5\miktex\texmfs\in
stall\tex/latex/tools\verbatim.sty
Package: verbatim 2019/11/10 v1.5r LaTeX2e package for verbatim enhancements
\every@verbatim=\toks38
\verbatim@line=\toks39
\verbatim@in@stream=\read2
)
\@input{80AAM_commands.aux}
\openout2 = `80AAM_commands.aux'.

(80AAM_commands.tex
\secheight=\dimen172
) (80AAM_title_external.aux (80AAM_title_fancy.aux))
\openout1 = `80AAM_title_external.aux'.

LaTeX Font Info:    Checking defaults for OML/cmm/m/it on input line 7.
LaTeX Font Info:    ... okay on input line 7.
LaTeX Font Info:    Checking defaults for T1/cmr/m/n on input line 7.
LaTeX Font Info:    ... okay on input line 7.
LaTeX Font Info:    Checking defaults for OT1/cmr/m/n on input line 7.
LaTeX Font Info:    ... okay on input line 7.
LaTeX Font Info:    Checking defaults for OMS/cmsy/m/n on input line 7.
LaTeX Font Info:    ... okay on input line 7.
LaTeX Font Info:    Checking defaults for TU/lmr/m/n on input line 7.
LaTeX Font Info:    ... okay on input line 7.
LaTeX Font Info:    Checking defaults for OMX/cmex/m/n on input line 7.
LaTeX Font Info:    ... okay on input line 7.
LaTeX Font Info:    Checking defaults for U/cmr/m/n on input line 7.
LaTeX Font Info:    ... okay on input line 7.

*geometry* detected driver: pdftex
*geometry* verbose mode - [ preamble ] result:
* driver: pdftex
* paper: custom
* layout: <same size as paper>
* layoutoffset:(h,v)=(0.0pt,0.0pt)
* modes: twoside 
* h-part:(L,W,R)=(72.26999pt, 289.08002pt, 72.26999pt)
* v-part:(T,H,B)=(72.26999pt, 505.89001pt, 72.26999pt)
* \paperwidth=433.62pt
* \paperheight=650.43pt
* \textwidth=289.08002pt
* \textheight=505.89001pt
* \oddsidemargin=0.0pt
* \evensidemargin=0.0pt
* \topmargin=-31.8738pt
* \headheight=12.0pt
* \headsep=19.8738pt
* \topskip=11.0pt
* \footskip=27.46295pt
* \marginparwidth=116.0pt
* \marginparsep=7.0pt
* \columnsep=10.0pt
* \skip\footins=10.0pt plus 4.0pt minus 2.0pt
* \hoffset=0.0pt
* \voffset=0.0pt
* \mag=1000
* \@twocolumnfalse
* \@twosidetrue
* \@mparswitchtrue
* \@reversemarginfalse
* (1in=72.27pt=25.4mm, 1cm=28.453pt)

ABD: EveryShipout initializing macros
\openout2 = `80AAM_title_fancy.aux'.

 (80AAM_title_fancy.tex
*geometry* verbose mode - [ newgeometry ] result:
* driver: pdftex
* paper: custom
* layout: <same size as paper>
* layoutoffset:(h,v)=(0.0pt,0.0pt)
* modes: twoside 
* h-part:(L,W,R)=(28.90755pt, 375.8049pt, 28.90755pt)
* v-part:(T,H,B)=(28.90755pt, 592.6149pt, 28.90755pt)
* \paperwidth=433.62pt
* \paperheight=650.43pt
* \textwidth=375.8049pt
* \textheight=592.6149pt
* \oddsidemargin=-43.36244pt
* \evensidemargin=-43.36244pt
* \topmargin=-75.23624pt
* \headheight=12.0pt
* \headsep=19.8738pt
* \topskip=11.0pt
* \footskip=27.46295pt
* \marginparwidth=116.0pt
* \marginparsep=7.0pt
* \columnsep=10.0pt
* \skip\footins=10.0pt plus 4.0pt minus 2.0pt
* \hoffset=0.0pt
* \voffset=0.0pt
* \mag=1000
* \@twocolumnfalse
* \@twosidetrue
* \@mparswitchtrue
* \@reversemarginfalse
* (1in=72.27pt=25.4mm, 1cm=28.453pt)

File: pantacle.pdf Graphic file (type pdf)
<use pantacle.pdf>
 [1








])
(80AAM_title_external.aux (80AAM_title_fancy.aux)) ) 
Here is how much of TeX's memory you used:
 13798 strings out of 427233
 265830 string characters out of 3134236
 324061 words of memory out of 3000000
 18046 multiletter control sequences out of 15000+200000
 3672 words of font info for 18 fonts, out of 3000000 for 9000
 1348 hyphenation exceptions out of 8191
 73i,6n,69p,850b,731s stack positions out of 5000i,500n,10000p,200000b,50000s

Output written on 80AAM_title_external.pdf (1 page).
